#
# There is insufficient memory for the Java Runtime Environment to continue.
# Native memory allocation (malloc) failed to allocate 243056 bytes for Chunk::new
# Possible reasons:
#   The system is out of physical RAM or swap space
#   In 32 bit mode, the process size limit was hit
# Possible solutions:
#   Reduce memory load on the system
#   Increase physical memory or swap space
#   Check if swap backing store is full
#   Use 64 bit Java on a 64 bit OS
#   Decrease Java heap size (-Xmx/-Xms)
#   Decrease number of Java threads
#   Decrease Java thread stack sizes (-Xss)
#   Set larger code cache with -XX:ReservedCodeCacheSize=
# This output file may be truncated or incomplete.
#
#  Out of Memory Error (allocation.cpp:323), pid=2984, tid=6648
#
# JRE version: Java(TM) SE Runtime Environment (7.0_79-b15) (build 1.7.0_79-b15)
# Java VM: Java HotSpot(TM) 64-Bit Server VM (24.79-b02 mixed mode windows-amd64 compressed oops)
# Failed to write core dump. Minidumps are not enabled by default on client versions of Windows
#

---------------  T H R E A D  ---------------

Current thread (0x0000000002195000):  JavaThread "C2 CompilerThread0" daemon [_thread_in_native, id=6648, stack(0x000000000aa70000,0x000000000ab70000)]

Stack: [0x000000000aa70000,0x000000000ab70000]
[error occurred during error reporting (printing stack bounds), id 0xc0000005]


Current CompileTask:
C2:  16458  637             sun.security.provider.SHA::implCompress (491 bytes)


---------------  P R O C E S S  ---------------

Java Threads: ( => current thread )
  0x0000000002197800 JavaThread "Service Thread" daemon [_thread_blocked, id=4136, stack(0x000000000ac70000,0x000000000ad70000)]
  0x0000000002196800 JavaThread "C2 CompilerThread1" daemon [_thread_blocked, id=7256, stack(0x000000000ab70000,0x000000000ac70000)]
=>0x0000000002195000 JavaThread "C2 CompilerThread0" daemon [_thread_in_native, id=6648, stack(0x000000000aa70000,0x000000000ab70000)]
  0x0000000002194800 JavaThread "Attach Listener" daemon [_thread_blocked, id=1860, stack(0x000000000a970000,0x000000000aa70000)]
  0x000000000a491000 JavaThread "Signal Dispatcher" daemon [_thread_blocked, id=7016, stack(0x000000000a870000,0x000000000a970000)]
  0x00000000084a1000 JavaThread "Finalizer" daemon [_thread_blocked, id=4748, stack(0x000000000a370000,0x000000000a470000)]
  0x000000000849a800 JavaThread "Reference Handler" daemon [_thread_blocked, id=3372, stack(0x000000000a270000,0x000000000a370000)]
  0x00000000020a0800 JavaThread "main" [_thread_in_Java, id=8132, stack(0x0000000001fa0000,0x00000000020a0000)]

Other Threads:
  0x0000000008495800 VMThread [stack: 0x000000000a170000,0x000000000a270000] [id=3112]
  0x000000000219e000 WatcherThread [stack: 0x000000000ad70000,0x000000000ae70000] [id=6060]

VM state:not at safepoint (normal execution)

VM Mutex/Monitor currently owned by a thread: None

Heap
 PSYoungGen      total 38912K, used 28688K [0x00000000eaa80000, 0x00000000ef680000, 0x0000000100000000)
  eden space 33792K, 69% used [0x00000000eaa80000,0x00000000ec1882b0,0x00000000ecb80000)
  from space 5120K, 99% used [0x00000000ecb80000,0x00000000ed07c028,0x00000000ed080000)
  to   space 5120K, 0% used [0x00000000ef180000,0x00000000ef180000,0x00000000ef680000)
 ParOldGen       total 87040K, used 10216K [0x00000000c0000000, 0x00000000c5500000, 0x00000000eaa80000)
  object space 87040K, 11% used [0x00000000c0000000,0x00000000c09fa0a8,0x00000000c5500000)
 PSPermGen       total 21504K, used 6462K [0x00000000bae00000, 0x00000000bc300000, 0x00000000c0000000)
  object space 21504K, 30% used [0x00000000bae00000,0x00000000bb44f978,0x00000000bc300000)

Card table byte_map: [0x0000000005260000,0x0000000005490000] byte_map_base: 0x0000000004c89000

Polling page: 0x0000000000380000

Code Cache  [0x00000000021a0000, 0x0000000002410000, 0x00000000051a0000)
 total_blobs=867 nmethods=626 adapters=194 free_code_cache=46941Kb largest_free_block=48028736

Compilation events (10 events):
Event: 16.318 Thread 0x0000000002196800 nmethod 632 0x000000000231ccd0 code [0x000000000231ce00, 0x000000000231ce58]
Event: 16.319 Thread 0x0000000002195000  633             com.android.dx.dex.code.FixedSizeInsn::writeTo (13 bytes)
Event: 16.319 Thread 0x0000000002196800  634             com.android.dx.dex.code.InsnFormat::opcodeUnit (54 bytes)
Event: 16.320 Thread 0x0000000002195000 nmethod 633 0x0000000002316d50 code [0x0000000002316ea0, 0x0000000002316f38]
Event: 16.320 Thread 0x0000000002196800 nmethod 634 0x0000000002316a90 code [0x0000000002316bc0, 0x0000000002316c58]
Event: 16.400 Thread 0x0000000002195000  635             java.util.Properties$LineReader::readLine (452 bytes)
Event: 16.421 Thread 0x0000000002196800  636             java.util.HashMap::put (142 bytes)
Event: 16.426 Thread 0x0000000002195000 nmethod 635 0x0000000002313a90 code [0x0000000002313c20, 0x0000000002314448]
Event: 16.435 Thread 0x0000000002195000  637             sun.security.provider.SHA::implCompress (491 bytes)
Event: 16.442 Thread 0x0000000002196800 nmethod 636 0x000000000231a690 code [0x000000000231a8a0, 0x000000000231af70]

GC Heap History (6 events):
Event: 4.298 GC heap before
{Heap before GC invocations=1 (full 0):
 PSYoungGen      total 38912K, used 33792K [0x00000000eaa80000, 0x00000000ed580000, 0x0000000100000000)
  eden space 33792K, 100% used [0x00000000eaa80000,0x00000000ecb80000,0x00000000ecb80000)
  from space 5120K, 0% used [0x00000000ed080000,0x00000000ed080000,0x00000000ed580000)
  to   space 5120K, 0% used [0x00000000ecb80000,0x00000000ecb80000,0x00000000ed080000)
 ParOldGen       total 87040K, used 0K [0x00000000c0000000, 0x00000000c5500000, 0x00000000eaa80000)
  object space 87040K, 0% used [0x00000000c0000000,0x00000000c0000000,0x00000000c5500000)
 PSPermGen       total 21504K, used 5771K [0x00000000bae00000, 0x00000000bc300000, 0x00000000c0000000)
  object space 21504K, 26% used [0x00000000bae00000,0x00000000bb3a2c68,0x00000000bc300000)
Event: 4.647 GC heap after
Heap after GC invocations=1 (full 0):
 PSYoungGen      total 38912K, used 5088K [0x00000000eaa80000, 0x00000000ed580000, 0x0000000100000000)
  eden space 33792K, 0% used [0x00000000eaa80000,0x00000000eaa80000,0x00000000ecb80000)
  from space 5120K, 99% used [0x00000000ecb80000,0x00000000ed078078,0x00000000ed080000)
  to   space 5120K, 0% used [0x00000000ed080000,0x00000000ed080000,0x00000000ed580000)
 ParOldGen       total 87040K, used 644K [0x00000000c0000000, 0x00000000c5500000, 0x00000000eaa80000)
  object space 87040K, 0% used [0x00000000c0000000,0x00000000c00a12b8,0x00000000c5500000)
 PSPermGen       total 21504K, used 5771K [0x00000000bae00000, 0x00000000bc300000, 0x00000000c0000000)
  object space 21504K, 26% used [0x00000000bae00000,0x00000000bb3a2c68,0x00000000bc300000)
}
Event: 7.196 GC heap before
{Heap before GC invocations=2 (full 0):
 PSYoungGen      total 38912K, used 38880K [0x00000000eaa80000, 0x00000000ed580000, 0x0000000100000000)
  eden space 33792K, 100% used [0x00000000eaa80000,0x00000000ecb80000,0x00000000ecb80000)
  from space 5120K, 99% used [0x00000000ecb80000,0x00000000ed078078,0x00000000ed080000)
  to   space 5120K, 0% used [0x00000000ed080000,0x00000000ed080000,0x00000000ed580000)
 ParOldGen       total 87040K, used 644K [0x00000000c0000000, 0x00000000c5500000, 0x00000000eaa80000)
  object space 87040K, 0% used [0x00000000c0000000,0x00000000c00a12b8,0x00000000c5500000)
 PSPermGen       total 21504K, used 5913K [0x00000000bae00000, 0x00000000bc300000, 0x00000000c0000000)
  object space 21504K, 27% used [0x00000000bae00000,0x00000000bb3c6548,0x00000000bc300000)
Event: 7.375 GC heap after
Heap after GC invocations=2 (full 0):
 PSYoungGen      total 38912K, used 5111K [0x00000000eaa80000, 0x00000000ef680000, 0x0000000100000000)
  eden space 33792K, 0% used [0x00000000eaa80000,0x00000000eaa80000,0x00000000ecb80000)
  from space 5120K, 99% used [0x00000000ed080000,0x00000000ed57dc88,0x00000000ed580000)
  to   space 5120K, 0% used [0x00000000ecb80000,0x00000000ecb80000,0x00000000ed080000)
 ParOldGen       total 87040K, used 4829K [0x00000000c0000000, 0x00000000c5500000, 0x00000000eaa80000)
  object space 87040K, 5% used [0x00000000c0000000,0x00000000c04b7760,0x00000000c5500000)
 PSPermGen       total 21504K, used 5913K [0x00000000bae00000, 0x00000000bc300000, 0x00000000c0000000)
  object space 21504K, 27% used [0x00000000bae00000,0x00000000bb3c6548,0x00000000bc300000)
}
Event: 8.322 GC heap before
{Heap before GC invocations=3 (full 0):
 PSYoungGen      total 38912K, used 38903K [0x00000000eaa80000, 0x00000000ef680000, 0x0000000100000000)
  eden space 33792K, 100% used [0x00000000eaa80000,0x00000000ecb80000,0x00000000ecb80000)
  from space 5120K, 99% used [0x00000000ed080000,0x00000000ed57dc88,0x00000000ed580000)
  to   space 5120K, 0% used [0x00000000ecb80000,0x00000000ecb80000,0x00000000ed080000)
 ParOldGen       total 87040K, used 4829K [0x00000000c0000000, 0x00000000c5500000, 0x00000000eaa80000)
  object space 87040K, 5% used [0x00000000c0000000,0x00000000c04b7760,0x00000000c5500000)
 PSPermGen       total 21504K, used 5957K [0x00000000bae00000, 0x00000000bc300000, 0x00000000c0000000)
  object space 21504K, 27% used [0x00000000bae00000,0x00000000bb3d1520,0x00000000bc300000)
Event: 9.049 GC heap after
Heap after GC invocations=3 (full 0):
 PSYoungGen      total 38912K, used 5104K [0x00000000eaa80000, 0x00000000ef680000, 0x0000000100000000)
  eden space 33792K, 0% used [0x00000000eaa80000,0x00000000eaa80000,0x00000000ecb80000)
  from space 5120K, 99% used [0x00000000ecb80000,0x00000000ed07c028,0x00000000ed080000)
  to   space 5120K, 0% used [0x00000000ef180000,0x00000000ef180000,0x00000000ef680000)
 ParOldGen       total 87040K, used 10216K [0x00000000c0000000, 0x00000000c5500000, 0x00000000eaa80000)
  object space 87040K, 11% used [0x00000000c0000000,0x00000000c09fa0a8,0x00000000c5500000)
 PSPermGen       total 21504K, used 5957K [0x00000000bae00000, 0x00000000bc300000, 0x00000000c0000000)
  object space 21504K, 27% used [0x00000000bae00000,0x00000000bb3d1520,0x00000000bc300000)
}

Deoptimization events (10 events):
Event: 14.380 Thread 0x00000000020a0800 Uncommon trap: reason=class_check action=maybe_recompile pc=0x000000000226ac3c method=com.android.dx.dex.code.OutputFinisher.calculateReservedCount([Lcom/android/dx/dex/code/Dop;)I @ 72
Event: 16.414 Thread 0x00000000020a0800 Uncommon trap: reason=unreached action=reinterpret pc=0x0000000002240ca4 method=java.util.Arrays.copyOf([Ljava/lang/Object;ILjava/lang/Class;)[Ljava/lang/Object; @ 4
Event: 16.417 Thread 0x00000000020a0800 Uncommon trap: reason=class_check action=maybe_recompile pc=0x00000000022746a0 method=java.util.HashMap.<init>(IF)V @ 115
Event: 16.417 Thread 0x00000000020a0800 Uncommon trap: reason=class_check action=maybe_recompile pc=0x000000000237c59c method=java.util.HashMap.put(Ljava/lang/Object;Ljava/lang/Object;)Ljava/lang/Object; @ 137
Event: 16.417 Thread 0x00000000020a0800 Uncommon trap: reason=class_check action=maybe_recompile pc=0x000000000239e004 method=java.util.HashMap.addEntry(ILjava/lang/Object;Ljava/lang/Object;I)V @ 65
Event: 16.417 Thread 0x00000000020a0800 Uncommon trap: reason=class_check action=maybe_recompile pc=0x000000000237c59c method=java.util.HashMap.put(Ljava/lang/Object;Ljava/lang/Object;)Ljava/lang/Object; @ 137
Event: 16.417 Thread 0x00000000020a0800 Uncommon trap: reason=class_check action=maybe_recompile pc=0x000000000239e004 method=java.util.HashMap.addEntry(ILjava/lang/Object;Ljava/lang/Object;I)V @ 65
Event: 16.418 Thread 0x00000000020a0800 Uncommon trap: reason=class_check action=maybe_recompile pc=0x000000000239e004 method=java.util.HashMap.addEntry(ILjava/lang/Object;Ljava/lang/Object;I)V @ 65
Event: 16.418 Thread 0x00000000020a0800 Uncommon trap: reason=class_check action=maybe_recompile pc=0x000000000239e004 method=java.util.HashMap.addEntry(ILjava/lang/Object;Ljava/lang/Object;I)V @ 65
Event: 16.419 Thread 0x00000000020a0800 Uncommon trap: reason=class_check action=maybe_recompile pc=0x00000000022746a0 method=java.util.HashMap.<init>(IF)V @ 115

Internal exceptions (10 events):
Event: 13.425 Thread 0x00000000020a0800 Threw 0x00000000ebb2ce30 at C:\re\jdk7u79\2331\hotspot\src\share\vm\prims\jvm.cpp:1304
Event: 13.428 Thread 0x00000000020a0800 Threw 0x00000000ebb2fe68 at C:\re\jdk7u79\2331\hotspot\src\share\vm\prims\jvm.cpp:1304
Event: 13.592 Thread 0x00000000020a0800 Threw 0x00000000ebb596f8 at C:\re\jdk7u79\2331\hotspot\src\share\vm\prims\jvm.cpp:1304
Event: 14.874 Thread 0x00000000020a0800 Threw 0x00000000ebdf1a18 at C:\re\jdk7u79\2331\hotspot\src\share\vm\prims\jvm.cpp:1304
Event: 14.877 Thread 0x00000000020a0800 Threw 0x00000000ebdfd598 at C:\re\jdk7u79\2331\hotspot\src\share\vm\prims\jvm.cpp:1304
Event: 14.877 Thread 0x00000000020a0800 Threw 0x00000000ebe00120 at C:\re\jdk7u79\2331\hotspot\src\share\vm\prims\jvm.cpp:1304
Event: 15.542 Thread 0x00000000020a0800 Threw 0x00000000ec0607c0 at C:\re\jdk7u79\2331\hotspot\src\share\vm\prims\jvm.cpp:1304
Event: 15.765 Thread 0x00000000020a0800 Threw 0x00000000ec116378 at C:\re\jdk7u79\2331\hotspot\src\share\vm\prims\jvm.cpp:1304
Event: 15.778 Thread 0x00000000020a0800 Threw 0x00000000ec11c510 at C:\re\jdk7u79\2331\hotspot\src\share\vm\prims\jvm.cpp:1304
Event: 16.387 Thread 0x00000000020a0800 Threw 0x00000000ec121f90 at C:\re\jdk7u79\2331\hotspot\src\share\vm\prims\jvm.cpp:1304

Events (10 events):
Event: 16.426 loading class 0x000000000c710820
Event: 16.426 loading class 0x000000000a584220
Event: 16.426 loading class 0x000000000a584220 done
Event: 16.426 loading class 0x000000000c710820 done
Event: 16.427 loading class 0x000000000a739d40
Event: 16.427 loading class 0x000000000a739d40 done
Event: 16.427 loading class 0x000000000a738f10
Event: 16.427 loading class 0x000000000a738f10 done
Event: 16.427 loading class 0x000000000a5841f0
Event: 16.427 loading class 0x000000000a5841f0 done


Dynamic libraries:
0x00007ff692330000 - 0x00007ff692363000 	C:\Program Files\Java\jdk1.7.0_79\bin\java.exe
0x00007ffd07760000 - 0x00007ffd07921000 	C:\WINDOWS\SYSTEM32\ntdll.dll
0x00007ffd06d50000 - 0x00007ffd06dfd000 	C:\WINDOWS\system32\KERNEL32.DLL
0x00007ffd04c50000 - 0x00007ffd04e2d000 	C:\WINDOWS\system32\KERNELBASE.dll
0x00007ffd06af0000 - 0x00007ffd06b96000 	C:\WINDOWS\system32\ADVAPI32.dll
0x00007ffd05160000 - 0x00007ffd051fd000 	C:\WINDOWS\system32\msvcrt.dll
0x00007ffd04e90000 - 0x00007ffd04eeb000 	C:\WINDOWS\system32\sechost.dll
0x00007ffd06fd0000 - 0x00007ffd070f6000 	C:\WINDOWS\system32\RPCRT4.dll
0x00007ffd07530000 - 0x00007ffd0767e000 	C:\WINDOWS\system32\USER32.dll
0x00007ffd04fd0000 - 0x00007ffd05156000 	C:\WINDOWS\system32\GDI32.dll
0x00007ffd002a0000 - 0x00007ffd00514000 	C:\WINDOWS\WinSxS\amd64_microsoft.windows.common-controls_6595b64144ccf1df_6.0.10240.16384_none_f41f7b285750ef43\COMCTL32.dll
0x00007ffd074f0000 - 0x00007ffd07526000 	C:\WINDOWS\system32\IMM32.DLL
0x00007ffd07380000 - 0x00007ffd074dc000 	C:\WINDOWS\system32\MSCTF.dll
0x000000005de70000 - 0x000000005df42000 	C:\Program Files\Java\jdk1.7.0_79\jre\bin\msvcr100.dll
0x000000005df50000 - 0x000000005e725000 	C:\Program Files\Java\jdk1.7.0_79\jre\bin\server\jvm.dll
0x00007ffd074e0000 - 0x00007ffd074e8000 	C:\WINDOWS\system32\PSAPI.DLL
0x00007ffcfffd0000 - 0x00007ffcfffd9000 	C:\WINDOWS\SYSTEM32\WSOCK32.dll
0x00007ffd04ef0000 - 0x00007ffd04f59000 	C:\WINDOWS\system32\WS2_32.dll
0x00007ffd04f60000 - 0x00007ffd04f68000 	C:\WINDOWS\system32\NSI.dll
0x00007ffd025e0000 - 0x00007ffd02603000 	C:\WINDOWS\SYSTEM32\WINMM.dll
0x00007ffd024a0000 - 0x00007ffd024cc000 	C:\WINDOWS\SYSTEM32\WINMMBASE.dll
0x00007ffd04340000 - 0x00007ffd04384000 	C:\WINDOWS\system32\cfgmgr32.dll
0x00007ffd02b00000 - 0x00007ffd02b27000 	C:\WINDOWS\SYSTEM32\DEVOBJ.dll
0x000000005e860000 - 0x000000005e86f000 	C:\Program Files\Java\jdk1.7.0_79\jre\bin\verify.dll
0x000000005de40000 - 0x000000005de68000 	C:\Program Files\Java\jdk1.7.0_79\jre\bin\java.dll
0x000000005de20000 - 0x000000005de35000 	C:\Program Files\Java\jdk1.7.0_79\jre\bin\zip.dll
0x000000005de00000 - 0x000000005de1a000 	C:\Program Files\Java\jdk1.7.0_79\jre\bin\net.dll
0x00007ffd03a00000 - 0x00007ffd03a5d000 	C:\WINDOWS\system32\mswsock.dll
0x000000005dde0000 - 0x000000005ddf1000 	C:\Program Files\Java\jdk1.7.0_79\jre\bin\nio.dll

VM Arguments:
jvm_args: -Djava.awt.headless=true -Xmx1024M -Dfile.encoding=windows-1252 -Duser.country=IT -Duser.language=it -Duser.variant 
java_command: com.android.dx.command.Main --dex --num-threads=4 --output C:\Users\admin\Desktop\android\FitUnionParse\app\build\intermediates\pre-dexed\debug\internal_impl-23.2.0_44f838e82c6fa4d11848520f0abf95a1d4763c34.jar C:\Users\admin\Desktop\android\FitUnionParse\app\build\intermediates\exploded-aar\com.android.support\support-v4\23.2.0\jars\libs\internal_impl-23.2.0.jar
Launcher Type: SUN_STANDARD

Environment Variables:
PATH=C:\Program Files (x86)\NVIDIA Corporation\PhysX\Common;C:\WINDOWS\system32;C:\WINDOWS;C:\WINDOWS\System32\Wbem;C:\WINDOWS\System32\WindowsPowerShell\v1.0\;C:\Program Files (x86)\Java\jre7\bin;C:\Program Files (x86)\Skype\Phone\;c:\Program Files (x86)\Java\jdk1.7.0_79\bin;c:\Program Files\Java\jdk1.7.0_79
USERNAME=admin
OS=Windows_NT
PROCESSOR_IDENTIFIER=Intel64 Family 6 Model 30 Stepping 5, GenuineIntel



---------------  S Y S T E M  ---------------

OS: Windows 8.1 , 64 bit Build 9600 

CPU:total 8 (4 cores per cpu, 2 threads per core) family 6 model 30 stepping 5, cmov, cx8, fxsr, mmx, sse, sse2, sse3, ssse3, sse4.1, sse4.2, popcnt, ht, tsc, tscinvbit

Memory: 4k page, physical 8379256k(2999008k free), swap 8379256k(4188k free)

vm_info: Java HotSpot(TM) 64-Bit Server VM (24.79-b02) for windows-amd64 JRE (1.7.0_79-b15), built on Apr 10 2015 12:36:16 by "java_re" with unknown MS VC++:1600

time: Sun Mar 06 01:15:38 2016
elapsed time: 16 seconds

