#
# There is insufficient memory for the Java Runtime Environment to continue.
# Native memory allocation (malloc) failed to allocate 421376 bytes for Chunk::new
# Possible reasons:
#   The system is out of physical RAM or swap space
#   In 32 bit mode, the process size limit was hit
# Possible solutions:
#   Reduce memory load on the system
#   Increase physical memory or swap space
#   Check if swap backing store is full
#   Use 64 bit Java on a 64 bit OS
#   Decrease Java heap size (-Xmx/-Xms)
#   Decrease number of Java threads
#   Decrease Java thread stack sizes (-Xss)
#   Set larger code cache with -XX:ReservedCodeCacheSize=
# This output file may be truncated or incomplete.
#
#  Out of Memory Error (allocation.cpp:323), pid=5432, tid=7136
#
# JRE version: Java(TM) SE Runtime Environment (7.0_79-b15) (build 1.7.0_79-b15)
# Java VM: Java HotSpot(TM) 64-Bit Server VM (24.79-b02 mixed mode windows-amd64 compressed oops)
# Failed to write core dump. Minidumps are not enabled by default on client versions of Windows
#

---------------  T H R E A D  ---------------

Current thread (0x000000000af61000):  JavaThread "C2 CompilerThread0" daemon [_thread_in_native, id=7136, stack(0x000000000b540000,0x000000000b640000)]

Stack: [0x000000000b540000,0x000000000b640000]
[error occurred during error reporting (printing stack bounds), id 0xc0000005]


Current CompileTask:
C2:   5030  255             com.android.dx.ssa.SCCP::simulateStmt (481 bytes)


---------------  P R O C E S S  ---------------

Java Threads: ( => current thread )
  0x000000000b11b800 JavaThread "pool-1-thread-4" [_thread_blocked, id=5960, stack(0x000000000bd40000,0x000000000be40000)]
  0x000000000b182000 JavaThread "pool-1-thread-3" [_thread_blocked, id=7056, stack(0x000000000bc40000,0x000000000bd40000)]
  0x000000000b181000 JavaThread "pool-1-thread-2" [_thread_blocked, id=5556, stack(0x000000000bb40000,0x000000000bc40000)]
  0x000000000b264000 JavaThread "pool-2-thread-1" [_thread_blocked, id=5396, stack(0x000000000ba40000,0x000000000bb40000)]
  0x000000000b269000 JavaThread "pool-1-thread-1" [_thread_in_Java, id=6664, stack(0x000000000b940000,0x000000000ba40000)]
  0x0000000002d39800 JavaThread "Service Thread" daemon [_thread_blocked, id=7284, stack(0x000000000b740000,0x000000000b840000)]
  0x0000000002d2f000 JavaThread "C2 CompilerThread1" daemon [_thread_in_native, id=7608, stack(0x000000000b640000,0x000000000b740000)]
=>0x000000000af61000 JavaThread "C2 CompilerThread0" daemon [_thread_in_native, id=7136, stack(0x000000000b540000,0x000000000b640000)]
  0x0000000002d2d800 JavaThread "Attach Listener" daemon [_thread_blocked, id=224, stack(0x000000000b440000,0x000000000b540000)]
  0x000000000af60800 JavaThread "Signal Dispatcher" daemon [_thread_blocked, id=3168, stack(0x000000000b340000,0x000000000b440000)]
  0x0000000008f7b000 JavaThread "Finalizer" daemon [_thread_blocked, id=3308, stack(0x000000000ae40000,0x000000000af40000)]
  0x0000000008f7a000 JavaThread "Reference Handler" daemon [_thread_blocked, id=2072, stack(0x000000000ad40000,0x000000000ae40000)]
  0x0000000002c40800 JavaThread "main" [_thread_in_Java, id=4544, stack(0x0000000002b40000,0x0000000002c40000)]

Other Threads:
  0x0000000008f75800 VMThread [stack: 0x000000000ac40000,0x000000000ad40000] [id=6684]
  0x0000000002d3e000 WatcherThread [stack: 0x000000000b840000,0x000000000b940000] [id=6564]

VM state:not at safepoint (normal execution)

VM Mutex/Monitor currently owned by a thread: None

Heap
 PSYoungGen      total 38912K, used 9408K [0x00000000eaa80000, 0x00000000ed580000, 0x0000000100000000)
  eden space 33792K, 12% used [0x00000000eaa80000,0x00000000eaeb6ea8,0x00000000ecb80000)
  from space 5120K, 99% used [0x00000000ecb80000,0x00000000ed0792e0,0x00000000ed080000)
  to   space 5120K, 0% used [0x00000000ed080000,0x00000000ed080000,0x00000000ed580000)
 ParOldGen       total 87040K, used 1309K [0x00000000c0000000, 0x00000000c5500000, 0x00000000eaa80000)
  object space 87040K, 1% used [0x00000000c0000000,0x00000000c0147488,0x00000000c5500000)
 PSPermGen       total 21504K, used 5825K [0x00000000bae00000, 0x00000000bc300000, 0x00000000c0000000)
  object space 21504K, 27% used [0x00000000bae00000,0x00000000bb3b0568,0x00000000bc300000)

Card table byte_map: [0x0000000005d40000,0x0000000005f70000] byte_map_base: 0x0000000005769000

Polling page: 0x0000000001120000

Code Cache  [0x0000000002d40000, 0x0000000002fb0000, 0x0000000005d40000)
 total_blobs=489 nmethods=253 adapters=189 free_code_cache=48145Kb largest_free_block=49253696

Compilation events (10 events):
Event: 4.773 Thread 0x0000000002d2f000 nmethod 250 0x0000000002e33ed0 code [0x0000000002e34020, 0x0000000002e34118]
Event: 4.773 Thread 0x0000000002d2f000  251             com.android.dx.util.FixedSizeList::hashCode (8 bytes)
Event: 4.777 Thread 0x0000000002d2f000 nmethod 251 0x0000000002e35690 code [0x0000000002e357e0, 0x0000000002e35938]
Event: 4.831 Thread 0x000000000af61000 nmethod 222 0x0000000002e3e350 code [0x0000000002e3e860, 0x0000000002e41e48]
Event: 4.965 Thread 0x0000000002d2f000  252             com.android.dx.ssa.DeadCodeRemover::isCircularNoSideEffect (140 bytes)
Event: 4.966 Thread 0x000000000af61000  253             com.android.dx.ssa.back.SsaToRop::convertInsns (53 bytes)
Event: 4.979 Thread 0x000000000af61000 nmethod 253 0x0000000002e34c50 code [0x0000000002e34dc0, 0x0000000002e35178]
Event: 4.979 Thread 0x000000000af61000  254             com.android.dx.rop.code.RegisterSpecSet::size (49 bytes)
Event: 4.984 Thread 0x000000000af61000 nmethod 254 0x0000000002e34950 code [0x0000000002e34a80, 0x0000000002e34bb8]
Event: 4.985 Thread 0x000000000af61000  255             com.android.dx.ssa.SCCP::simulateStmt (481 bytes)

GC Heap History (2 events):
Event: 4.303 GC heap before
{Heap before GC invocations=1 (full 0):
 PSYoungGen      total 38912K, used 33792K [0x00000000eaa80000, 0x00000000ed580000, 0x0000000100000000)
  eden space 33792K, 100% used [0x00000000eaa80000,0x00000000ecb80000,0x00000000ecb80000)
  from space 5120K, 0% used [0x00000000ed080000,0x00000000ed080000,0x00000000ed580000)
  to   space 5120K, 0% used [0x00000000ecb80000,0x00000000ecb80000,0x00000000ed080000)
 ParOldGen       total 87040K, used 0K [0x00000000c0000000, 0x00000000c5500000, 0x00000000eaa80000)
  object space 87040K, 0% used [0x00000000c0000000,0x00000000c0000000,0x00000000c5500000)
 PSPermGen       total 21504K, used 5815K [0x00000000bae00000, 0x00000000bc300000, 0x00000000c0000000)
  object space 21504K, 27% used [0x00000000bae00000,0x00000000bb3adec0,0x00000000bc300000)
Event: 4.563 GC heap after
Heap after GC invocations=1 (full 0):
 PSYoungGen      total 38912K, used 5092K [0x00000000eaa80000, 0x00000000ed580000, 0x0000000100000000)
  eden space 33792K, 0% used [0x00000000eaa80000,0x00000000eaa80000,0x00000000ecb80000)
  from space 5120K, 99% used [0x00000000ecb80000,0x00000000ed0792e0,0x00000000ed080000)
  to   space 5120K, 0% used [0x00000000ed080000,0x00000000ed080000,0x00000000ed580000)
 ParOldGen       total 87040K, used 1309K [0x00000000c0000000, 0x00000000c5500000, 0x00000000eaa80000)
  object space 87040K, 1% used [0x00000000c0000000,0x00000000c0147488,0x00000000c5500000)
 PSPermGen       total 21504K, used 5815K [0x00000000bae00000, 0x00000000bc300000, 0x00000000c0000000)
  object space 21504K, 27% used [0x00000000bae00000,0x00000000bb3adec0,0x00000000bc300000)
}

Deoptimization events (5 events):
Event: 2.462 Thread 0x000000000b182000 Uncommon trap: reason=null_check action=make_not_entrant pc=0x0000000002dd0070 method=com.android.dx.rop.code.LocalItem.equals(Ljava/lang/Object;)Z @ 1
Event: 2.482 Thread 0x000000000b182000 Uncommon trap: reason=class_check action=maybe_recompile pc=0x0000000002db7900 method=com.android.dx.ssa.NormalSsaInsn.accept(Lcom/android/dx/ssa/SsaInsn$Visitor;)V @ 9
Event: 2.628 Thread 0x000000000b182000 Uncommon trap: reason=class_check action=maybe_recompile pc=0x0000000002dd3b64 method=com.android.dx.ssa.NormalSsaInsn.accept(Lcom/android/dx/ssa/SsaInsn$Visitor;)V @ 9
Event: 2.635 Thread 0x000000000b182000 Uncommon trap: reason=class_check action=maybe_recompile pc=0x0000000002dd3b64 method=com.android.dx.ssa.NormalSsaInsn.accept(Lcom/android/dx/ssa/SsaInsn$Visitor;)V @ 9
Event: 2.641 Thread 0x000000000b182000 Uncommon trap: reason=class_check action=maybe_recompile pc=0x0000000002dd3b64 method=com.android.dx.ssa.NormalSsaInsn.accept(Lcom/android/dx/ssa/SsaInsn$Visitor;)V @ 9

Internal exceptions (10 events):
Event: 1.592 Thread 0x000000000b269000 Threw 0x00000000eb60e038 at C:\re\jdk7u79\2331\hotspot\src\share\vm\prims\jvm.cpp:1304
Event: 1.594 Thread 0x000000000b269000 Threw 0x00000000eb611ab0 at C:\re\jdk7u79\2331\hotspot\src\share\vm\prims\jvm.cpp:1304
Event: 1.601 Thread 0x000000000b269000 Threw 0x00000000eb61e388 at C:\re\jdk7u79\2331\hotspot\src\share\vm\prims\jvm.cpp:1304
Event: 1.602 Thread 0x000000000b269000 Threw 0x00000000eb624398 at C:\re\jdk7u79\2331\hotspot\src\share\vm\prims\jvm.cpp:1304
Event: 1.604 Thread 0x000000000b269000 Threw 0x00000000eb628a48 at C:\re\jdk7u79\2331\hotspot\src\share\vm\prims\jvm.cpp:1304
Event: 2.212 Thread 0x000000000b11b800 Threw 0x00000000ebc9dd00 at C:\re\jdk7u79\2331\hotspot\src\share\vm\prims\jvm.cpp:1304
Event: 2.462 Thread 0x000000000b182000 Implicit null exception at 0x0000000002dcfd03 to 0x0000000002dd0055
Event: 3.264 Thread 0x0000000002c40800 Threw 0x00000000eb9e9688 at C:\re\jdk7u79\2331\hotspot\src\share\vm\prims\jvm.cpp:1304
Event: 3.280 Thread 0x0000000002c40800 Threw 0x00000000ec40af88 at C:\re\jdk7u79\2331\hotspot\src\share\vm\prims\jvm.cpp:1304
Event: 3.778 Thread 0x000000000b11b800 Threw 0x00000000ec69f208 at C:\re\jdk7u79\2331\hotspot\src\share\vm\prims\jvm.cpp:1304

Events (10 events):
Event: 3.264 loading class 0x000000000af98650
Event: 3.264 loading class 0x000000000af98650 done
Event: 3.280 loading class 0x000000000afe0a60
Event: 3.280 loading class 0x000000000afe0a60 done
Event: 3.778 loading class 0x000000000b0654b0
Event: 3.778 loading class 0x000000000b0654b0 done
Event: 4.285 Executing VM operation: EnableBiasedLocking
Event: 4.285 Executing VM operation: EnableBiasedLocking done
Event: 4.302 Executing VM operation: ParallelGCFailedAllocation
Event: 4.563 Executing VM operation: ParallelGCFailedAllocation done


Dynamic libraries:
0x00007ff692330000 - 0x00007ff692363000 	C:\Program Files\Java\jdk1.7.0_79\bin\java.exe
0x00007ffd07760000 - 0x00007ffd07921000 	C:\WINDOWS\SYSTEM32\ntdll.dll
0x00007ffd06d50000 - 0x00007ffd06dfd000 	C:\WINDOWS\system32\KERNEL32.DLL
0x00007ffd04c50000 - 0x00007ffd04e2d000 	C:\WINDOWS\system32\KERNELBASE.dll
0x00007ffd06af0000 - 0x00007ffd06b96000 	C:\WINDOWS\system32\ADVAPI32.dll
0x00007ffd05160000 - 0x00007ffd051fd000 	C:\WINDOWS\system32\msvcrt.dll
0x00007ffd04e90000 - 0x00007ffd04eeb000 	C:\WINDOWS\system32\sechost.dll
0x00007ffd06fd0000 - 0x00007ffd070f6000 	C:\WINDOWS\system32\RPCRT4.dll
0x00007ffd07530000 - 0x00007ffd0767e000 	C:\WINDOWS\system32\USER32.dll
0x00007ffd04fd0000 - 0x00007ffd05156000 	C:\WINDOWS\system32\GDI32.dll
0x00007ffd002a0000 - 0x00007ffd00514000 	C:\WINDOWS\WinSxS\amd64_microsoft.windows.common-controls_6595b64144ccf1df_6.0.10240.16384_none_f41f7b285750ef43\COMCTL32.dll
0x00007ffd074f0000 - 0x00007ffd07526000 	C:\WINDOWS\system32\IMM32.DLL
0x00007ffd07380000 - 0x00007ffd074dc000 	C:\WINDOWS\system32\MSCTF.dll
0x000000005de70000 - 0x000000005df42000 	C:\Program Files\Java\jdk1.7.0_79\jre\bin\msvcr100.dll
0x000000005df50000 - 0x000000005e725000 	C:\Program Files\Java\jdk1.7.0_79\jre\bin\server\jvm.dll
0x00007ffd074e0000 - 0x00007ffd074e8000 	C:\WINDOWS\system32\PSAPI.DLL
0x00007ffcfffd0000 - 0x00007ffcfffd9000 	C:\WINDOWS\SYSTEM32\WSOCK32.dll
0x00007ffd04ef0000 - 0x00007ffd04f59000 	C:\WINDOWS\system32\WS2_32.dll
0x00007ffd04f60000 - 0x00007ffd04f68000 	C:\WINDOWS\system32\NSI.dll
0x00007ffd025e0000 - 0x00007ffd02603000 	C:\WINDOWS\SYSTEM32\WINMM.dll
0x00007ffd024a0000 - 0x00007ffd024cc000 	C:\WINDOWS\SYSTEM32\WINMMBASE.dll
0x00007ffd04340000 - 0x00007ffd04384000 	C:\WINDOWS\system32\cfgmgr32.dll
0x00007ffd02b00000 - 0x00007ffd02b27000 	C:\WINDOWS\SYSTEM32\DEVOBJ.dll
0x000000005e860000 - 0x000000005e86f000 	C:\Program Files\Java\jdk1.7.0_79\jre\bin\verify.dll
0x000000005de40000 - 0x000000005de68000 	C:\Program Files\Java\jdk1.7.0_79\jre\bin\java.dll
0x000000005de20000 - 0x000000005de35000 	C:\Program Files\Java\jdk1.7.0_79\jre\bin\zip.dll
0x000000005de00000 - 0x000000005de1a000 	C:\Program Files\Java\jdk1.7.0_79\jre\bin\net.dll
0x00007ffd03a00000 - 0x00007ffd03a5d000 	C:\WINDOWS\system32\mswsock.dll
0x000000005dde0000 - 0x000000005ddf1000 	C:\Program Files\Java\jdk1.7.0_79\jre\bin\nio.dll

VM Arguments:
jvm_args: -Djava.awt.headless=true -Xmx1024M -Dfile.encoding=windows-1252 -Duser.country=IT -Duser.language=it -Duser.variant 
java_command: com.android.dx.command.Main --dex --num-threads=4 --output C:\Users\admin\Desktop\android\FitUnionParse\app\build\intermediates\pre-dexed\debug\com.google.android.gms-play-services-wearable-8.4.0_c8e100972fbf14605b99b1d915afedf0b042e196.jar C:\Users\admin\Desktop\android\FitUnionParse\app\build\intermediates\exploded-aar\com.google.android.gms\play-services-wearable\8.4.0\jars\classes.jar
Launcher Type: SUN_STANDARD

Environment Variables:
PATH=C:\Program Files (x86)\NVIDIA Corporation\PhysX\Common;C:\WINDOWS\system32;C:\WINDOWS;C:\WINDOWS\System32\Wbem;C:\WINDOWS\System32\WindowsPowerShell\v1.0\;C:\Program Files (x86)\Java\jre7\bin;C:\Program Files (x86)\Skype\Phone\;c:\Program Files (x86)\Java\jdk1.7.0_79\bin;c:\Program Files\Java\jdk1.7.0_79
USERNAME=admin
OS=Windows_NT
PROCESSOR_IDENTIFIER=Intel64 Family 6 Model 30 Stepping 5, GenuineIntel



---------------  S Y S T E M  ---------------

OS: Windows 8.1 , 64 bit Build 9600 

CPU:total 8 (4 cores per cpu, 2 threads per core) family 6 model 30 stepping 5, cmov, cx8, fxsr, mmx, sse, sse2, sse3, ssse3, sse4.1, sse4.2, popcnt, ht, tsc, tscinvbit

Memory: 4k page, physical 8379256k(3034568k free), swap 8379256k(5296k free)

vm_info: Java HotSpot(TM) 64-Bit Server VM (24.79-b02) for windows-amd64 JRE (1.7.0_79-b15), built on Apr 10 2015 12:36:16 by "java_re" with unknown MS VC++:1600

time: Sun Mar 06 01:15:27 2016
elapsed time: 5 seconds

