#
# There is insufficient memory for the Java Runtime Environment to continue.
# Native memory allocation (malloc) failed to allocate 568176 bytes for Chunk::new
# Possible reasons:
#   The system is out of physical RAM or swap space
#   In 32 bit mode, the process size limit was hit
# Possible solutions:
#   Reduce memory load on the system
#   Increase physical memory or swap space
#   Check if swap backing store is full
#   Use 64 bit Java on a 64 bit OS
#   Decrease Java heap size (-Xmx/-Xms)
#   Decrease number of Java threads
#   Decrease Java thread stack sizes (-Xss)
#   Set larger code cache with -XX:ReservedCodeCacheSize=
# This output file may be truncated or incomplete.
#
#  Out of Memory Error (allocation.cpp:323), pid=6772, tid=4776
#
# JRE version: Java(TM) SE Runtime Environment (7.0_79-b15) (build 1.7.0_79-b15)
# Java VM: Java HotSpot(TM) 64-Bit Server VM (24.79-b02 mixed mode windows-amd64 compressed oops)
# Failed to write core dump. Minidumps are not enabled by default on client versions of Windows
#

---------------  T H R E A D  ---------------

Current thread (0x00000000029cf000):  JavaThread "C2 CompilerThread1" daemon [_thread_in_native, id=4776, stack(0x000000000b440000,0x000000000b540000)]

Stack: [0x000000000b440000,0x000000000b540000]
[error occurred during error reporting (printing stack bounds), id 0xc0000005]


[error occurred during error reporting (printing native stack), id 0xc0000005]


Current CompileTask:
C2:  28056  679             com.android.dx.ssa.SsaConverter::placePhiFunctions (394 bytes)


---------------  P R O C E S S  ---------------

Java Threads: ( => current thread )
  0x000000000af94000 JavaThread "pool-1-thread-4" [_thread_in_vm, id=6160, stack(0x000000000bb40000,0x000000000bc40000)]
  0x000000000ae70800 JavaThread "pool-1-thread-3" [_thread_blocked, id=2976, stack(0x000000000ba40000,0x000000000bb40000)]
  0x000000000ae70000 JavaThread "pool-1-thread-2" [_thread_in_Java, id=1216, stack(0x000000000b940000,0x000000000ba40000)]
  0x000000000ae6d800 JavaThread "pool-2-thread-1" [_thread_blocked, id=7500, stack(0x000000000b840000,0x000000000b940000)]
  0x000000000af41800 JavaThread "pool-1-thread-1" [_thread_in_Java, id=7304, stack(0x000000000b740000,0x000000000b840000)]
  0x00000000029dd000 JavaThread "Service Thread" daemon [_thread_blocked, id=860, stack(0x000000000b540000,0x000000000b640000)]
=>0x00000000029cf000 JavaThread "C2 CompilerThread1" daemon [_thread_in_native, id=4776, stack(0x000000000b440000,0x000000000b540000)]
  0x000000000ad61000 JavaThread "C2 CompilerThread0" daemon [_thread_in_native, id=3896, stack(0x000000000b340000,0x000000000b440000)]
  0x00000000029cd000 JavaThread "Attach Listener" daemon [_thread_blocked, id=3572, stack(0x000000000b240000,0x000000000b340000)]
  0x000000000ad60800 JavaThread "Signal Dispatcher" daemon [_thread_blocked, id=4556, stack(0x000000000b140000,0x000000000b240000)]
  0x0000000008d2b000 JavaThread "Finalizer" daemon [_thread_blocked, id=5728, stack(0x000000000ac40000,0x000000000ad40000)]
  0x0000000008d2a000 JavaThread "Reference Handler" daemon [_thread_blocked, id=4856, stack(0x000000000ab40000,0x000000000ac40000)]
  0x00000000028e0800 JavaThread "main" [_thread_in_Java, id=704, stack(0x00000000026e0000,0x00000000027e0000)]

Other Threads:
  0x0000000008d25800 VMThread [stack: 0x000000000aa40000,0x000000000ab40000] [id=6764]
  0x00000000029de800 WatcherThread [stack: 0x000000000b640000,0x000000000b740000] [id=5560]

VM state:not at safepoint (normal execution)

VM Mutex/Monitor currently owned by a thread: None

Heap
 PSYoungGen      total 262656K, used 100961K [0x00000000eaa80000, 0x0000000100000000, 0x0000000100000000)
  eden space 182784K, 11% used [0x00000000eaa80000,0x00000000ebf1b3b0,0x00000000f5d00000)
  from space 79872K, 99% used [0x00000000f6400000,0x00000000fb1fd220,0x00000000fb200000)
  to   space 79872K, 0% used [0x00000000fb200000,0x00000000fb200000,0x0000000100000000)
 ParOldGen       total 212992K, used 141700K [0x00000000c0000000, 0x00000000cd000000, 0x00000000eaa80000)
  object space 212992K, 66% used [0x00000000c0000000,0x00000000c8a61060,0x00000000cd000000)
 PSPermGen       total 21504K, used 6061K [0x00000000bae00000, 0x00000000bc300000, 0x00000000c0000000)
  object space 21504K, 28% used [0x00000000bae00000,0x00000000bb3eb5d0,0x00000000bc300000)

Card table byte_map: [0x0000000005aa0000,0x0000000005cd0000] byte_map_base: 0x00000000054c9000

Polling page: 0x0000000002680000

Code Cache  [0x00000000029e0000, 0x0000000002c90000, 0x00000000059e0000)
 total_blobs=903 nmethods=667 adapters=189 free_code_cache=46498Kb largest_free_block=47549312

Compilation events (10 events):
Event: 26.993 Thread 0x000000000ad61000 nmethod 676 0x0000000002c62b10 code [0x0000000002c62c80, 0x0000000002c631d8]
Event: 26.996 Thread 0x00000000029cf000 nmethod 677% 0x0000000002c61890 code [0x0000000002c61a60, 0x0000000002c62248]
Event: 27.001 Thread 0x000000000ad61000  678             com.android.dx.ssa.back.FirstFitLocalCombiningAllocator::getAlignment (32 bytes)
Event: 27.002 Thread 0x000000000ad61000 nmethod 678 0x0000000002b09b10 code [0x0000000002b09c40, 0x0000000002b09cb8]
Event: 27.989 Thread 0x00000000029cf000  679             com.android.dx.ssa.SsaConverter::placePhiFunctions (394 bytes)
Event: 27.992 Thread 0x000000000ad61000  680             com.android.dx.ssa.back.LivenessAnalyzer::constructInterferenceGraph (47 bytes)
Event: 28.012 Thread 0x000000000ad61000 nmethod 680 0x0000000002b659d0 code [0x0000000002b65b80, 0x0000000002b660e8]
Event: 28.026 Thread 0x000000000ad61000  681             java.util.zip.ZStreamRef::address (5 bytes)
Event: 28.026 Thread 0x000000000ad61000 nmethod 681 0x0000000002b92850 code [0x0000000002b92980, 0x0000000002b929d8]
Event: 28.028 Thread 0x000000000ad61000  682             com.android.dx.ssa.InterferenceRegisterMapper::addInterfence (62 bytes)

GC Heap History (10 events):
Event: 18.075 GC heap before
{Heap before GC invocations=7 (full 0):
 PSYoungGen      total 145408K, used 145382K [0x00000000eaa80000, 0x00000000f6080000, 0x0000000100000000)
  eden space 127488K, 100% used [0x00000000eaa80000,0x00000000f2700000,0x00000000f2700000)
  from space 17920K, 99% used [0x00000000f4000000,0x00000000f5179a28,0x00000000f5180000)
  to   space 25600K, 0% used [0x00000000f2700000,0x00000000f2700000,0x00000000f4000000)
 ParOldGen       total 87040K, used 31083K [0x00000000c0000000, 0x00000000c5500000, 0x00000000eaa80000)
  object space 87040K, 35% used [0x00000000c0000000,0x00000000c1e5ac30,0x00000000c5500000)
 PSPermGen       total 21504K, used 6039K [0x00000000bae00000, 0x00000000bc300000, 0x00000000c0000000)
  object space 21504K, 28% used [0x00000000bae00000,0x00000000bb3e5e50,0x00000000bc300000)
Event: 18.237 GC heap after
Heap after GC invocations=7 (full 0):
 PSYoungGen      total 153088K, used 25598K [0x00000000eaa80000, 0x0000000100000000, 0x0000000100000000)
  eden space 127488K, 0% used [0x00000000eaa80000,0x00000000eaa80000,0x00000000f2700000)
  from space 25600K, 99% used [0x00000000f2700000,0x00000000f3fff9c8,0x00000000f4000000)
  to   space 55296K, 0% used [0x00000000fca00000,0x00000000fca00000,0x0000000100000000)
 ParOldGen       total 87040K, used 80713K [0x00000000c0000000, 0x00000000c5500000, 0x00000000eaa80000)
  object space 87040K, 92% used [0x00000000c0000000,0x00000000c4ed2428,0x00000000c5500000)
 PSPermGen       total 21504K, used 6039K [0x00000000bae00000, 0x00000000bc300000, 0x00000000c0000000)
  object space 21504K, 28% used [0x00000000bae00000,0x00000000bb3e5e50,0x00000000bc300000)
}
Event: 18.237 GC heap before
{Heap before GC invocations=8 (full 1):
 PSYoungGen      total 153088K, used 25598K [0x00000000eaa80000, 0x0000000100000000, 0x0000000100000000)
  eden space 127488K, 0% used [0x00000000eaa80000,0x00000000eaa80000,0x00000000f2700000)
  from space 25600K, 99% used [0x00000000f2700000,0x00000000f3fff9c8,0x00000000f4000000)
  to   space 55296K, 0% used [0x00000000fca00000,0x00000000fca00000,0x0000000100000000)
 ParOldGen       total 87040K, used 80713K [0x00000000c0000000, 0x00000000c5500000, 0x00000000eaa80000)
  object space 87040K, 92% used [0x00000000c0000000,0x00000000c4ed2428,0x00000000c5500000)
 PSPermGen       total 21504K, used 6039K [0x00000000bae00000, 0x00000000bc300000, 0x00000000c0000000)
  object space 21504K, 28% used [0x00000000bae00000,0x00000000bb3e5e50,0x00000000bc300000)
Event: 21.520 GC heap after
Heap after GC invocations=8 (full 1):
 PSYoungGen      total 153088K, used 8496K [0x00000000eaa80000, 0x0000000100000000, 0x0000000100000000)
  eden space 127488K, 0% used [0x00000000eaa80000,0x00000000eaa80000,0x00000000f2700000)
  from space 25600K, 33% used [0x00000000f2700000,0x00000000f2f4c308,0x00000000f4000000)
  to   space 55296K, 0% used [0x00000000fca00000,0x00000000fca00000,0x0000000100000000)
 ParOldGen       total 87040K, used 86536K [0x00000000c0000000, 0x00000000c5500000, 0x00000000eaa80000)
  object space 87040K, 99% used [0x00000000c0000000,0x00000000c5482128,0x00000000c5500000)
 PSPermGen       total 21504K, used 6035K [0x00000000bae00000, 0x00000000bc300000, 0x00000000c0000000)
  object space 21504K, 28% used [0x00000000bae00000,0x00000000bb3e4e10,0x00000000bc300000)
}
Event: 21.840 GC heap before
{Heap before GC invocations=9 (full 2):
 PSYoungGen      total 153088K, used 135984K [0x00000000eaa80000, 0x0000000100000000, 0x0000000100000000)
  eden space 127488K, 100% used [0x00000000eaa80000,0x00000000f2700000,0x00000000f2700000)
  from space 25600K, 33% used [0x00000000f2700000,0x00000000f2f4c308,0x00000000f4000000)
  to   space 55296K, 0% used [0x00000000fca00000,0x00000000fca00000,0x0000000100000000)
 ParOldGen       total 87040K, used 86536K [0x00000000c0000000, 0x00000000c5500000, 0x00000000eaa80000)
  object space 87040K, 99% used [0x00000000c0000000,0x00000000c5482128,0x00000000c5500000)
 PSPermGen       total 21504K, used 6052K [0x00000000bae00000, 0x00000000bc300000, 0x00000000c0000000)
  object space 21504K, 28% used [0x00000000bae00000,0x00000000bb3e9108,0x00000000bc300000)
Event: 23.626 GC heap after
Heap after GC invocations=9 (full 2):
 PSYoungGen      total 153088K, used 68153K [0x00000000eaa80000, 0x0000000100000000, 0x0000000100000000)
  eden space 127488K, 53% used [0x00000000eaa80000,0x00000000eed0e7c8,0x00000000f2700000)
  from space 25600K, 0% used [0x00000000f2700000,0x00000000f2700000,0x00000000f4000000)
  to   space 55296K, 0% used [0x00000000fca00000,0x00000000fca00000,0x0000000100000000)
 ParOldGen       total 212992K, used 86989K [0x00000000c0000000, 0x00000000cd000000, 0x00000000eaa80000)
  object space 212992K, 40% used [0x00000000c0000000,0x00000000c54f35d0,0x00000000cd000000)
 PSPermGen       total 21504K, used 6052K [0x00000000bae00000, 0x00000000bc300000, 0x00000000c0000000)
  object space 21504K, 28% used [0x00000000bae00000,0x00000000bb3e9108,0x00000000bc300000)
}
Event: 23.824 GC heap before
{Heap before GC invocations=10 (full 2):
 PSYoungGen      total 153088K, used 127488K [0x00000000eaa80000, 0x0000000100000000, 0x0000000100000000)
  eden space 127488K, 100% used [0x00000000eaa80000,0x00000000f2700000,0x00000000f2700000)
  from space 25600K, 0% used [0x00000000f2700000,0x00000000f2700000,0x00000000f4000000)
  to   space 55296K, 0% used [0x00000000fca00000,0x00000000fca00000,0x0000000100000000)
 ParOldGen       total 212992K, used 86989K [0x00000000c0000000, 0x00000000cd000000, 0x00000000eaa80000)
  object space 212992K, 40% used [0x00000000c0000000,0x00000000c54f35d0,0x00000000cd000000)
 PSPermGen       total 21504K, used 6054K [0x00000000bae00000, 0x00000000bc300000, 0x00000000c0000000)
  object space 21504K, 28% used [0x00000000bae00000,0x00000000bb3e98d0,0x00000000bc300000)
Event: 24.910 GC heap after
Heap after GC invocations=10 (full 2):
 PSYoungGen      total 211968K, used 55270K [0x00000000eaa80000, 0x0000000100000000, 0x0000000100000000)
  eden space 156672K, 0% used [0x00000000eaa80000,0x00000000eaa80000,0x00000000f4380000)
  from space 55296K, 99% used [0x00000000fca00000,0x00000000ffff9b60,0x0000000100000000)
  to   space 79872K, 0% used [0x00000000f6400000,0x00000000f6400000,0x00000000fb200000)
 ParOldGen       total 212992K, used 118309K [0x00000000c0000000, 0x00000000cd000000, 0x00000000eaa80000)
  object space 212992K, 55% used [0x00000000c0000000,0x00000000c73895d0,0x00000000cd000000)
 PSPermGen       total 21504K, used 6054K [0x00000000bae00000, 0x00000000bc300000, 0x00000000c0000000)
  object space 21504K, 28% used [0x00000000bae00000,0x00000000bb3e98d0,0x00000000bc300000)
}
Event: 27.003 GC heap before
{Heap before GC invocations=11 (full 2):
 PSYoungGen      total 211968K, used 211942K [0x00000000eaa80000, 0x0000000100000000, 0x0000000100000000)
  eden space 156672K, 100% used [0x00000000eaa80000,0x00000000f4380000,0x00000000f4380000)
  from space 55296K, 99% used [0x00000000fca00000,0x00000000ffff9b60,0x0000000100000000)
  to   space 79872K, 0% used [0x00000000f6400000,0x00000000f6400000,0x00000000fb200000)
 ParOldGen       total 212992K, used 118309K [0x00000000c0000000, 0x00000000cd000000, 0x00000000eaa80000)
  object space 212992K, 55% used [0x00000000c0000000,0x00000000c73895d0,0x00000000cd000000)
 PSPermGen       total 21504K, used 6060K [0x00000000bae00000, 0x00000000bc300000, 0x00000000c0000000)
  object space 21504K, 28% used [0x00000000bae00000,0x00000000bb3eb380,0x00000000bc300000)
Event: 27.973 GC heap after
Heap after GC invocations=11 (full 2):
 PSYoungGen      total 262656K, used 79860K [0x00000000eaa80000, 0x0000000100000000, 0x0000000100000000)
  eden space 182784K, 0% used [0x00000000eaa80000,0x00000000eaa80000,0x00000000f5d00000)
  from space 79872K, 99% used [0x00000000f6400000,0x00000000fb1fd220,0x00000000fb200000)
  to   space 79872K, 0% used [0x00000000fb200000,0x00000000fb200000,0x0000000100000000)
 ParOldGen       total 212992K, used 141700K [0x00000000c0000000, 0x00000000cd000000, 0x00000000eaa80000)
  object space 212992K, 66% used [0x00000000c0000000,0x00000000c8a61060,0x00000000cd000000)
 PSPermGen       total 21504K, used 6060K [0x00000000bae00000, 0x00000000bc300000, 0x00000000c0000000)
  object space 21504K, 28% used [0x00000000bae00000,0x00000000bb3eb380,0x00000000bc300000)
}

Deoptimization events (10 events):
Event: 25.564 Thread 0x000000000ae70000 Uncommon trap: reason=class_check action=maybe_recompile pc=0x0000000002b55ebc method=com.android.dx.ssa.back.InterferenceGraph.add(II)V @ 19
Event: 25.565 Thread 0x000000000ae70000 Uncommon trap: reason=class_check action=maybe_recompile pc=0x0000000002b55ebc method=com.android.dx.ssa.back.InterferenceGraph.add(II)V @ 19
Event: 25.565 Thread 0x000000000ae70000 Uncommon trap: reason=class_check action=maybe_recompile pc=0x0000000002b55ebc method=com.android.dx.ssa.back.InterferenceGraph.add(II)V @ 19
Event: 25.757 Thread 0x000000000af41800 Uncommon trap: reason=class_check action=maybe_recompile pc=0x0000000002a967ec method=com.android.dx.ssa.SsaConverter.placePhiFunctions(Lcom/android/dx/ssa/SsaMethod;Lcom/android/dx/ssa/LocalVariableInfo;I)V @ 257
Event: 26.824 Thread 0x000000000af94000 Uncommon trap: reason=predicate action=maybe_recompile pc=0x0000000002b5ddf8 method=com.android.dx.ssa.back.InterferenceGraph.<init>(I)V @ 23
Event: 26.970 Thread 0x000000000af94000 Uncommon trap: reason=class_check action=maybe_recompile pc=0x0000000002b745f0 method=com.android.dx.ssa.back.InterferenceGraph.mergeInterferenceSet(ILcom/android/dx/util/IntSet;)V @ 20
Event: 26.972 Thread 0x000000000af94000 Uncommon trap: reason=class_check action=maybe_recompile pc=0x0000000002bb16b8 method=com.android.dx.ssa.back.InterferenceGraph.mergeInterferenceSet(ILcom/android/dx/util/IntSet;)V @ 20
Event: 26.972 Thread 0x000000000af94000 Uncommon trap: reason=class_check action=maybe_recompile pc=0x0000000002bb16b8 method=com.android.dx.ssa.back.InterferenceGraph.mergeInterferenceSet(ILcom/android/dx/util/IntSet;)V @ 20
Event: 26.981 Thread 0x000000000af94000 Uncommon trap: reason=class_check action=maybe_recompile pc=0x0000000002b485a8 method=com.android.dx.ssa.back.InterferenceGraph.mergeInterferenceSet(ILcom/android/dx/util/IntSet;)V @ 20
Event: 26.981 Thread 0x000000000af94000 Uncommon trap: reason=class_check action=maybe_recompile pc=0x0000000002bb16b8 method=com.android.dx.ssa.back.InterferenceGraph.mergeInterferenceSet(ILcom/android/dx/util/IntSet;)V @ 20

Internal exceptions (10 events):
Event: 8.268 Thread 0x000000000ae70800 Threw 0x00000000ebc56558 at C:\re\jdk7u79\2331\hotspot\src\share\vm\prims\jvm.cpp:1304
Event: 8.269 Thread 0x000000000ae70800 Threw 0x00000000ebc5bb20 at C:\re\jdk7u79\2331\hotspot\src\share\vm\prims\jvm.cpp:1304
Event: 8.706 Thread 0x00000000028e0800 Implicit null exception at 0x0000000002ae3da3 to 0x0000000002ae4479
Event: 12.479 Thread 0x000000000af41800 Threw 0x00000000ec3819d0 at C:\re\jdk7u79\2331\hotspot\src\share\vm\prims\jvm.cpp:1304
Event: 12.785 Thread 0x000000000ae70000 Threw 0x00000000eaf08368 at C:\re\jdk7u79\2331\hotspot\src\share\vm\prims\jvm.cpp:1304
Event: 12.900 Thread 0x000000000af94000 Threw 0x00000000eb560f08 at C:\re\jdk7u79\2331\hotspot\src\share\vm\prims\jvm.cpp:1304
Event: 13.471 Thread 0x000000000af94000 Implicit null exception at 0x0000000002b61510 to 0x0000000002b622d0
Event: 14.606 Thread 0x000000000ae70800 Implicit null exception at 0x0000000002bfff60 to 0x0000000002c02ad5
Event: 21.693 Thread 0x000000000ae70000 Threw 0x00000000f0b6f010 at C:\re\jdk7u79\2331\hotspot\src\share\vm\prims\jvm.cpp:1304
Event: 21.712 Thread 0x000000000ae70000 Threw 0x00000000f1cc4618 at C:\re\jdk7u79\2331\hotspot\src\share\vm\prims\jvm.cpp:1304

Events (10 events):
Event: 26.972 Thread 0x000000000af94000 DEOPT PACKING pc=0x0000000002bb16b8 sp=0x000000000bc3ecb0
Event: 26.972 Thread 0x000000000af94000 DEOPT UNPACKING pc=0x0000000002a19064 sp=0x000000000bc3ec20 mode 2
Event: 26.981 Thread 0x000000000af94000 Uncommon trap: trap_request=0xffffffde fr.pc=0x0000000002b485a8
Event: 26.981 Thread 0x000000000af94000 DEOPT PACKING pc=0x0000000002b485a8 sp=0x000000000bc3eda0
Event: 26.981 Thread 0x000000000af94000 DEOPT UNPACKING pc=0x0000000002a19064 sp=0x000000000bc3ebe0 mode 2
Event: 26.981 Thread 0x000000000af94000 Uncommon trap: trap_request=0xffffffde fr.pc=0x0000000002bb16b8
Event: 26.981 Thread 0x000000000af94000 DEOPT PACKING pc=0x0000000002bb16b8 sp=0x000000000bc3eca0
Event: 26.981 Thread 0x000000000af94000 DEOPT UNPACKING pc=0x0000000002a19064 sp=0x000000000bc3ec10 mode 2
Event: 27.003 Executing VM operation: ParallelGCFailedAllocation
Event: 27.974 Executing VM operation: ParallelGCFailedAllocation done


Dynamic libraries:
0x00007ff692330000 - 0x00007ff692363000 	C:\Program Files\Java\jdk1.7.0_79\bin\java.exe
0x00007ffd07760000 - 0x00007ffd07921000 	C:\WINDOWS\SYSTEM32\ntdll.dll
0x00007ffd06d50000 - 0x00007ffd06dfd000 	C:\WINDOWS\system32\KERNEL32.DLL
0x00007ffd04c50000 - 0x00007ffd04e2d000 	C:\WINDOWS\system32\KERNELBASE.dll
0x00007ffd06af0000 - 0x00007ffd06b96000 	C:\WINDOWS\system32\ADVAPI32.dll
0x00007ffd05160000 - 0x00007ffd051fd000 	C:\WINDOWS\system32\msvcrt.dll
0x00007ffd04e90000 - 0x00007ffd04eeb000 	C:\WINDOWS\system32\sechost.dll
0x00007ffd06fd0000 - 0x00007ffd070f6000 	C:\WINDOWS\system32\RPCRT4.dll
0x00007ffd07530000 - 0x00007ffd0767e000 	C:\WINDOWS\system32\USER32.dll
0x00007ffd04fd0000 - 0x00007ffd05156000 	C:\WINDOWS\system32\GDI32.dll
0x00007ffd002a0000 - 0x00007ffd00514000 	C:\WINDOWS\WinSxS\amd64_microsoft.windows.common-controls_6595b64144ccf1df_6.0.10240.16384_none_f41f7b285750ef43\COMCTL32.dll
0x00007ffd074f0000 - 0x00007ffd07526000 	C:\WINDOWS\system32\IMM32.DLL
0x00007ffd07380000 - 0x00007ffd074dc000 	C:\WINDOWS\system32\MSCTF.dll
0x000000005de70000 - 0x000000005df42000 	C:\Program Files\Java\jdk1.7.0_79\jre\bin\msvcr100.dll
0x000000005df50000 - 0x000000005e725000 	C:\Program Files\Java\jdk1.7.0_79\jre\bin\server\jvm.dll
0x00007ffd074e0000 - 0x00007ffd074e8000 	C:\WINDOWS\system32\PSAPI.DLL
0x00007ffcfffd0000 - 0x00007ffcfffd9000 	C:\WINDOWS\SYSTEM32\WSOCK32.dll
0x00007ffd04ef0000 - 0x00007ffd04f59000 	C:\WINDOWS\system32\WS2_32.dll
0x00007ffd04f60000 - 0x00007ffd04f68000 	C:\WINDOWS\system32\NSI.dll
0x00007ffd025e0000 - 0x00007ffd02603000 	C:\WINDOWS\SYSTEM32\WINMM.dll
0x00007ffd024a0000 - 0x00007ffd024cc000 	C:\WINDOWS\SYSTEM32\WINMMBASE.dll
0x00007ffd04340000 - 0x00007ffd04384000 	C:\WINDOWS\system32\cfgmgr32.dll
0x00007ffd02b00000 - 0x00007ffd02b27000 	C:\WINDOWS\SYSTEM32\DEVOBJ.dll
0x000000005e860000 - 0x000000005e86f000 	C:\Program Files\Java\jdk1.7.0_79\jre\bin\verify.dll
0x000000005de40000 - 0x000000005de68000 	C:\Program Files\Java\jdk1.7.0_79\jre\bin\java.dll
0x000000005de20000 - 0x000000005de35000 	C:\Program Files\Java\jdk1.7.0_79\jre\bin\zip.dll
0x000000005de00000 - 0x000000005de1a000 	C:\Program Files\Java\jdk1.7.0_79\jre\bin\net.dll
0x00007ffd03a00000 - 0x00007ffd03a5d000 	C:\WINDOWS\system32\mswsock.dll
0x000000005dde0000 - 0x000000005ddf1000 	C:\Program Files\Java\jdk1.7.0_79\jre\bin\nio.dll

VM Arguments:
jvm_args: -Djava.awt.headless=true -Xmx1024M -Dfile.encoding=windows-1252 -Duser.country=IT -Duser.language=it -Duser.variant 
java_command: com.android.dx.command.Main --dex --num-threads=4 --output C:\Users\admin\Desktop\android\FitUnionParse\app\build\intermediates\pre-dexed\debug\com.google.android.gms-play-services-ads-8.4.0_d6a23699af33708b2abea03ac3033c3fa136d8d3.jar C:\Users\admin\Desktop\android\FitUnionParse\app\build\intermediates\exploded-aar\com.google.android.gms\play-services-ads\8.4.0\jars\classes.jar
Launcher Type: SUN_STANDARD

Environment Variables:
PATH=C:\Program Files (x86)\NVIDIA Corporation\PhysX\Common;C:\WINDOWS\system32;C:\WINDOWS;C:\WINDOWS\System32\Wbem;C:\WINDOWS\System32\WindowsPowerShell\v1.0\;C:\Program Files (x86)\Java\jre7\bin;C:\Program Files (x86)\Skype\Phone\;c:\Program Files (x86)\Java\jdk1.7.0_79\bin;c:\Program Files\Java\jdk1.7.0_79
USERNAME=admin
OS=Windows_NT
PROCESSOR_IDENTIFIER=Intel64 Family 6 Model 30 Stepping 5, GenuineIntel



---------------  S Y S T E M  ---------------

OS: Windows 8.1 , 64 bit Build 9600 

CPU:total 8 (4 cores per cpu, 2 threads per core) family 6 model 30 stepping 5, cmov, cx8, fxsr, mmx, sse, sse2, sse3, ssse3, sse4.1, sse4.2, popcnt, ht, tsc, tscinvbit

Memory: 4k page, physical 8379256k(2615048k free), swap 8379256k(5264k free)

vm_info: Java HotSpot(TM) 64-Bit Server VM (24.79-b02) for windows-amd64 JRE (1.7.0_79-b15), built on Apr 10 2015 12:36:16 by "java_re" with unknown MS VC++:1600

time: Sun Mar 06 01:15:50 2016
elapsed time: 28 seconds

