#
# There is insufficient memory for the Java Runtime Environment to continue.
# Native memory allocation (malloc) failed to allocate 1423296 bytes for Chunk::new
# Possible reasons:
#   The system is out of physical RAM or swap space
#   In 32 bit mode, the process size limit was hit
# Possible solutions:
#   Reduce memory load on the system
#   Increase physical memory or swap space
#   Check if swap backing store is full
#   Use 64 bit Java on a 64 bit OS
#   Decrease Java heap size (-Xmx/-Xms)
#   Decrease number of Java threads
#   Decrease Java thread stack sizes (-Xss)
#   Set larger code cache with -XX:ReservedCodeCacheSize=
# This output file may be truncated or incomplete.
#
#  Out of Memory Error (allocation.cpp:323), pid=7228, tid=7852
#
# JRE version: Java(TM) SE Runtime Environment (7.0_79-b15) (build 1.7.0_79-b15)
# Java VM: Java HotSpot(TM) 64-Bit Server VM (24.79-b02 mixed mode windows-amd64 compressed oops)
# Failed to write core dump. Minidumps are not enabled by default on client versions of Windows
#

---------------  T H R E A D  ---------------

Current thread (0x0000000002af6800):  JavaThread "C2 CompilerThread1" daemon [_thread_in_native, id=7852, stack(0x000000000b520000,0x000000000b620000)]

Stack: [0x000000000b520000,0x000000000b620000]
[error occurred during error reporting (printing stack bounds), id 0xc0000005]


[error occurred during error reporting (printing native stack), id 0xc0000005]


Current CompileTask:
C2:  12613  465             com.android.dx.rop.code.Rops::ropFor (771 bytes)


---------------  P R O C E S S  ---------------

Java Threads: ( => current thread )
  0x000000000b0de000 JavaThread "pool-1-thread-4" [_thread_in_vm, id=3228, stack(0x000000000bc20000,0x000000000bd20000)]
  0x000000000b0dd000 JavaThread "pool-1-thread-3" [_thread_blocked, id=3604, stack(0x000000000bb20000,0x000000000bc20000)]
  0x000000000b0dc800 JavaThread "pool-1-thread-2" [_thread_blocked, id=4408, stack(0x000000000ba20000,0x000000000bb20000)]
  0x000000000b0d9800 JavaThread "pool-2-thread-1" [_thread_blocked, id=7244, stack(0x000000000b920000,0x000000000ba20000)]
  0x000000000b195000 JavaThread "pool-1-thread-1" [_thread_in_Java, id=4232, stack(0x000000000b820000,0x000000000b920000)]
  0x0000000002af9800 JavaThread "Service Thread" daemon [_thread_blocked, id=5204, stack(0x000000000b620000,0x000000000b720000)]
=>0x0000000002af6800 JavaThread "C2 CompilerThread1" daemon [_thread_in_native, id=7852, stack(0x000000000b520000,0x000000000b620000)]
  0x0000000002aed000 JavaThread "C2 CompilerThread0" daemon [_thread_in_native, id=1576, stack(0x000000000b420000,0x000000000b520000)]
  0x0000000002aec000 JavaThread "Attach Listener" daemon [_thread_blocked, id=3832, stack(0x000000000b320000,0x000000000b420000)]
  0x0000000008e5a800 JavaThread "Signal Dispatcher" daemon [_thread_blocked, id=436, stack(0x000000000b220000,0x000000000b320000)]
  0x0000000008e4b000 JavaThread "Finalizer" daemon [_thread_blocked, id=7816, stack(0x000000000ad20000,0x000000000ae20000)]
  0x0000000008e4a000 JavaThread "Reference Handler" daemon [_thread_blocked, id=3536, stack(0x000000000ac20000,0x000000000ad20000)]
  0x0000000002a00800 JavaThread "main" [_thread_in_Java, id=704, stack(0x00000000027f0000,0x00000000028f0000)]

Other Threads:
  0x0000000008e45800 VMThread [stack: 0x000000000ab20000,0x000000000ac20000] [id=7136]
  0x0000000002afd800 WatcherThread [stack: 0x000000000b720000,0x000000000b820000] [id=5280]

VM state:not at safepoint (normal execution)

VM Mutex/Monitor currently owned by a thread: None

Heap
 PSYoungGen      total 72704K, used 65049K [0x00000000eaa80000, 0x00000000ef680000, 0x0000000100000000)
  eden space 67584K, 88% used [0x00000000eaa80000,0x00000000ee506dd8,0x00000000eec80000)
  from space 5120K, 99% used [0x00000000ef180000,0x00000000ef67f928,0x00000000ef680000)
  to   space 5120K, 0% used [0x00000000eec80000,0x00000000eec80000,0x00000000ef180000)
 ParOldGen       total 87040K, used 5714K [0x00000000c0000000, 0x00000000c5500000, 0x00000000eaa80000)
  object space 87040K, 6% used [0x00000000c0000000,0x00000000c0594a88,0x00000000c5500000)
 PSPermGen       total 21504K, used 5967K [0x00000000bae00000, 0x00000000bc300000, 0x00000000c0000000)
  object space 21504K, 27% used [0x00000000bae00000,0x00000000bb3d3ff8,0x00000000bc300000)

Card table byte_map: [0x0000000005bc0000,0x0000000005df0000] byte_map_base: 0x00000000055e9000

Polling page: 0x0000000001080000

Code Cache  [0x0000000002b00000, 0x0000000002d70000, 0x0000000005b00000)
 total_blobs=708 nmethods=472 adapters=189 free_code_cache=47233Kb largest_free_block=48291776

Compilation events (10 events):
Event: 12.585 Thread 0x0000000002aed000 nmethod 476 0x0000000002bbea50 code [0x0000000002bbeba0, 0x0000000002bbecd8]
Event: 12.585 Thread 0x0000000002aed000  477             com.android.dx.rop.cst.CstType::getClassType (5 bytes)
Event: 12.585 Thread 0x0000000002aed000 nmethod 477 0x0000000002bbe850 code [0x0000000002bbe980, 0x0000000002bbe9d8]
Event: 12.585 Thread 0x0000000002aed000  478             java.util.HashSet::<init> (16 bytes)
Event: 12.588 Thread 0x0000000002aed000 nmethod 478 0x0000000002bbe550 code [0x0000000002bbe6a0, 0x0000000002bbe7b8]
Event: 12.588 Thread 0x0000000002aed000  479             com.android.dx.rop.code.PlainCstInsn::accept (8 bytes)
Event: 12.589 Thread 0x0000000002aed000 nmethod 479 0x0000000002bbe310 code [0x0000000002bbe460, 0x0000000002bbe4d8]
Event: 12.589 Thread 0x0000000002aed000  480             java.util.BitSet::checkRange (104 bytes)
Event: 12.590 Thread 0x0000000002aed000 nmethod 480 0x0000000002cdbc90 code [0x0000000002cdbdc0, 0x0000000002cdbe38]
Event: 12.590 Thread 0x0000000002aed000  481             java.util.BitSet::set (124 bytes)

GC Heap History (4 events):
Event: 7.723 GC heap before
{Heap before GC invocations=1 (full 0):
 PSYoungGen      total 38912K, used 33792K [0x00000000eaa80000, 0x00000000ed580000, 0x0000000100000000)
  eden space 33792K, 100% used [0x00000000eaa80000,0x00000000ecb80000,0x00000000ecb80000)
  from space 5120K, 0% used [0x00000000ed080000,0x00000000ed080000,0x00000000ed580000)
  to   space 5120K, 0% used [0x00000000ecb80000,0x00000000ecb80000,0x00000000ed080000)
 ParOldGen       total 87040K, used 0K [0x00000000c0000000, 0x00000000c5500000, 0x00000000eaa80000)
  object space 87040K, 0% used [0x00000000c0000000,0x00000000c0000000,0x00000000c5500000)
 PSPermGen       total 21504K, used 5786K [0x00000000bae00000, 0x00000000bc300000, 0x00000000c0000000)
  object space 21504K, 26% used [0x00000000bae00000,0x00000000bb3a6b98,0x00000000bc300000)
Event: 7.978 GC heap after
Heap after GC invocations=1 (full 0):
 PSYoungGen      total 38912K, used 5091K [0x00000000eaa80000, 0x00000000ef680000, 0x0000000100000000)
  eden space 33792K, 0% used [0x00000000eaa80000,0x00000000eaa80000,0x00000000ecb80000)
  from space 5120K, 99% used [0x00000000ecb80000,0x00000000ed078c20,0x00000000ed080000)
  to   space 5120K, 0% used [0x00000000ef180000,0x00000000ef180000,0x00000000ef680000)
 ParOldGen       total 87040K, used 670K [0x00000000c0000000, 0x00000000c5500000, 0x00000000eaa80000)
  object space 87040K, 0% used [0x00000000c0000000,0x00000000c00a7930,0x00000000c5500000)
 PSPermGen       total 21504K, used 5786K [0x00000000bae00000, 0x00000000bc300000, 0x00000000c0000000)
  object space 21504K, 26% used [0x00000000bae00000,0x00000000bb3a6b98,0x00000000bc300000)
}
Event: 9.636 GC heap before
{Heap before GC invocations=2 (full 0):
 PSYoungGen      total 38912K, used 38883K [0x00000000eaa80000, 0x00000000ef680000, 0x0000000100000000)
  eden space 33792K, 100% used [0x00000000eaa80000,0x00000000ecb80000,0x00000000ecb80000)
  from space 5120K, 99% used [0x00000000ecb80000,0x00000000ed078c20,0x00000000ed080000)
  to   space 5120K, 0% used [0x00000000ef180000,0x00000000ef180000,0x00000000ef680000)
 ParOldGen       total 87040K, used 670K [0x00000000c0000000, 0x00000000c5500000, 0x00000000eaa80000)
  object space 87040K, 0% used [0x00000000c0000000,0x00000000c00a7930,0x00000000c5500000)
 PSPermGen       total 21504K, used 5880K [0x00000000bae00000, 0x00000000bc300000, 0x00000000c0000000)
  object space 21504K, 27% used [0x00000000bae00000,0x00000000bb3be1a8,0x00000000bc300000)
Event: 9.665 GC heap after
Heap after GC invocations=2 (full 0):
 PSYoungGen      total 72704K, used 5118K [0x00000000eaa80000, 0x00000000ef680000, 0x0000000100000000)
  eden space 67584K, 0% used [0x00000000eaa80000,0x00000000eaa80000,0x00000000eec80000)
  from space 5120K, 99% used [0x00000000ef180000,0x00000000ef67f928,0x00000000ef680000)
  to   space 5120K, 0% used [0x00000000eec80000,0x00000000eec80000,0x00000000ef180000)
 ParOldGen       total 87040K, used 5714K [0x00000000c0000000, 0x00000000c5500000, 0x00000000eaa80000)
  object space 87040K, 6% used [0x00000000c0000000,0x00000000c0594a88,0x00000000c5500000)
 PSPermGen       total 21504K, used 5880K [0x00000000bae00000, 0x00000000bc300000, 0x00000000c0000000)
  object space 21504K, 27% used [0x00000000bae00000,0x00000000bb3be1a8,0x00000000bc300000)
}

Deoptimization events (10 events):
Event: 11.667 Thread 0x000000000b0dd000 Uncommon trap: reason=class_check action=maybe_recompile pc=0x0000000002c9c718 method=com.android.dx.ssa.SsaMethod.isRegALocal(Lcom/android/dx/rop/code/RegisterSpec;)Z @ 16
Event: 11.667 Thread 0x000000000b0dd000 Uncommon trap: reason=class_check action=maybe_recompile pc=0x0000000002c9c718 method=com.android.dx.ssa.SsaMethod.isRegALocal(Lcom/android/dx/rop/code/RegisterSpec;)Z @ 16
Event: 11.667 Thread 0x000000000b0dd000 Uncommon trap: reason=class_check action=maybe_recompile pc=0x0000000002c9c718 method=com.android.dx.ssa.SsaMethod.isRegALocal(Lcom/android/dx/rop/code/RegisterSpec;)Z @ 16
Event: 11.668 Thread 0x000000000b0dd000 Uncommon trap: reason=class_check action=maybe_recompile pc=0x0000000002cb4278 method=com.android.dx.ssa.PhiTypeResolver.run()V @ 151
Event: 11.724 Thread 0x000000000b0de000 Uncommon trap: reason=class_check action=maybe_recompile pc=0x0000000002c9c718 method=com.android.dx.ssa.SsaMethod.isRegALocal(Lcom/android/dx/rop/code/RegisterSpec;)Z @ 16
Event: 11.725 Thread 0x000000000b0de000 Uncommon trap: reason=class_check action=maybe_recompile pc=0x0000000002cb4278 method=com.android.dx.ssa.PhiTypeResolver.run()V @ 151
Event: 12.425 Thread 0x0000000002a00800 Uncommon trap: reason=bimorphic action=maybe_recompile pc=0x0000000002bfdce4 method=com.android.dx.cf.code.Merger.mergeType(Lcom/android/dx/rop/type/TypeBearer;Lcom/android/dx/rop/type/TypeBearer;)Lcom/android/dx/rop/type/TypeBearer; @ 6
Event: 12.447 Thread 0x000000000b0dd000 Uncommon trap: reason=null_check action=make_not_entrant pc=0x0000000002ce8f04 method=com.android.dx.rop.cst.CstType.intern(Lcom/android/dx/rop/type/Type;)Lcom/android/dx/rop/cst/CstType; @ 13
Event: 12.450 Thread 0x000000000b0dc800 Uncommon trap: reason=class_check action=maybe_recompile pc=0x0000000002cb4278 method=com.android.dx.ssa.PhiTypeResolver.run()V @ 151
Event: 12.451 Thread 0x000000000b0dd000 Uncommon trap: reason=class_check action=maybe_recompile pc=0x0000000002cb4278 method=com.android.dx.ssa.PhiTypeResolver.run()V @ 151

Internal exceptions (10 events):
Event: 6.267 Thread 0x000000000b0dc800 Threw 0x00000000ebbcf118 at C:\re\jdk7u79\2331\hotspot\src\share\vm\prims\jvm.cpp:1304
Event: 7.334 Thread 0x000000000b195000 Implicit null exception at 0x0000000002bb664a to 0x0000000002bb75f9
Event: 8.716 Thread 0x000000000b0dd000 Implicit null exception at 0x0000000002bc2792 to 0x0000000002bc2882
Event: 8.900 Thread 0x0000000002a00800 Implicit null exception at 0x0000000002bbaa06 to 0x0000000002bbbc5d
Event: 9.069 Thread 0x000000000b0dc800 Implicit null exception at 0x0000000002c2213c to 0x0000000002c23fcd
Event: 9.208 Thread 0x0000000002a00800 Implicit null exception at 0x0000000002c17a6b to 0x0000000002c18155
Event: 10.427 Thread 0x000000000b195000 Threw 0x00000000ebef75f0 at C:\re\jdk7u79\2331\hotspot\src\share\vm\prims\jvm.cpp:1304
Event: 10.548 Thread 0x000000000b195000 Threw 0x00000000ec030168 at C:\re\jdk7u79\2331\hotspot\src\share\vm\prims\jvm.cpp:1304
Event: 12.447 Thread 0x000000000b0dd000 Implicit null exception at 0x0000000002ce6e6f to 0x0000000002ce8ef9
Event: 12.453 Thread 0x000000000b0dd000 Threw 0x00000000ee0a6a20 at C:\re\jdk7u79\2331\hotspot\src\share\vm\prims\jvm.cpp:1304

Events (10 events):
Event: 12.447 Thread 0x000000000b0dd000 DEOPT PACKING pc=0x0000000002ce8f04 sp=0x000000000bc1ea10
Event: 12.447 Thread 0x000000000b0dd000 DEOPT UNPACKING pc=0x0000000002b39064 sp=0x000000000bc1e928 mode 2
Event: 12.450 Thread 0x000000000b0dc800 Uncommon trap: trap_request=0xffffffde fr.pc=0x0000000002cb4278
Event: 12.450 Thread 0x000000000b0dc800 DEOPT PACKING pc=0x0000000002cb4278 sp=0x000000000bb1e850
Event: 12.451 Thread 0x000000000b0dc800 DEOPT UNPACKING pc=0x0000000002b39064 sp=0x000000000bb1e808 mode 2
Event: 12.451 Thread 0x000000000b0dd000 Uncommon trap: trap_request=0xffffffde fr.pc=0x0000000002cb4278
Event: 12.451 Thread 0x000000000b0dd000 DEOPT PACKING pc=0x0000000002cb4278 sp=0x000000000bc1ebd0
Event: 12.451 Thread 0x000000000b0dd000 DEOPT UNPACKING pc=0x0000000002b39064 sp=0x000000000bc1eb88 mode 2
Event: 12.453 loading class 0x000000000af2f9a0
Event: 12.453 loading class 0x000000000af2f9a0 done


Dynamic libraries:
0x00007ff692330000 - 0x00007ff692363000 	C:\Program Files\Java\jdk1.7.0_79\bin\java.exe
0x00007ffd07760000 - 0x00007ffd07921000 	C:\WINDOWS\SYSTEM32\ntdll.dll
0x00007ffd06d50000 - 0x00007ffd06dfd000 	C:\WINDOWS\system32\KERNEL32.DLL
0x00007ffd04c50000 - 0x00007ffd04e2d000 	C:\WINDOWS\system32\KERNELBASE.dll
0x00007ffd06af0000 - 0x00007ffd06b96000 	C:\WINDOWS\system32\ADVAPI32.dll
0x00007ffd05160000 - 0x00007ffd051fd000 	C:\WINDOWS\system32\msvcrt.dll
0x00007ffd04e90000 - 0x00007ffd04eeb000 	C:\WINDOWS\system32\sechost.dll
0x00007ffd06fd0000 - 0x00007ffd070f6000 	C:\WINDOWS\system32\RPCRT4.dll
0x00007ffd07530000 - 0x00007ffd0767e000 	C:\WINDOWS\system32\USER32.dll
0x00007ffd04fd0000 - 0x00007ffd05156000 	C:\WINDOWS\system32\GDI32.dll
0x00007ffd002a0000 - 0x00007ffd00514000 	C:\WINDOWS\WinSxS\amd64_microsoft.windows.common-controls_6595b64144ccf1df_6.0.10240.16384_none_f41f7b285750ef43\COMCTL32.dll
0x00007ffd074f0000 - 0x00007ffd07526000 	C:\WINDOWS\system32\IMM32.DLL
0x00007ffd07380000 - 0x00007ffd074dc000 	C:\WINDOWS\system32\MSCTF.dll
0x000000005de70000 - 0x000000005df42000 	C:\Program Files\Java\jdk1.7.0_79\jre\bin\msvcr100.dll
0x000000005df50000 - 0x000000005e725000 	C:\Program Files\Java\jdk1.7.0_79\jre\bin\server\jvm.dll
0x00007ffd074e0000 - 0x00007ffd074e8000 	C:\WINDOWS\system32\PSAPI.DLL
0x00007ffcfffd0000 - 0x00007ffcfffd9000 	C:\WINDOWS\SYSTEM32\WSOCK32.dll
0x00007ffd04ef0000 - 0x00007ffd04f59000 	C:\WINDOWS\system32\WS2_32.dll
0x00007ffd04f60000 - 0x00007ffd04f68000 	C:\WINDOWS\system32\NSI.dll
0x00007ffd025e0000 - 0x00007ffd02603000 	C:\WINDOWS\SYSTEM32\WINMM.dll
0x00007ffd024a0000 - 0x00007ffd024cc000 	C:\WINDOWS\SYSTEM32\WINMMBASE.dll
0x00007ffd04340000 - 0x00007ffd04384000 	C:\WINDOWS\system32\cfgmgr32.dll
0x00007ffd02b00000 - 0x00007ffd02b27000 	C:\WINDOWS\SYSTEM32\DEVOBJ.dll
0x000000005e860000 - 0x000000005e86f000 	C:\Program Files\Java\jdk1.7.0_79\jre\bin\verify.dll
0x000000005de40000 - 0x000000005de68000 	C:\Program Files\Java\jdk1.7.0_79\jre\bin\java.dll
0x000000005de20000 - 0x000000005de35000 	C:\Program Files\Java\jdk1.7.0_79\jre\bin\zip.dll
0x000000005de00000 - 0x000000005de1a000 	C:\Program Files\Java\jdk1.7.0_79\jre\bin\net.dll
0x00007ffd03a00000 - 0x00007ffd03a5d000 	C:\WINDOWS\system32\mswsock.dll
0x000000005dde0000 - 0x000000005ddf1000 	C:\Program Files\Java\jdk1.7.0_79\jre\bin\nio.dll

VM Arguments:
jvm_args: -Djava.awt.headless=true -Xmx1024M -Dfile.encoding=windows-1252 -Duser.country=IT -Duser.language=it -Duser.variant 
java_command: com.android.dx.command.Main --dex --num-threads=4 --output C:\Users\admin\Desktop\android\FitUnionParse\app\build\intermediates\pre-dexed\debug\backendless-3.0.8.1_b364d46abeb724cb8ddbb6ec4eb99b5a45a7c13b.jar C:\Users\admin\.gradle\caches\modules-2\files-2.1\com.backendless\backendless\3.0.8.1\2252663881377a39cb8700a0bc3c0dcd9172672b\backendless-3.0.8.1.jar
Launcher Type: SUN_STANDARD

Environment Variables:
PATH=C:\Program Files (x86)\NVIDIA Corporation\PhysX\Common;C:\WINDOWS\system32;C:\WINDOWS;C:\WINDOWS\System32\Wbem;C:\WINDOWS\System32\WindowsPowerShell\v1.0\;C:\Program Files (x86)\Java\jre7\bin;C:\Program Files (x86)\Skype\Phone\;c:\Program Files (x86)\Java\jdk1.7.0_79\bin;c:\Program Files\Java\jdk1.7.0_79
USERNAME=admin
OS=Windows_NT
PROCESSOR_IDENTIFIER=Intel64 Family 6 Model 30 Stepping 5, GenuineIntel



---------------  S Y S T E M  ---------------

OS: Windows 8.1 , 64 bit Build 9600 

CPU:total 8 (4 cores per cpu, 2 threads per core) family 6 model 30 stepping 5, cmov, cx8, fxsr, mmx, sse, sse2, sse3, ssse3, sse4.1, sse4.2, popcnt, ht, tsc, tscinvbit

Memory: 4k page, physical 8379256k(3120404k free), swap 8379256k(5152k free)

vm_info: Java HotSpot(TM) 64-Bit Server VM (24.79-b02) for windows-amd64 JRE (1.7.0_79-b15), built on Apr 10 2015 12:36:16 by "java_re" with unknown MS VC++:1600

time: Sun Mar 06 01:16:44 2016
elapsed time: 12 seconds

