#
# There is insufficient memory for the Java Runtime Environment to continue.
# Native memory allocation (malloc) failed to allocate 100592 bytes for Chunk::new
# Possible reasons:
#   The system is out of physical RAM or swap space
#   In 32 bit mode, the process size limit was hit
# Possible solutions:
#   Reduce memory load on the system
#   Increase physical memory or swap space
#   Check if swap backing store is full
#   Use 64 bit Java on a 64 bit OS
#   Decrease Java heap size (-Xmx/-Xms)
#   Decrease number of Java threads
#   Decrease Java thread stack sizes (-Xss)
#   Set larger code cache with -XX:ReservedCodeCacheSize=
# This output file may be truncated or incomplete.
#
#  Out of Memory Error (allocation.cpp:323), pid=6076, tid=7356
#
# JRE version: Java(TM) SE Runtime Environment (7.0_79-b15) (build 1.7.0_79-b15)
# Java VM: Java HotSpot(TM) 64-Bit Server VM (24.79-b02 mixed mode windows-amd64 compressed oops)
# Failed to write core dump. Minidumps are not enabled by default on client versions of Windows
#

---------------  T H R E A D  ---------------

Current thread (0x0000000002f8d000):  JavaThread "C2 CompilerThread0" daemon [_thread_in_native, id=7356, stack(0x000000000b870000,0x000000000b970000)]

Stack: [0x000000000b870000,0x000000000b970000]
[error occurred during error reporting (printing stack bounds), id 0xc0000005]


[error occurred during error reporting (printing native stack), id 0xc0000005]


Current CompileTask:
C2:   8306   23             sun.net.www.ParseUtil::encodePath (336 bytes)


---------------  P R O C E S S  ---------------

Java Threads: ( => current thread )
  0x000000000b3d6800 JavaThread "pool-1-thread-4" [_thread_in_Java, id=7944, stack(0x000000000c070000,0x000000000c170000)]
  0x000000000b532800 JavaThread "pool-1-thread-3" [_thread_in_Java, id=7472, stack(0x000000000bf70000,0x000000000c070000)]
  0x000000000b413000 JavaThread "pool-1-thread-2" [_thread_new, id=5532, stack(0x0000000000000000,0x0000000000000000)]
  0x000000000b412000 JavaThread "pool-2-thread-1" [_thread_blocked, id=6860, stack(0x000000000bd70000,0x000000000be70000)]
  0x000000000b405000 JavaThread "pool-1-thread-1" [_thread_in_vm, id=7624, stack(0x000000000bc70000,0x000000000bd70000)]
  0x0000000002f9d000 JavaThread "Service Thread" daemon [_thread_blocked, id=1212, stack(0x000000000ba70000,0x000000000bb70000)]
  0x0000000002f9c000 JavaThread "C2 CompilerThread1" daemon [_thread_blocked, id=6232, stack(0x000000000b970000,0x000000000ba70000)]
=>0x0000000002f8d000 JavaThread "C2 CompilerThread0" daemon [_thread_in_native, id=7356, stack(0x000000000b870000,0x000000000b970000)]
  0x000000000b291000 JavaThread "Attach Listener" daemon [_thread_blocked, id=6416, stack(0x000000000b770000,0x000000000b870000)]
  0x000000000b290800 JavaThread "Signal Dispatcher" daemon [_thread_blocked, id=6836, stack(0x000000000b670000,0x000000000b770000)]
  0x000000000929b000 JavaThread "Finalizer" daemon [_thread_blocked, id=3232, stack(0x000000000b170000,0x000000000b270000)]
  0x000000000929a800 JavaThread "Reference Handler" daemon [_thread_blocked, id=5344, stack(0x000000000b070000,0x000000000b170000)]
  0x0000000002ea0800 JavaThread "main" [_thread_blocked, id=3968, stack(0x0000000002ca0000,0x0000000002da0000)]

Other Threads:
  0x0000000009295800 VMThread [stack: 0x000000000af70000,0x000000000b070000] [id=6192]
  0x000000000b29c800 WatcherThread [stack: 0x000000000bb70000,0x000000000bc70000] [id=6092]

VM state:not at safepoint (normal execution)

VM Mutex/Monitor currently owned by a thread: None

Heap
 PSYoungGen      total 38912K, used 8791K [0x00000000eaa80000, 0x00000000ed580000, 0x0000000100000000)
  eden space 33792K, 26% used [0x00000000eaa80000,0x00000000eb315ee0,0x00000000ecb80000)
  from space 5120K, 0% used [0x00000000ed080000,0x00000000ed080000,0x00000000ed580000)
  to   space 5120K, 0% used [0x00000000ecb80000,0x00000000ecb80000,0x00000000ed080000)
 ParOldGen       total 87040K, used 0K [0x00000000c0000000, 0x00000000c5500000, 0x00000000eaa80000)
  object space 87040K, 0% used [0x00000000c0000000,0x00000000c0000000,0x00000000c5500000)
 PSPermGen       total 21504K, used 4875K [0x00000000bae00000, 0x00000000bc300000, 0x00000000c0000000)
  object space 21504K, 22% used [0x00000000bae00000,0x00000000bb2c2fb8,0x00000000bc300000)

Card table byte_map: [0x0000000006060000,0x0000000006290000] byte_map_base: 0x0000000005a89000

Polling page: 0x0000000002b80000

Code Cache  [0x0000000002fa0000, 0x0000000003210000, 0x0000000005fa0000)
 total_blobs=253 nmethods=22 adapters=185 free_code_cache=48708Kb largest_free_block=49863616

Compilation events (10 events):
Event: 7.817 Thread 0x0000000002f9c000 nmethod 17 0x0000000003008750 code [0x0000000003008880, 0x00000000030088f8]
Event: 7.910 Thread 0x0000000002f8d000   18             com.android.dx.util.ByteArray::getUnsignedByte (14 bytes)
Event: 7.911 Thread 0x0000000002f8d000 nmethod 18 0x0000000003008450 code [0x0000000003008580, 0x0000000003008638]
Event: 7.912 Thread 0x0000000002f9c000   19             com.android.dx.rop.cst.CstString::utf8BytesToString (391 bytes)
Event: 7.928 Thread 0x0000000002f9c000 nmethod 19 0x000000000300e010 code [0x000000000300e200, 0x000000000300e7e8]
Event: 8.124 Thread 0x0000000002f8d000   20             java.lang.String::startsWith (72 bytes)
Event: 8.129 Thread 0x0000000002f8d000 nmethod 20 0x000000000300f290 code [0x000000000300f3e0, 0x000000000300f578]
Event: 8.169 Thread 0x0000000002f9c000   21             java.lang.String::length (6 bytes)
Event: 8.170 Thread 0x0000000002f9c000 nmethod 21 0x000000000300ee90 code [0x000000000300efc0, 0x000000000300f018]
Event: 8.273 Thread 0x0000000002f8d000   23             sun.net.www.ParseUtil::encodePath (336 bytes)

GC Heap History (0 events):
No events

Deoptimization events (0 events):
No events

Internal exceptions (10 events):
Event: 8.290 Thread 0x000000000b405000 Threw 0x00000000eaf8d628 at C:\re\jdk7u79\2331\hotspot\src\share\vm\prims\jvm.cpp:1304
Event: 8.292 Thread 0x000000000b405000 Threw 0x00000000eaf92720 at C:\re\jdk7u79\2331\hotspot\src\share\vm\prims\jvm.cpp:1304
Event: 8.293 Thread 0x000000000b405000 Threw 0x00000000eaf977d8 at C:\re\jdk7u79\2331\hotspot\src\share\vm\prims\jvm.cpp:1304
Event: 8.295 Thread 0x000000000b405000 Threw 0x00000000eaf9d568 at C:\re\jdk7u79\2331\hotspot\src\share\vm\prims\jvm.cpp:1304
Event: 8.296 Thread 0x000000000b405000 Threw 0x00000000eafa2238 at C:\re\jdk7u79\2331\hotspot\src\share\vm\prims\jvm.cpp:1304
Event: 8.297 Thread 0x000000000b405000 Threw 0x00000000eafa4198 at C:\re\jdk7u79\2331\hotspot\src\share\vm\prims\jvm.cpp:1304
Event: 8.298 Thread 0x000000000b405000 Threw 0x00000000eafa9580 at C:\re\jdk7u79\2331\hotspot\src\share\vm\prims\jvm.cpp:1304
Event: 8.298 Thread 0x000000000b405000 Threw 0x00000000eafab310 at C:\re\jdk7u79\2331\hotspot\src\share\vm\prims\jvm.cpp:1304
Event: 8.299 Thread 0x000000000b405000 Threw 0x00000000eafad400 at C:\re\jdk7u79\2331\hotspot\src\share\vm\prims\jvm.cpp:1304
Event: 8.300 Thread 0x000000000b405000 Threw 0x00000000eafb07f8 at C:\re\jdk7u79\2331\hotspot\src\share\vm\prims\jvm.cpp:1304

Events (10 events):
Event: 8.296 loading class 0x000000000b5940f0
Event: 8.296 loading class 0x000000000b5940f0 done
Event: 8.297 loading class 0x000000000b439c30
Event: 8.297 loading class 0x000000000b439c30 done
Event: 8.298 loading class 0x000000000b43b1f0
Event: 8.298 loading class 0x000000000b43b1f0 done
Event: 8.299 loading class 0x000000000b43ab30
Event: 8.299 loading class 0x000000000b43ab30 done
Event: 8.300 loading class 0x000000000b594330
Event: 8.300 loading class 0x000000000b594330 done


Dynamic libraries:
0x00007ff692330000 - 0x00007ff692363000 	C:\Program Files\Java\jdk1.7.0_79\bin\java.exe
0x00007ffd07760000 - 0x00007ffd07921000 	C:\WINDOWS\SYSTEM32\ntdll.dll
0x00007ffd06d50000 - 0x00007ffd06dfd000 	C:\WINDOWS\system32\KERNEL32.DLL
0x00007ffd04c50000 - 0x00007ffd04e2d000 	C:\WINDOWS\system32\KERNELBASE.dll
0x00007ffd06af0000 - 0x00007ffd06b96000 	C:\WINDOWS\system32\ADVAPI32.dll
0x00007ffd05160000 - 0x00007ffd051fd000 	C:\WINDOWS\system32\msvcrt.dll
0x00007ffd04e90000 - 0x00007ffd04eeb000 	C:\WINDOWS\system32\sechost.dll
0x00007ffd06fd0000 - 0x00007ffd070f6000 	C:\WINDOWS\system32\RPCRT4.dll
0x00007ffd07530000 - 0x00007ffd0767e000 	C:\WINDOWS\system32\USER32.dll
0x00007ffd04fd0000 - 0x00007ffd05156000 	C:\WINDOWS\system32\GDI32.dll
0x00007ffd002a0000 - 0x00007ffd00514000 	C:\WINDOWS\WinSxS\amd64_microsoft.windows.common-controls_6595b64144ccf1df_6.0.10240.16384_none_f41f7b285750ef43\COMCTL32.dll
0x00007ffd074f0000 - 0x00007ffd07526000 	C:\WINDOWS\system32\IMM32.DLL
0x00007ffd07380000 - 0x00007ffd074dc000 	C:\WINDOWS\system32\MSCTF.dll
0x000000005de70000 - 0x000000005df42000 	C:\Program Files\Java\jdk1.7.0_79\jre\bin\msvcr100.dll
0x000000005df50000 - 0x000000005e725000 	C:\Program Files\Java\jdk1.7.0_79\jre\bin\server\jvm.dll
0x00007ffd074e0000 - 0x00007ffd074e8000 	C:\WINDOWS\system32\PSAPI.DLL
0x00007ffcfffd0000 - 0x00007ffcfffd9000 	C:\WINDOWS\SYSTEM32\WSOCK32.dll
0x00007ffd04ef0000 - 0x00007ffd04f59000 	C:\WINDOWS\system32\WS2_32.dll
0x00007ffd04f60000 - 0x00007ffd04f68000 	C:\WINDOWS\system32\NSI.dll
0x00007ffd025e0000 - 0x00007ffd02603000 	C:\WINDOWS\SYSTEM32\WINMM.dll
0x00007ffd024a0000 - 0x00007ffd024cc000 	C:\WINDOWS\SYSTEM32\WINMMBASE.dll
0x00007ffd04340000 - 0x00007ffd04384000 	C:\WINDOWS\system32\cfgmgr32.dll
0x00007ffd02b00000 - 0x00007ffd02b27000 	C:\WINDOWS\SYSTEM32\DEVOBJ.dll
0x000000005e860000 - 0x000000005e86f000 	C:\Program Files\Java\jdk1.7.0_79\jre\bin\verify.dll
0x000000005de40000 - 0x000000005de68000 	C:\Program Files\Java\jdk1.7.0_79\jre\bin\java.dll
0x000000005de20000 - 0x000000005de35000 	C:\Program Files\Java\jdk1.7.0_79\jre\bin\zip.dll
0x000000005de00000 - 0x000000005de1a000 	C:\Program Files\Java\jdk1.7.0_79\jre\bin\net.dll
0x00007ffd03a00000 - 0x00007ffd03a5d000 	C:\WINDOWS\system32\mswsock.dll
0x000000005dde0000 - 0x000000005ddf1000 	C:\Program Files\Java\jdk1.7.0_79\jre\bin\nio.dll

VM Arguments:
jvm_args: -Djava.awt.headless=true -Xmx1024M -Dfile.encoding=windows-1252 -Duser.country=IT -Duser.language=it -Duser.variant 
java_command: com.android.dx.command.Main --dex --num-threads=4 --output C:\Users\admin\Desktop\android\FitUnionParse\app\build\intermediates\pre-dexed\debug\com.google.android.gms-play-services-appindexing-8.4.0_35f96aeaeccf313677ed6f6514b3fad079c282d4.jar C:\Users\admin\Desktop\android\FitUnionParse\app\build\intermediates\exploded-aar\com.google.android.gms\play-services-appindexing\8.4.0\jars\classes.jar
Launcher Type: SUN_STANDARD

Environment Variables:
PATH=C:\Program Files (x86)\NVIDIA Corporation\PhysX\Common;C:\WINDOWS\system32;C:\WINDOWS;C:\WINDOWS\System32\Wbem;C:\WINDOWS\System32\WindowsPowerShell\v1.0\;C:\Program Files (x86)\Java\jre7\bin;C:\Program Files (x86)\Skype\Phone\;c:\Program Files (x86)\Java\jdk1.7.0_79\bin;c:\Program Files\Java\jdk1.7.0_79
USERNAME=admin
OS=Windows_NT
PROCESSOR_IDENTIFIER=Intel64 Family 6 Model 30 Stepping 5, GenuineIntel



---------------  S Y S T E M  ---------------

OS: Windows 8.1 , 64 bit Build 9600 

CPU:total 8 (4 cores per cpu, 2 threads per core) family 6 model 30 stepping 5, cmov, cx8, fxsr, mmx, sse, sse2, sse3, ssse3, sse4.1, sse4.2, popcnt, ht, tsc, tscinvbit

Memory: 4k page, physical 8379256k(2970364k free), swap 8379256k(3328k free)

vm_info: Java HotSpot(TM) 64-Bit Server VM (24.79-b02) for windows-amd64 JRE (1.7.0_79-b15), built on Apr 10 2015 12:36:16 by "java_re" with unknown MS VC++:1600

time: Sun Mar 06 00:32:16 2016
elapsed time: 8 seconds

