#
# There is insufficient memory for the Java Runtime Environment to continue.
# Native memory allocation (malloc) failed to allocate 166256 bytes for Chunk::new
# Possible reasons:
#   The system is out of physical RAM or swap space
#   In 32 bit mode, the process size limit was hit
# Possible solutions:
#   Reduce memory load on the system
#   Increase physical memory or swap space
#   Check if swap backing store is full
#   Use 64 bit Java on a 64 bit OS
#   Decrease Java heap size (-Xmx/-Xms)
#   Decrease number of Java threads
#   Decrease Java thread stack sizes (-Xss)
#   Set larger code cache with -XX:ReservedCodeCacheSize=
# This output file may be truncated or incomplete.
#
#  Out of Memory Error (allocation.cpp:323), pid=2564, tid=4836
#
# JRE version: Java(TM) SE Runtime Environment (7.0_79-b15) (build 1.7.0_79-b15)
# Java VM: Java HotSpot(TM) 64-Bit Server VM (24.79-b02 mixed mode windows-amd64 compressed oops)
# Failed to write core dump. Minidumps are not enabled by default on client versions of Windows
#

---------------  T H R E A D  ---------------

Current thread (0x000000000b0a1000):  JavaThread "C2 CompilerThread0" daemon [_thread_in_native, id=4836, stack(0x000000000b680000,0x000000000b780000)]

Stack: [0x000000000b680000,0x000000000b780000]
[error occurred during error reporting (printing stack bounds), id 0xc0000005]


Current CompileTask:
C2:  16503  565             com.android.dx.rop.code.LocalVariableExtractor::processBlock (327 bytes)


---------------  P R O C E S S  ---------------

Java Threads: ( => current thread )
  0x0000000002e4a000 JavaThread "Service Thread" daemon [_thread_blocked, id=1624, stack(0x000000000b880000,0x000000000b980000)]
  0x0000000002e3f000 JavaThread "C2 CompilerThread1" daemon [_thread_in_native, id=3500, stack(0x000000000b780000,0x000000000b880000)]
=>0x000000000b0a1000 JavaThread "C2 CompilerThread0" daemon [_thread_in_native, id=4836, stack(0x000000000b680000,0x000000000b780000)]
  0x0000000002e3d000 JavaThread "Attach Listener" daemon [_thread_blocked, id=4380, stack(0x000000000b580000,0x000000000b680000)]
  0x000000000b0a0800 JavaThread "Signal Dispatcher" daemon [_thread_blocked, id=6680, stack(0x000000000b480000,0x000000000b580000)]
  0x00000000090ab000 JavaThread "Finalizer" daemon [_thread_blocked, id=6956, stack(0x000000000af80000,0x000000000b080000)]
  0x00000000090aa000 JavaThread "Reference Handler" daemon [_thread_blocked, id=7540, stack(0x000000000ae80000,0x000000000af80000)]
  0x0000000002d50800 JavaThread "main" [_thread_in_Java, id=7380, stack(0x0000000002c50000,0x0000000002d50000)]

Other Threads:
  0x00000000090a5800 VMThread [stack: 0x000000000ad80000,0x000000000ae80000] [id=7872]
  0x0000000002e4e000 WatcherThread [stack: 0x000000000b980000,0x000000000ba80000] [id=2664]

VM state:not at safepoint (normal execution)

VM Mutex/Monitor currently owned by a thread: None

Heap
 PSYoungGen      total 72704K, used 45198K [0x00000000eaa80000, 0x00000000f3880000, 0x0000000100000000)
  eden space 67584K, 59% used [0x00000000eaa80000,0x00000000ed1a62d8,0x00000000eec80000)
  from space 5120K, 99% used [0x00000000eec80000,0x00000000ef17d8d0,0x00000000ef180000)
  to   space 5120K, 0% used [0x00000000f3380000,0x00000000f3380000,0x00000000f3880000)
 ParOldGen       total 87040K, used 14533K [0x00000000c0000000, 0x00000000c5500000, 0x00000000eaa80000)
  object space 87040K, 16% used [0x00000000c0000000,0x00000000c0e314b0,0x00000000c5500000)
 PSPermGen       total 21504K, used 6004K [0x00000000bae00000, 0x00000000bc300000, 0x00000000c0000000)
  object space 21504K, 27% used [0x00000000bae00000,0x00000000bb3dd380,0x00000000bc300000)

Card table byte_map: [0x0000000005e50000,0x0000000006080000] byte_map_base: 0x0000000005879000

Polling page: 0x0000000000f50000

Code Cache  [0x0000000002e50000, 0x00000000030c0000, 0x0000000005e50000)
 total_blobs=791 nmethods=555 adapters=189 free_code_cache=46829Kb largest_free_block=47889856

Compilation events (10 events):
Event: 16.334 Thread 0x000000000b0a1000 nmethod 553 0x0000000003097c50 code [0x0000000003098460, 0x000000000309cf18]
Event: 16.337 Thread 0x000000000b0a1000  561             com.android.dx.rop.cst.CstString::<init> (35 bytes)
Event: 16.339 Thread 0x000000000b0a1000 nmethod 561 0x0000000003075850 code [0x00000000030759a0, 0x0000000003075a98]
Event: 16.339 Thread 0x000000000b0a1000  562   !         com.android.dx.cf.cst.ConstantPoolParser::parseUtf8 (47 bytes)
Event: 16.357 Thread 0x000000000b0a1000 nmethod 562 0x0000000003077b90 code [0x0000000003077d20, 0x00000000030780d8]
Event: 16.357 Thread 0x000000000b0a1000  563             com.android.dx.ssa.SCCP::replaceConstants (209 bytes)
Event: 16.408 Thread 0x000000000b0a1000 nmethod 563 0x0000000003095910 code [0x0000000003095b80, 0x00000000030967e0]
Event: 16.408 Thread 0x000000000b0a1000  564             com.android.dx.rop.code.Insn::hashCode (5 bytes)
Event: 16.410 Thread 0x000000000b0a1000 nmethod 564 0x0000000002ed7ad0 code [0x0000000002ed7c20, 0x0000000002ed7ca8]
Event: 16.410 Thread 0x000000000b0a1000  565             com.android.dx.rop.code.LocalVariableExtractor::processBlock (327 bytes)

GC Heap History (6 events):
Event: 7.395 GC heap before
{Heap before GC invocations=1 (full 0):
 PSYoungGen      total 38912K, used 33792K [0x00000000eaa80000, 0x00000000ed580000, 0x0000000100000000)
  eden space 33792K, 100% used [0x00000000eaa80000,0x00000000ecb80000,0x00000000ecb80000)
  from space 5120K, 0% used [0x00000000ed080000,0x00000000ed080000,0x00000000ed580000)
  to   space 5120K, 0% used [0x00000000ecb80000,0x00000000ecb80000,0x00000000ed080000)
 ParOldGen       total 87040K, used 0K [0x00000000c0000000, 0x00000000c5500000, 0x00000000eaa80000)
  object space 87040K, 0% used [0x00000000c0000000,0x00000000c0000000,0x00000000c5500000)
 PSPermGen       total 21504K, used 5793K [0x00000000bae00000, 0x00000000bc300000, 0x00000000c0000000)
  object space 21504K, 26% used [0x00000000bae00000,0x00000000bb3a86d8,0x00000000bc300000)
Event: 7.635 GC heap after
Heap after GC invocations=1 (full 0):
 PSYoungGen      total 38912K, used 5099K [0x00000000eaa80000, 0x00000000ef680000, 0x0000000100000000)
  eden space 33792K, 0% used [0x00000000eaa80000,0x00000000eaa80000,0x00000000ecb80000)
  from space 5120K, 99% used [0x00000000ecb80000,0x00000000ed07ac30,0x00000000ed080000)
  to   space 5120K, 0% used [0x00000000ef180000,0x00000000ef180000,0x00000000ef680000)
 ParOldGen       total 87040K, used 825K [0x00000000c0000000, 0x00000000c5500000, 0x00000000eaa80000)
  object space 87040K, 0% used [0x00000000c0000000,0x00000000c00ce4a0,0x00000000c5500000)
 PSPermGen       total 21504K, used 5793K [0x00000000bae00000, 0x00000000bc300000, 0x00000000c0000000)
  object space 21504K, 26% used [0x00000000bae00000,0x00000000bb3a86d8,0x00000000bc300000)
}
Event: 10.470 GC heap before
{Heap before GC invocations=2 (full 0):
 PSYoungGen      total 38912K, used 38891K [0x00000000eaa80000, 0x00000000ef680000, 0x0000000100000000)
  eden space 33792K, 100% used [0x00000000eaa80000,0x00000000ecb80000,0x00000000ecb80000)
  from space 5120K, 99% used [0x00000000ecb80000,0x00000000ed07ac30,0x00000000ed080000)
  to   space 5120K, 0% used [0x00000000ef180000,0x00000000ef180000,0x00000000ef680000)
 ParOldGen       total 87040K, used 825K [0x00000000c0000000, 0x00000000c5500000, 0x00000000eaa80000)
  object space 87040K, 0% used [0x00000000c0000000,0x00000000c00ce4a0,0x00000000c5500000)
 PSPermGen       total 21504K, used 5885K [0x00000000bae00000, 0x00000000bc300000, 0x00000000c0000000)
  object space 21504K, 27% used [0x00000000bae00000,0x00000000bb3bf5c8,0x00000000bc300000)
Event: 10.835 GC heap after
Heap after GC invocations=2 (full 0):
 PSYoungGen      total 72704K, used 5117K [0x00000000eaa80000, 0x00000000ef680000, 0x0000000100000000)
  eden space 67584K, 0% used [0x00000000eaa80000,0x00000000eaa80000,0x00000000eec80000)
  from space 5120K, 99% used [0x00000000ef180000,0x00000000ef67f548,0x00000000ef680000)
  to   space 5120K, 0% used [0x00000000eec80000,0x00000000eec80000,0x00000000ef180000)
 ParOldGen       total 87040K, used 4324K [0x00000000c0000000, 0x00000000c5500000, 0x00000000eaa80000)
  object space 87040K, 4% used [0x00000000c0000000,0x00000000c04392a8,0x00000000c5500000)
 PSPermGen       total 21504K, used 5885K [0x00000000bae00000, 0x00000000bc300000, 0x00000000c0000000)
  object space 21504K, 27% used [0x00000000bae00000,0x00000000bb3bf5c8,0x00000000bc300000)
}
Event: 14.820 GC heap before
{Heap before GC invocations=3 (full 0):
 PSYoungGen      total 72704K, used 72701K [0x00000000eaa80000, 0x00000000ef680000, 0x0000000100000000)
  eden space 67584K, 100% used [0x00000000eaa80000,0x00000000eec80000,0x00000000eec80000)
  from space 5120K, 99% used [0x00000000ef180000,0x00000000ef67f548,0x00000000ef680000)
  to   space 5120K, 0% used [0x00000000eec80000,0x00000000eec80000,0x00000000ef180000)
 ParOldGen       total 87040K, used 4324K [0x00000000c0000000, 0x00000000c5500000, 0x00000000eaa80000)
  object space 87040K, 4% used [0x00000000c0000000,0x00000000c04392a8,0x00000000c5500000)
 PSPermGen       total 21504K, used 5953K [0x00000000bae00000, 0x00000000bc300000, 0x00000000c0000000)
  object space 21504K, 27% used [0x00000000bae00000,0x00000000bb3d04c0,0x00000000bc300000)
Event: 14.963 GC heap after
Heap after GC invocations=3 (full 0):
 PSYoungGen      total 72704K, used 5110K [0x00000000eaa80000, 0x00000000f3880000, 0x0000000100000000)
  eden space 67584K, 0% used [0x00000000eaa80000,0x00000000eaa80000,0x00000000eec80000)
  from space 5120K, 99% used [0x00000000eec80000,0x00000000ef17d8d0,0x00000000ef180000)
  to   space 5120K, 0% used [0x00000000f3380000,0x00000000f3380000,0x00000000f3880000)
 ParOldGen       total 87040K, used 14533K [0x00000000c0000000, 0x00000000c5500000, 0x00000000eaa80000)
  object space 87040K, 16% used [0x00000000c0000000,0x00000000c0e314b0,0x00000000c5500000)
 PSPermGen       total 21504K, used 5953K [0x00000000bae00000, 0x00000000bc300000, 0x00000000c0000000)
  object space 21504K, 27% used [0x00000000bae00000,0x00000000bb3d04c0,0x00000000bc300000)
}

Deoptimization events (10 events):
Event: 13.693 Thread 0x000000000b43b000 Uncommon trap: reason=class_check action=maybe_recompile pc=0x0000000002ee1248 method=com.android.dx.ssa.NormalSsaInsn.accept(Lcom/android/dx/ssa/SsaInsn$Visitor;)V @ 9
Event: 13.763 Thread 0x000000000b43b000 Uncommon trap: reason=bimorphic action=maybe_recompile pc=0x0000000002fbeef8 method=com.android.dx.ssa.SCCP.setLatticeValueTo(IILcom/android/dx/rop/cst/Constant;)Z @ 43
Event: 13.763 Thread 0x000000000b43b000 Uncommon trap: reason=bimorphic action=maybe_recompile pc=0x0000000002fbeef8 method=com.android.dx.ssa.SCCP.setLatticeValueTo(IILcom/android/dx/rop/cst/Constant;)Z @ 43
Event: 13.763 Thread 0x000000000b43b000 Uncommon trap: reason=bimorphic action=maybe_recompile pc=0x0000000002fbeee4 method=com.android.dx.ssa.SCCP.simulatePhi(Lcom/android/dx/ssa/PhiInsn;)V @ 124
Event: 13.763 Thread 0x000000000b43b000 Uncommon trap: reason=bimorphic action=maybe_recompile pc=0x0000000002fbeee4 method=com.android.dx.ssa.SCCP.simulatePhi(Lcom/android/dx/ssa/PhiInsn;)V @ 124
Event: 13.764 Thread 0x000000000b43b000 Uncommon trap: reason=bimorphic action=maybe_recompile pc=0x0000000002fbeee4 method=com.android.dx.ssa.SCCP.simulatePhi(Lcom/android/dx/ssa/PhiInsn;)V @ 124
Event: 14.108 Thread 0x000000000b32d800 Uncommon trap: reason=class_check action=maybe_recompile pc=0x0000000002ee1248 method=com.android.dx.ssa.NormalSsaInsn.accept(Lcom/android/dx/ssa/SsaInsn$Visitor;)V @ 9
Event: 14.505 Thread 0x0000000002d50800 Uncommon trap: reason=class_check action=maybe_recompile pc=0x0000000002ee1248 method=com.android.dx.ssa.NormalSsaInsn.accept(Lcom/android/dx/ssa/SsaInsn$Visitor;)V @ 9
Event: 14.611 Thread 0x000000000b19e800 Uncommon trap: reason=null_check action=make_not_entrant pc=0x00000000030415d4 method=com.android.dx.cf.code.Ropper$CatchInfo.getSetup(Lcom/android/dx/rop/type/Type;)Lcom/android/dx/cf/code/Ropper$ExceptionHandlerSetup; @ 10
Event: 15.891 Thread 0x000000000b43b000 Uncommon trap: reason=unreached action=reinterpret pc=0x0000000002f110bc method=com.android.dx.cf.code.Merger.mergeLocals(Lcom/android/dx/cf/code/OneLocalsArray;Lcom/android/dx/cf/code/OneLocalsArray;)Lcom/android/dx/cf/code/OneLocalsArray; @ 70

Internal exceptions (10 events):
Event: 7.701 Thread 0x000000000b32d800 Implicit null exception at 0x0000000002f0cd15 to 0x0000000002f0df0d
Event: 8.393 Thread 0x0000000002d50800 Implicit null exception at 0x0000000002f2d1db to 0x0000000002f2d8c9
Event: 9.538 Thread 0x000000000b43a800 Threw 0x00000000eb9ddfa0 at C:\re\jdk7u79\2331\hotspot\src\share\vm\prims\jvm.cpp:1304
Event: 9.569 Thread 0x000000000b43a800 Threw 0x00000000eba887f8 at C:\re\jdk7u79\2331\hotspot\src\share\vm\prims\jvm.cpp:1304
Event: 13.688 Thread 0x000000000b43b000 Implicit null exception at 0x0000000002f9fd36 to 0x0000000002fa010d
Event: 13.801 Thread 0x0000000002d50800 Threw 0x00000000ed8b5248 at C:\re\jdk7u79\2331\hotspot\src\share\vm\prims\jvm.cpp:1304
Event: 14.493 Thread 0x0000000002d50800 Threw 0x00000000ee4b3328 at C:\re\jdk7u79\2331\hotspot\src\share\vm\prims\jvm.cpp:1304
Event: 14.611 Thread 0x000000000b19e800 Implicit null exception at 0x000000000303d48c to 0x0000000003041579
Event: 15.281 Thread 0x000000000b43b000 Threw 0x00000000eb4c8b00 at C:\re\jdk7u79\2331\hotspot\src\share\vm\prims\jvm.cpp:1304
Event: 16.391 Thread 0x0000000002d50800 Threw 0x00000000ecc63fb0 at C:\re\jdk7u79\2331\hotspot\src\share\vm\prims\jvm.cpp:1304

Events (10 events):
Event: 16.381 loading class 0x000000000b0b0260
Event: 16.381 loading class 0x000000000b35c6d0
Event: 16.381 loading class 0x000000000b0b00e0
Event: 16.381 loading class 0x000000000b0b00e0 done
Event: 16.382 loading class 0x000000000b35c6d0 done
Event: 16.382 loading class 0x000000000b0b0260 done
Event: 16.382 loading class 0x000000000b0b0230
Event: 16.382 loading class 0x000000000b0b0230 done
Event: 16.391 loading class 0x000000000b1afac0
Event: 16.391 loading class 0x000000000b1afac0 done


Dynamic libraries:
0x00007ff692330000 - 0x00007ff692363000 	C:\Program Files\Java\jdk1.7.0_79\bin\java.exe
0x00007ffd07760000 - 0x00007ffd07921000 	C:\WINDOWS\SYSTEM32\ntdll.dll
0x00007ffd06d50000 - 0x00007ffd06dfd000 	C:\WINDOWS\system32\KERNEL32.DLL
0x00007ffd04c50000 - 0x00007ffd04e2d000 	C:\WINDOWS\system32\KERNELBASE.dll
0x00007ffd06af0000 - 0x00007ffd06b96000 	C:\WINDOWS\system32\ADVAPI32.dll
0x00007ffd05160000 - 0x00007ffd051fd000 	C:\WINDOWS\system32\msvcrt.dll
0x00007ffd04e90000 - 0x00007ffd04eeb000 	C:\WINDOWS\system32\sechost.dll
0x00007ffd06fd0000 - 0x00007ffd070f6000 	C:\WINDOWS\system32\RPCRT4.dll
0x00007ffd07530000 - 0x00007ffd0767e000 	C:\WINDOWS\system32\USER32.dll
0x00007ffd04fd0000 - 0x00007ffd05156000 	C:\WINDOWS\system32\GDI32.dll
0x00007ffd002a0000 - 0x00007ffd00514000 	C:\WINDOWS\WinSxS\amd64_microsoft.windows.common-controls_6595b64144ccf1df_6.0.10240.16384_none_f41f7b285750ef43\COMCTL32.dll
0x00007ffd074f0000 - 0x00007ffd07526000 	C:\WINDOWS\system32\IMM32.DLL
0x00007ffd07380000 - 0x00007ffd074dc000 	C:\WINDOWS\system32\MSCTF.dll
0x000000005de70000 - 0x000000005df42000 	C:\Program Files\Java\jdk1.7.0_79\jre\bin\msvcr100.dll
0x000000005df50000 - 0x000000005e725000 	C:\Program Files\Java\jdk1.7.0_79\jre\bin\server\jvm.dll
0x00007ffd074e0000 - 0x00007ffd074e8000 	C:\WINDOWS\system32\PSAPI.DLL
0x00007ffcfffd0000 - 0x00007ffcfffd9000 	C:\WINDOWS\SYSTEM32\WSOCK32.dll
0x00007ffd04ef0000 - 0x00007ffd04f59000 	C:\WINDOWS\system32\WS2_32.dll
0x00007ffd04f60000 - 0x00007ffd04f68000 	C:\WINDOWS\system32\NSI.dll
0x00007ffd025e0000 - 0x00007ffd02603000 	C:\WINDOWS\SYSTEM32\WINMM.dll
0x00007ffd024a0000 - 0x00007ffd024cc000 	C:\WINDOWS\SYSTEM32\WINMMBASE.dll
0x00007ffd04340000 - 0x00007ffd04384000 	C:\WINDOWS\system32\cfgmgr32.dll
0x00007ffd02b00000 - 0x00007ffd02b27000 	C:\WINDOWS\SYSTEM32\DEVOBJ.dll
0x000000005e860000 - 0x000000005e86f000 	C:\Program Files\Java\jdk1.7.0_79\jre\bin\verify.dll
0x000000005de40000 - 0x000000005de68000 	C:\Program Files\Java\jdk1.7.0_79\jre\bin\java.dll
0x000000005de20000 - 0x000000005de35000 	C:\Program Files\Java\jdk1.7.0_79\jre\bin\zip.dll
0x000000005de00000 - 0x000000005de1a000 	C:\Program Files\Java\jdk1.7.0_79\jre\bin\net.dll
0x00007ffd03a00000 - 0x00007ffd03a5d000 	C:\WINDOWS\system32\mswsock.dll
0x000000005dde0000 - 0x000000005ddf1000 	C:\Program Files\Java\jdk1.7.0_79\jre\bin\nio.dll

VM Arguments:
jvm_args: -Djava.awt.headless=true -Xmx1024M -Dfile.encoding=windows-1252 -Duser.country=IT -Duser.language=it -Duser.variant 
java_command: com.android.dx.command.Main --dex --num-threads=4 --output C:\Users\admin\Desktop\android\FitUnionParse\app\build\intermediates\pre-dexed\debug\com.google.android.gms-play-services-maps-8.4.0_d48c32205e645e3ea050199722295c868291259d.jar C:\Users\admin\Desktop\android\FitUnionParse\app\build\intermediates\exploded-aar\com.google.android.gms\play-services-maps\8.4.0\jars\classes.jar
Launcher Type: SUN_STANDARD

Environment Variables:
PATH=C:\Program Files (x86)\NVIDIA Corporation\PhysX\Common;C:\WINDOWS\system32;C:\WINDOWS;C:\WINDOWS\System32\Wbem;C:\WINDOWS\System32\WindowsPowerShell\v1.0\;C:\Program Files (x86)\Java\jre7\bin;C:\Program Files (x86)\Skype\Phone\;c:\Program Files (x86)\Java\jdk1.7.0_79\bin;c:\Program Files\Java\jdk1.7.0_79
USERNAME=admin
OS=Windows_NT
PROCESSOR_IDENTIFIER=Intel64 Family 6 Model 30 Stepping 5, GenuineIntel



---------------  S Y S T E M  ---------------

OS: Windows 8.1 , 64 bit Build 9600 

CPU:total 8 (4 cores per cpu, 2 threads per core) family 6 model 30 stepping 5, cmov, cx8, fxsr, mmx, sse, sse2, sse3, ssse3, sse4.1, sse4.2, popcnt, ht, tsc, tscinvbit

Memory: 4k page, physical 8379256k(2997232k free), swap 8379256k(3188k free)

vm_info: Java HotSpot(TM) 64-Bit Server VM (24.79-b02) for windows-amd64 JRE (1.7.0_79-b15), built on Apr 10 2015 12:36:16 by "java_re" with unknown MS VC++:1600

time: Sun Mar 06 01:15:38 2016
elapsed time: 16 seconds

