#
# There is insufficient memory for the Java Runtime Environment to continue.
# Native memory allocation (malloc) failed to allocate 661216 bytes for Chunk::new
# Possible reasons:
#   The system is out of physical RAM or swap space
#   In 32 bit mode, the process size limit was hit
# Possible solutions:
#   Reduce memory load on the system
#   Increase physical memory or swap space
#   Check if swap backing store is full
#   Use 64 bit Java on a 64 bit OS
#   Decrease Java heap size (-Xmx/-Xms)
#   Decrease number of Java threads
#   Decrease Java thread stack sizes (-Xss)
#   Set larger code cache with -XX:ReservedCodeCacheSize=
# This output file may be truncated or incomplete.
#
#  Out of Memory Error (allocation.cpp:323), pid=4504, tid=6852
#
# JRE version: Java(TM) SE Runtime Environment (7.0_79-b15) (build 1.7.0_79-b15)
# Java VM: Java HotSpot(TM) 64-Bit Server VM (24.79-b02 mixed mode windows-amd64 compressed oops)
# Failed to write core dump. Minidumps are not enabled by default on client versions of Windows
#

---------------  T H R E A D  ---------------

Current thread (0x0000000002aec800):  JavaThread "C2 CompilerThread0" daemon [_thread_in_native, id=6852, stack(0x000000000b400000,0x000000000b500000)]

Stack: [0x000000000b400000,0x000000000b500000]
[error occurred during error reporting (printing stack bounds), id 0xc0000005]


[error occurred during error reporting (printing native stack), id 0xc0000005]


Current CompileTask:
C2:   6886  188             com.android.dx.ssa.SCCP::simulateBranch (666 bytes)


---------------  P R O C E S S  ---------------

Java Threads: ( => current thread )
  0x000000000afa3800 JavaThread "pool-1-thread-4" [_thread_in_Java, id=3536, stack(0x000000000bc00000,0x000000000bd00000)]
  0x000000000afa3000 JavaThread "pool-1-thread-3" [_thread_in_Java, id=3228, stack(0x000000000bb00000,0x000000000bc00000)]
  0x000000000aff8000 JavaThread "pool-1-thread-2" [_thread_in_Java, id=7704, stack(0x000000000ba00000,0x000000000bb00000)]
  0x000000000aee1800 JavaThread "pool-2-thread-1" [_thread_blocked, id=7316, stack(0x000000000b900000,0x000000000ba00000)]
  0x000000000aedf800 JavaThread "pool-1-thread-1" [_thread_in_Java, id=6924, stack(0x000000000b800000,0x000000000b900000)]
  0x0000000002af9000 JavaThread "Service Thread" daemon [_thread_blocked, id=7260, stack(0x000000000b600000,0x000000000b700000)]
  0x0000000002aee800 JavaThread "C2 CompilerThread1" daemon [_thread_in_native, id=7856, stack(0x000000000b500000,0x000000000b600000)]
=>0x0000000002aec800 JavaThread "C2 CompilerThread0" daemon [_thread_in_native, id=6852, stack(0x000000000b400000,0x000000000b500000)]
  0x0000000002aec000 JavaThread "Attach Listener" daemon [_thread_blocked, id=5712, stack(0x000000000b300000,0x000000000b400000)]
  0x0000000008e0a000 JavaThread "Signal Dispatcher" daemon [_thread_blocked, id=528, stack(0x000000000b200000,0x000000000b300000)]
  0x0000000008dfb000 JavaThread "Finalizer" daemon [_thread_blocked, id=6092, stack(0x000000000ad00000,0x000000000ae00000)]
  0x0000000008dfa000 JavaThread "Reference Handler" daemon [_thread_blocked, id=6660, stack(0x000000000ac00000,0x000000000ad00000)]
  0x0000000002a00800 JavaThread "main" [_thread_in_Java, id=5244, stack(0x0000000002760000,0x0000000002860000)]

Other Threads:
  0x0000000008df5800 VMThread [stack: 0x000000000ab00000,0x000000000ac00000] [id=2216]
  0x0000000002afd800 WatcherThread [stack: 0x000000000b700000,0x000000000b800000] [id=416]

VM state:not at safepoint (normal execution)

VM Mutex/Monitor currently owned by a thread: None

Heap
 PSYoungGen      total 38912K, used 33792K [0x00000000eaa80000, 0x00000000ed580000, 0x0000000100000000)
  eden space 33792K, 100% used [0x00000000eaa80000,0x00000000ecb80000,0x00000000ecb80000)
  from space 5120K, 0% used [0x00000000ed080000,0x00000000ed080000,0x00000000ed580000)
  to   space 5120K, 0% used [0x00000000ecb80000,0x00000000ecb80000,0x00000000ed080000)
 ParOldGen       total 87040K, used 0K [0x00000000c0000000, 0x00000000c5500000, 0x00000000eaa80000)
  object space 87040K, 0% used [0x00000000c0000000,0x00000000c0000000,0x00000000c5500000)
 PSPermGen       total 21504K, used 5857K [0x00000000bae00000, 0x00000000bc300000, 0x00000000c0000000)
  object space 21504K, 27% used [0x00000000bae00000,0x00000000bb3b8628,0x00000000bc300000)

Card table byte_map: [0x0000000005bc0000,0x0000000005df0000] byte_map_base: 0x00000000055e9000

Polling page: 0x0000000000fe0000

Code Cache  [0x0000000002b00000, 0x0000000002d70000, 0x0000000005b00000)
 total_blobs=429 nmethods=193 adapters=189 free_code_cache=48349Kb largest_free_block=49449472

Compilation events (10 events):
Event: 6.791 Thread 0x0000000002aee800 nmethod 189 0x0000000002baf450 code [0x0000000002baf580, 0x0000000002baf5d8]
Event: 6.791 Thread 0x0000000002aee800  190             com.android.dx.dex.code.DalvInsn::<init> (67 bytes)
Event: 6.792 Thread 0x0000000002aee800 nmethod 190 0x0000000002bb0810 code [0x0000000002bb0940, 0x0000000002bb0a18]
Event: 6.792 Thread 0x0000000002aee800  191             java.util.ArrayList::remove (77 bytes)
Event: 6.806 Thread 0x0000000002aee800 nmethod 191 0x0000000002bbe810 code [0x0000000002bbe960, 0x0000000002bbecf8]
Event: 6.806 Thread 0x0000000002aee800  192             com.android.dx.rop.cst.CstType::compareTo0 (25 bytes)
Event: 6.808 Thread 0x0000000002aee800 nmethod 192 0x0000000002bbe3d0 code [0x0000000002bbe520, 0x0000000002bbe6b8]
Event: 6.808 Thread 0x0000000002aee800  193             java.util.Arrays::copyOfRange (63 bytes)
Event: 6.813 Thread 0x0000000002aee800 nmethod 193 0x0000000002bbdf50 code [0x0000000002bbe0a0, 0x0000000002bbe298]
Event: 6.813 Thread 0x0000000002aee800  194             com.android.dx.ssa.SCCP::run (298 bytes)

GC Heap History (0 events):
No events

Deoptimization events (5 events):
Event: 5.277 Thread 0x000000000aff8000 Uncommon trap: reason=null_check action=make_not_entrant pc=0x0000000002b7b56c method=com.android.dx.rop.code.LocalItem.equals(Ljava/lang/Object;)Z @ 1
Event: 6.129 Thread 0x000000000aedf800 Uncommon trap: reason=class_check action=maybe_recompile pc=0x0000000002b9dedc method=com.android.dx.ssa.NormalSsaInsn.accept(Lcom/android/dx/ssa/SsaInsn$Visitor;)V @ 9
Event: 6.565 Thread 0x000000000aedf800 Uncommon trap: reason=null_check action=make_not_entrant pc=0x0000000002bbb5f4 method=com.android.dx.rop.code.RegisterSpec.equals(Ljava/lang/Object;)Z @ 1
Event: 6.579 Thread 0x0000000002a00800 Uncommon trap: reason=class_check action=maybe_recompile pc=0x0000000002b9dedc method=com.android.dx.ssa.NormalSsaInsn.accept(Lcom/android/dx/ssa/SsaInsn$Visitor;)V @ 9
Event: 6.605 Thread 0x0000000002a00800 Uncommon trap: reason=class_check action=maybe_recompile pc=0x0000000002b9dedc method=com.android.dx.ssa.NormalSsaInsn.accept(Lcom/android/dx/ssa/SsaInsn$Visitor;)V @ 9

Internal exceptions (10 events):
Event: 5.049 Thread 0x0000000002a00800 Threw 0x00000000eb5cfed0 at C:\re\jdk7u79\2331\hotspot\src\share\vm\prims\jvm.cpp:1304
Event: 5.067 Thread 0x0000000002a00800 Threw 0x00000000eb5efa00 at C:\re\jdk7u79\2331\hotspot\src\share\vm\prims\jvm.cpp:1304
Event: 5.099 Thread 0x000000000aff8000 Threw 0x00000000eb5676e8 at C:\re\jdk7u79\2331\hotspot\src\share\vm\prims\jvm.cpp:1304
Event: 5.101 Thread 0x000000000aff8000 Threw 0x00000000eb56cf38 at C:\re\jdk7u79\2331\hotspot\src\share\vm\prims\jvm.cpp:1304
Event: 5.102 Thread 0x000000000aff8000 Threw 0x00000000eb572440 at C:\re\jdk7u79\2331\hotspot\src\share\vm\prims\jvm.cpp:1304
Event: 5.160 Thread 0x0000000002a00800 Threw 0x00000000eb662cc8 at C:\re\jdk7u79\2331\hotspot\src\share\vm\prims\jvm.cpp:1304
Event: 5.164 Thread 0x0000000002a00800 Threw 0x00000000eb66b4f8 at C:\re\jdk7u79\2331\hotspot\src\share\vm\prims\jvm.cpp:1304
Event: 5.277 Thread 0x000000000aff8000 Implicit null exception at 0x0000000002b7b1e3 to 0x0000000002b7b551
Event: 5.448 Thread 0x000000000aff8000 Threw 0x00000000ebb41b60 at C:\re\jdk7u79\2331\hotspot\src\share\vm\prims\jvm.cpp:1304
Event: 6.565 Thread 0x000000000aedf800 Implicit null exception at 0x0000000002bba821 to 0x0000000002bbb5c9

Events (10 events):
Event: 6.129 Thread 0x000000000aedf800 DEOPT UNPACKING pc=0x0000000002b39064 sp=0x000000000b8fea00 mode 2
Event: 6.565 Thread 0x000000000aedf800 Uncommon trap: trap_request=0xfffffff4 fr.pc=0x0000000002bbb5f4
Event: 6.565 Thread 0x000000000aedf800 DEOPT PACKING pc=0x0000000002bbb5f4 sp=0x000000000b8fec10
Event: 6.565 Thread 0x000000000aedf800 DEOPT UNPACKING pc=0x0000000002b39064 sp=0x000000000b8feb18 mode 2
Event: 6.579 Thread 0x0000000002a00800 Uncommon trap: trap_request=0xffffffde fr.pc=0x0000000002b9dedc
Event: 6.579 Thread 0x0000000002a00800 DEOPT PACKING pc=0x0000000002b9dedc sp=0x000000000285e660
Event: 6.579 Thread 0x0000000002a00800 DEOPT UNPACKING pc=0x0000000002b39064 sp=0x000000000285e5b0 mode 2
Event: 6.605 Thread 0x0000000002a00800 Uncommon trap: trap_request=0xffffffde fr.pc=0x0000000002b9dedc
Event: 6.605 Thread 0x0000000002a00800 DEOPT PACKING pc=0x0000000002b9dedc sp=0x000000000285e620
Event: 6.605 Thread 0x0000000002a00800 DEOPT UNPACKING pc=0x0000000002b39064 sp=0x000000000285e570 mode 2


Dynamic libraries:
0x00007ff692330000 - 0x00007ff692363000 	C:\Program Files\Java\jdk1.7.0_79\bin\java.exe
0x00007ffd07760000 - 0x00007ffd07921000 	C:\WINDOWS\SYSTEM32\ntdll.dll
0x00007ffd06d50000 - 0x00007ffd06dfd000 	C:\WINDOWS\system32\KERNEL32.DLL
0x00007ffd04c50000 - 0x00007ffd04e2d000 	C:\WINDOWS\system32\KERNELBASE.dll
0x00007ffd06af0000 - 0x00007ffd06b96000 	C:\WINDOWS\system32\ADVAPI32.dll
0x00007ffd05160000 - 0x00007ffd051fd000 	C:\WINDOWS\system32\msvcrt.dll
0x00007ffd04e90000 - 0x00007ffd04eeb000 	C:\WINDOWS\system32\sechost.dll
0x00007ffd06fd0000 - 0x00007ffd070f6000 	C:\WINDOWS\system32\RPCRT4.dll
0x00007ffd07530000 - 0x00007ffd0767e000 	C:\WINDOWS\system32\USER32.dll
0x00007ffd04fd0000 - 0x00007ffd05156000 	C:\WINDOWS\system32\GDI32.dll
0x00007ffd002a0000 - 0x00007ffd00514000 	C:\WINDOWS\WinSxS\amd64_microsoft.windows.common-controls_6595b64144ccf1df_6.0.10240.16384_none_f41f7b285750ef43\COMCTL32.dll
0x00007ffd074f0000 - 0x00007ffd07526000 	C:\WINDOWS\system32\IMM32.DLL
0x00007ffd07380000 - 0x00007ffd074dc000 	C:\WINDOWS\system32\MSCTF.dll
0x000000005de70000 - 0x000000005df42000 	C:\Program Files\Java\jdk1.7.0_79\jre\bin\msvcr100.dll
0x000000005df50000 - 0x000000005e725000 	C:\Program Files\Java\jdk1.7.0_79\jre\bin\server\jvm.dll
0x00007ffd074e0000 - 0x00007ffd074e8000 	C:\WINDOWS\system32\PSAPI.DLL
0x00007ffcfffd0000 - 0x00007ffcfffd9000 	C:\WINDOWS\SYSTEM32\WSOCK32.dll
0x00007ffd04ef0000 - 0x00007ffd04f59000 	C:\WINDOWS\system32\WS2_32.dll
0x00007ffd04f60000 - 0x00007ffd04f68000 	C:\WINDOWS\system32\NSI.dll
0x00007ffd025e0000 - 0x00007ffd02603000 	C:\WINDOWS\SYSTEM32\WINMM.dll
0x00007ffd024a0000 - 0x00007ffd024cc000 	C:\WINDOWS\SYSTEM32\WINMMBASE.dll
0x00007ffd04340000 - 0x00007ffd04384000 	C:\WINDOWS\system32\cfgmgr32.dll
0x00007ffd02b00000 - 0x00007ffd02b27000 	C:\WINDOWS\SYSTEM32\DEVOBJ.dll
0x000000005e860000 - 0x000000005e86f000 	C:\Program Files\Java\jdk1.7.0_79\jre\bin\verify.dll
0x000000005de40000 - 0x000000005de68000 	C:\Program Files\Java\jdk1.7.0_79\jre\bin\java.dll
0x000000005de20000 - 0x000000005de35000 	C:\Program Files\Java\jdk1.7.0_79\jre\bin\zip.dll
0x000000005de00000 - 0x000000005de1a000 	C:\Program Files\Java\jdk1.7.0_79\jre\bin\net.dll
0x00007ffd03a00000 - 0x00007ffd03a5d000 	C:\WINDOWS\system32\mswsock.dll
0x000000005dde0000 - 0x000000005ddf1000 	C:\Program Files\Java\jdk1.7.0_79\jre\bin\nio.dll

VM Arguments:
jvm_args: -Djava.awt.headless=true -Xmx1024M -Dfile.encoding=windows-1252 -Duser.country=IT -Duser.language=it -Duser.variant 
java_command: com.android.dx.command.Main --dex --num-threads=4 --output C:\Users\admin\Desktop\android\FitUnionParse\app\build\intermediates\pre-dexed\debug\com.google.android.gms-play-services-base-8.4.0_eed6148c9aab304fef9c7b7065a08dcdca627cdf.jar C:\Users\admin\Desktop\android\FitUnionParse\app\build\intermediates\exploded-aar\com.google.android.gms\play-services-base\8.4.0\jars\classes.jar
Launcher Type: SUN_STANDARD

Environment Variables:
PATH=C:\Program Files (x86)\NVIDIA Corporation\PhysX\Common;C:\WINDOWS\system32;C:\WINDOWS;C:\WINDOWS\System32\Wbem;C:\WINDOWS\System32\WindowsPowerShell\v1.0\;C:\Program Files (x86)\Java\jre7\bin;C:\Program Files (x86)\Skype\Phone\;c:\Program Files (x86)\Java\jdk1.7.0_79\bin;c:\Program Files\Java\jdk1.7.0_79
USERNAME=admin
OS=Windows_NT
PROCESSOR_IDENTIFIER=Intel64 Family 6 Model 30 Stepping 5, GenuineIntel



---------------  S Y S T E M  ---------------

OS: Windows 8.1 , 64 bit Build 9600 

CPU:total 8 (4 cores per cpu, 2 threads per core) family 6 model 30 stepping 5, cmov, cx8, fxsr, mmx, sse, sse2, sse3, ssse3, sse4.1, sse4.2, popcnt, ht, tsc, tscinvbit

Memory: 4k page, physical 8379256k(2608484k free), swap 8379256k(5292k free)

vm_info: Java HotSpot(TM) 64-Bit Server VM (24.79-b02) for windows-amd64 JRE (1.7.0_79-b15), built on Apr 10 2015 12:36:16 by "java_re" with unknown MS VC++:1600

time: Sun Mar 06 01:15:50 2016
elapsed time: 6 seconds

