#
# There is insufficient memory for the Java Runtime Environment to continue.
# Native memory allocation (malloc) failed to allocate 195376 bytes for Chunk::new
# Possible reasons:
#   The system is out of physical RAM or swap space
#   In 32 bit mode, the process size limit was hit
# Possible solutions:
#   Reduce memory load on the system
#   Increase physical memory or swap space
#   Check if swap backing store is full
#   Use 64 bit Java on a 64 bit OS
#   Decrease Java heap size (-Xmx/-Xms)
#   Decrease number of Java threads
#   Decrease Java thread stack sizes (-Xss)
#   Set larger code cache with -XX:ReservedCodeCacheSize=
# This output file may be truncated or incomplete.
#
#  Out of Memory Error (allocation.cpp:323), pid=3676, tid=2128
#
# JRE version: Java(TM) SE Runtime Environment (7.0_79-b15) (build 1.7.0_79-b15)
# Java VM: Java HotSpot(TM) 64-Bit Server VM (24.79-b02 mixed mode windows-amd64 compressed oops)
# Failed to write core dump. Minidumps are not enabled by default on client versions of Windows
#

---------------  T H R E A D  ---------------

Current thread (0x000000000a841000):  JavaThread "C2 CompilerThread1" daemon [_thread_in_native, id=2128, stack(0x000000000af20000,0x000000000b020000)]

Stack: [0x000000000af20000,0x000000000b020000]
[error occurred during error reporting (printing stack bounds), id 0xc0000005]


[error occurred during error reporting (printing native stack), id 0xc0000005]


Current CompileTask:
C2:   6468  387             com.android.dx.ssa.PhiTypeResolver::run (179 bytes)


---------------  P R O C E S S  ---------------

Java Threads: ( => current thread )
  0x000000000ab0c800 JavaThread "pool-1-thread-4" [_thread_in_Java, id=5424, stack(0x000000000b620000,0x000000000b720000)]
  0x000000000ab09800 JavaThread "pool-1-thread-3" [_thread_blocked, id=1008, stack(0x000000000b520000,0x000000000b620000)]
  0x000000000a9ee800 JavaThread "pool-1-thread-2" [_thread_in_Java, id=8108, stack(0x000000000b420000,0x000000000b520000)]
  0x000000000a9f3000 JavaThread "pool-2-thread-1" [_thread_blocked, id=5360, stack(0x000000000b320000,0x000000000b420000)]
  0x000000000a984000 JavaThread "pool-1-thread-1" [_thread_blocked, id=6060, stack(0x000000000b220000,0x000000000b320000)]
  0x0000000002524000 JavaThread "Service Thread" daemon [_thread_blocked, id=7396, stack(0x000000000b020000,0x000000000b120000)]
=>0x000000000a841000 JavaThread "C2 CompilerThread1" daemon [_thread_in_native, id=2128, stack(0x000000000af20000,0x000000000b020000)]
  0x0000000002523000 JavaThread "C2 CompilerThread0" daemon [_thread_in_native, id=7388, stack(0x000000000ae20000,0x000000000af20000)]
  0x000000000251e000 JavaThread "Attach Listener" daemon [_thread_blocked, id=772, stack(0x000000000ad20000,0x000000000ae20000)]
  0x000000000883e000 JavaThread "Signal Dispatcher" daemon [_thread_blocked, id=6176, stack(0x000000000ac20000,0x000000000ad20000)]
  0x0000000008830800 JavaThread "Finalizer" daemon [_thread_blocked, id=4732, stack(0x000000000a720000,0x000000000a820000)]
  0x000000000882a000 JavaThread "Reference Handler" daemon [_thread_blocked, id=5960, stack(0x000000000a620000,0x000000000a720000)]
  0x0000000002430800 JavaThread "main" [_thread_blocked, id=3500, stack(0x0000000002330000,0x0000000002430000)]

Other Threads:
  0x0000000008825800 VMThread [stack: 0x000000000a520000,0x000000000a620000] [id=4164]
  0x000000000252c000 WatcherThread [stack: 0x000000000b120000,0x000000000b220000] [id=6264]

VM state:not at safepoint (normal execution)

VM Mutex/Monitor currently owned by a thread: None

Heap
 PSYoungGen      total 38912K, used 11526K [0x00000000eaa80000, 0x00000000ed580000, 0x0000000100000000)
  eden space 33792K, 19% used [0x00000000eaa80000,0x00000000eb0c7d20,0x00000000ecb80000)
  from space 5120K, 99% used [0x00000000ed080000,0x00000000ed579c98,0x00000000ed580000)
  to   space 5120K, 0% used [0x00000000ecb80000,0x00000000ecb80000,0x00000000ed080000)
 ParOldGen       total 87040K, used 6242K [0x00000000c0000000, 0x00000000c5500000, 0x00000000eaa80000)
  object space 87040K, 7% used [0x00000000c0000000,0x00000000c0618b20,0x00000000c5500000)
 PSPermGen       total 21504K, used 5912K [0x00000000bae00000, 0x00000000bc300000, 0x00000000c0000000)
  object space 21504K, 27% used [0x00000000bae00000,0x00000000bb3c6358,0x00000000bc300000)

Card table byte_map: [0x00000000055f0000,0x0000000005820000] byte_map_base: 0x0000000005019000

Polling page: 0x0000000002280000

Code Cache  [0x0000000002530000, 0x00000000027a0000, 0x0000000005530000)
 total_blobs=619 nmethods=383 adapters=189 free_code_cache=47681Kb largest_free_block=48795008

Compilation events (10 events):
Event: 6.397 Thread 0x000000000a841000 nmethod 382 0x000000000269e810 code [0x000000000269e960, 0x000000000269ecd8]
Event: 6.398 Thread 0x000000000a841000  383             com.android.dx.cf.code.ConcreteMethod::makeSourcePosistion (21 bytes)
Event: 6.410 Thread 0x000000000a841000 nmethod 383 0x00000000026a0d10 code [0x00000000026a0e80, 0x00000000026a11b8]
Event: 6.410 Thread 0x000000000a841000  384             com.android.dx.ssa.SsaBasicBlock::isExitBlock (20 bytes)
Event: 6.411 Thread 0x000000000a841000 nmethod 384 0x000000000269e5d0 code [0x000000000269e700, 0x000000000269e778]
Event: 6.411 Thread 0x000000000a841000  385             com.android.dx.ssa.SsaConverter::nodeNeedsUniquePredecessor (32 bytes)
Event: 6.416 Thread 0x000000000a841000 nmethod 385 0x00000000026a0950 code [0x00000000026a0aa0, 0x00000000026a0bb8]
Event: 6.416 Thread 0x000000000a841000  386             com.android.dx.ssa.SsaMethod::convertRopToSsaBlocks (103 bytes)
Event: 6.455 Thread 0x000000000a841000 nmethod 386 0x0000000002698bd0 code [0x0000000002698e00, 0x00000000026997d0]
Event: 6.455 Thread 0x000000000a841000  387             com.android.dx.ssa.PhiTypeResolver::run (179 bytes)

GC Heap History (4 events):
Event: 3.419 GC heap before
{Heap before GC invocations=1 (full 0):
 PSYoungGen      total 38912K, used 33792K [0x00000000eaa80000, 0x00000000ed580000, 0x0000000100000000)
  eden space 33792K, 100% used [0x00000000eaa80000,0x00000000ecb80000,0x00000000ecb80000)
  from space 5120K, 0% used [0x00000000ed080000,0x00000000ed080000,0x00000000ed580000)
  to   space 5120K, 0% used [0x00000000ecb80000,0x00000000ecb80000,0x00000000ed080000)
 ParOldGen       total 87040K, used 0K [0x00000000c0000000, 0x00000000c5500000, 0x00000000eaa80000)
  object space 87040K, 0% used [0x00000000c0000000,0x00000000c0000000,0x00000000c5500000)
 PSPermGen       total 21504K, used 5845K [0x00000000bae00000, 0x00000000bc300000, 0x00000000c0000000)
  object space 21504K, 27% used [0x00000000bae00000,0x00000000bb3b5720,0x00000000bc300000)
Event: 3.614 GC heap after
Heap after GC invocations=1 (full 0):
 PSYoungGen      total 38912K, used 5111K [0x00000000eaa80000, 0x00000000ed580000, 0x0000000100000000)
  eden space 33792K, 0% used [0x00000000eaa80000,0x00000000eaa80000,0x00000000ecb80000)
  from space 5120K, 99% used [0x00000000ecb80000,0x00000000ed07dc88,0x00000000ed080000)
  to   space 5120K, 0% used [0x00000000ed080000,0x00000000ed080000,0x00000000ed580000)
 ParOldGen       total 87040K, used 1552K [0x00000000c0000000, 0x00000000c5500000, 0x00000000eaa80000)
  object space 87040K, 1% used [0x00000000c0000000,0x00000000c01843e8,0x00000000c5500000)
 PSPermGen       total 21504K, used 5845K [0x00000000bae00000, 0x00000000bc300000, 0x00000000c0000000)
  object space 21504K, 27% used [0x00000000bae00000,0x00000000bb3b5720,0x00000000bc300000)
}
Event: 6.105 GC heap before
{Heap before GC invocations=2 (full 0):
 PSYoungGen      total 38912K, used 38903K [0x00000000eaa80000, 0x00000000ed580000, 0x0000000100000000)
  eden space 33792K, 100% used [0x00000000eaa80000,0x00000000ecb80000,0x00000000ecb80000)
  from space 5120K, 99% used [0x00000000ecb80000,0x00000000ed07dc88,0x00000000ed080000)
  to   space 5120K, 0% used [0x00000000ed080000,0x00000000ed080000,0x00000000ed580000)
 ParOldGen       total 87040K, used 1552K [0x00000000c0000000, 0x00000000c5500000, 0x00000000eaa80000)
  object space 87040K, 1% used [0x00000000c0000000,0x00000000c01843e8,0x00000000c5500000)
 PSPermGen       total 21504K, used 5907K [0x00000000bae00000, 0x00000000bc300000, 0x00000000c0000000)
  object space 21504K, 27% used [0x00000000bae00000,0x00000000bb3c4e20,0x00000000bc300000)
Event: 6.258 GC heap after
Heap after GC invocations=2 (full 0):
 PSYoungGen      total 38912K, used 5095K [0x00000000eaa80000, 0x00000000ed580000, 0x0000000100000000)
  eden space 33792K, 0% used [0x00000000eaa80000,0x00000000eaa80000,0x00000000ecb80000)
  from space 5120K, 99% used [0x00000000ed080000,0x00000000ed579c98,0x00000000ed580000)
  to   space 5120K, 0% used [0x00000000ecb80000,0x00000000ecb80000,0x00000000ed080000)
 ParOldGen       total 87040K, used 6242K [0x00000000c0000000, 0x00000000c5500000, 0x00000000eaa80000)
  object space 87040K, 7% used [0x00000000c0000000,0x00000000c0618b20,0x00000000c5500000)
 PSPermGen       total 21504K, used 5907K [0x00000000bae00000, 0x00000000bc300000, 0x00000000c0000000)
  object space 21504K, 27% used [0x00000000bae00000,0x00000000bb3c4e20,0x00000000bc300000)
}

Deoptimization events (10 events):
Event: 1.447 Thread 0x000000000a9ee800 Uncommon trap: reason=class_check action=maybe_recompile pc=0x00000000025ab1f4 method=com.android.dx.ssa.NormalSsaInsn.accept(Lcom/android/dx/ssa/SsaInsn$Visitor;)V @ 9
Event: 1.448 Thread 0x000000000a9ee800 Uncommon trap: reason=class_check action=maybe_recompile pc=0x00000000025ab1f4 method=com.android.dx.ssa.NormalSsaInsn.accept(Lcom/android/dx/ssa/SsaInsn$Visitor;)V @ 9
Event: 1.598 Thread 0x000000000a984000 Uncommon trap: reason=null_check action=make_not_entrant pc=0x00000000025b69b0 method=com.android.dx.rop.code.LocalItem.equals(Ljava/lang/Object;)Z @ 1
Event: 2.740 Thread 0x000000000ab09800 Uncommon trap: reason=unreached action=reinterpret pc=0x00000000025d7e00 method=com.android.dx.ssa.SsaRenamer$BlockRenamer.process()V @ 90
Event: 2.890 Thread 0x000000000a984000 Uncommon trap: reason=null_check action=make_not_entrant pc=0x00000000025f1730 method=com.android.dx.rop.code.RegisterSpec.equals(Ljava/lang/Object;)Z @ 1
Event: 3.646 Thread 0x000000000ab0c800 Uncommon trap: reason=null_check action=make_not_entrant pc=0x00000000025c0440 method=com.android.dx.ssa.SsaRenamer.getLocalForNewReg(I)Lcom/android/dx/rop/code/LocalItem; @ 19
Event: 4.001 Thread 0x0000000002430800 Uncommon trap: reason=null_check action=make_not_entrant pc=0x000000000261765c method=com.android.dx.rop.type.Type.putIntern(Lcom/android/dx/rop/type/Type;)Lcom/android/dx/rop/type/Type; @ 18
Event: 4.010 Thread 0x000000000a9ee800 Uncommon trap: reason=null_check action=make_not_entrant pc=0x00000000025e8a10 method=com.android.dx.rop.type.Type.equals(Ljava/lang/Object;)Z @ 8
Event: 4.772 Thread 0x000000000a984000 Uncommon trap: reason=unreached action=reinterpret pc=0x00000000025bd904 method=com.android.dx.rop.cst.Constant.compareTo(Lcom/android/dx/rop/cst/Constant;)I @ 12
Event: 4.910 Thread 0x000000000a9ee800 Uncommon trap: reason=unreached action=reinterpret pc=0x0000000002604d00 method=com.android.dx.rop.code.LocalVariableExtractor.processBlock(I)V @ 195

Internal exceptions (10 events):
Event: 1.184 Thread 0x000000000a984000 Threw 0x00000000eb26e340 at C:\re\jdk7u79\2331\hotspot\src\share\vm\prims\jvm.cpp:1304
Event: 1.203 Thread 0x0000000002430800 Threw 0x00000000eb805bb0 at C:\re\jdk7u79\2331\hotspot\src\share\vm\prims\jvm.cpp:1304
Event: 1.414 Thread 0x0000000002430800 Threw 0x00000000eb84a1d8 at C:\re\jdk7u79\2331\hotspot\src\share\vm\prims\jvm.cpp:1304
Event: 1.598 Thread 0x000000000a984000 Implicit null exception at 0x00000000025b618e to 0x00000000025b6995
Event: 1.828 Thread 0x000000000ab09800 Threw 0x00000000eba74078 at C:\re\jdk7u79\2331\hotspot\src\share\vm\prims\jvm.cpp:1304
Event: 2.118 Thread 0x0000000002430800 Threw 0x00000000ebef1ce8 at C:\re\jdk7u79\2331\hotspot\src\share\vm\prims\jvm.cpp:1304
Event: 2.890 Thread 0x000000000a984000 Implicit null exception at 0x00000000025f0762 to 0x00000000025f1701
Event: 3.646 Thread 0x000000000ab0c800 Implicit null exception at 0x00000000025bfa33 to 0x00000000025c0425
Event: 4.001 Thread 0x0000000002430800 Implicit null exception at 0x0000000002616f6b to 0x000000000261764d
Event: 4.010 Thread 0x000000000a9ee800 Implicit null exception at 0x00000000025e8912 to 0x00000000025e8a02

Events (10 events):
Event: 6.376 Executing VM operation: RevokeBias
Event: 6.376 Executing VM operation: RevokeBias done
Event: 6.376 Executing VM operation: RevokeBias
Event: 6.376 Executing VM operation: RevokeBias done
Event: 6.377 Executing VM operation: RevokeBias
Event: 6.379 Executing VM operation: RevokeBias done
Event: 6.379 Executing VM operation: RevokeBias
Event: 6.379 Executing VM operation: RevokeBias done
Event: 6.379 Executing VM operation: BulkRevokeBias
Event: 6.380 Executing VM operation: BulkRevokeBias done


Dynamic libraries:
0x00007ff692330000 - 0x00007ff692363000 	C:\Program Files\Java\jdk1.7.0_79\bin\java.exe
0x00007ffd07760000 - 0x00007ffd07921000 	C:\WINDOWS\SYSTEM32\ntdll.dll
0x00007ffd06d50000 - 0x00007ffd06dfd000 	C:\WINDOWS\system32\KERNEL32.DLL
0x00007ffd04c50000 - 0x00007ffd04e2d000 	C:\WINDOWS\system32\KERNELBASE.dll
0x00007ffd06af0000 - 0x00007ffd06b96000 	C:\WINDOWS\system32\ADVAPI32.dll
0x00007ffd05160000 - 0x00007ffd051fd000 	C:\WINDOWS\system32\msvcrt.dll
0x00007ffd04e90000 - 0x00007ffd04eeb000 	C:\WINDOWS\system32\sechost.dll
0x00007ffd06fd0000 - 0x00007ffd070f6000 	C:\WINDOWS\system32\RPCRT4.dll
0x00007ffd07530000 - 0x00007ffd0767e000 	C:\WINDOWS\system32\USER32.dll
0x00007ffd04fd0000 - 0x00007ffd05156000 	C:\WINDOWS\system32\GDI32.dll
0x00007ffd002a0000 - 0x00007ffd00514000 	C:\WINDOWS\WinSxS\amd64_microsoft.windows.common-controls_6595b64144ccf1df_6.0.10240.16384_none_f41f7b285750ef43\COMCTL32.dll
0x00007ffd074f0000 - 0x00007ffd07526000 	C:\WINDOWS\system32\IMM32.DLL
0x00007ffd07380000 - 0x00007ffd074dc000 	C:\WINDOWS\system32\MSCTF.dll
0x000000005de70000 - 0x000000005df42000 	C:\Program Files\Java\jdk1.7.0_79\jre\bin\msvcr100.dll
0x000000005df50000 - 0x000000005e725000 	C:\Program Files\Java\jdk1.7.0_79\jre\bin\server\jvm.dll
0x00007ffd074e0000 - 0x00007ffd074e8000 	C:\WINDOWS\system32\PSAPI.DLL
0x00007ffcfffd0000 - 0x00007ffcfffd9000 	C:\WINDOWS\SYSTEM32\WSOCK32.dll
0x00007ffd025e0000 - 0x00007ffd02603000 	C:\WINDOWS\SYSTEM32\WINMM.dll
0x00007ffd04ef0000 - 0x00007ffd04f59000 	C:\WINDOWS\system32\WS2_32.dll
0x00007ffd04f60000 - 0x00007ffd04f68000 	C:\WINDOWS\system32\NSI.dll
0x00007ffd024a0000 - 0x00007ffd024cc000 	C:\WINDOWS\SYSTEM32\WINMMBASE.dll
0x00007ffd04340000 - 0x00007ffd04384000 	C:\WINDOWS\system32\cfgmgr32.dll
0x00007ffd02b00000 - 0x00007ffd02b27000 	C:\WINDOWS\SYSTEM32\DEVOBJ.dll
0x000000005e860000 - 0x000000005e86f000 	C:\Program Files\Java\jdk1.7.0_79\jre\bin\verify.dll
0x000000005de40000 - 0x000000005de68000 	C:\Program Files\Java\jdk1.7.0_79\jre\bin\java.dll
0x000000005de20000 - 0x000000005de35000 	C:\Program Files\Java\jdk1.7.0_79\jre\bin\zip.dll
0x000000005de00000 - 0x000000005de1a000 	C:\Program Files\Java\jdk1.7.0_79\jre\bin\net.dll
0x00007ffd03a00000 - 0x00007ffd03a5d000 	C:\WINDOWS\system32\mswsock.dll
0x000000005dde0000 - 0x000000005ddf1000 	C:\Program Files\Java\jdk1.7.0_79\jre\bin\nio.dll

VM Arguments:
jvm_args: -Djava.awt.headless=true -Xmx1024M -Dfile.encoding=windows-1252 -Duser.country=IT -Duser.language=it -Duser.variant 
java_command: com.android.dx.command.Main --dex --num-threads=4 --output C:\Users\admin\Desktop\android\FitUnionParse\app\build\intermediates\pre-dexed\debug\com.android.support-mediarouter-v7-23.0.0_99b0cdcd1bfcdc24d3533d00a6343c7541a5a6ce.jar C:\Users\admin\Desktop\android\FitUnionParse\app\build\intermediates\exploded-aar\com.android.support\mediarouter-v7\23.0.0\jars\classes.jar
Launcher Type: SUN_STANDARD

Environment Variables:
PATH=C:\Program Files (x86)\NVIDIA Corporation\PhysX\Common;C:\WINDOWS\system32;C:\WINDOWS;C:\WINDOWS\System32\Wbem;C:\WINDOWS\System32\WindowsPowerShell\v1.0\;C:\Program Files (x86)\Java\jre7\bin;C:\Program Files (x86)\Skype\Phone\;c:\Program Files (x86)\Java\jdk1.7.0_79\bin;c:\Program Files\Java\jdk1.7.0_79
USERNAME=admin
OS=Windows_NT
PROCESSOR_IDENTIFIER=Intel64 Family 6 Model 30 Stepping 5, GenuineIntel



---------------  S Y S T E M  ---------------

OS: Windows 8.1 , 64 bit Build 9600 

CPU:total 8 (4 cores per cpu, 2 threads per core) family 6 model 30 stepping 5, cmov, cx8, fxsr, mmx, sse, sse2, sse3, ssse3, sse4.1, sse4.2, popcnt, ht, tsc, tscinvbit

Memory: 4k page, physical 8379256k(3041460k free), swap 8379256k(5324k free)

vm_info: Java HotSpot(TM) 64-Bit Server VM (24.79-b02) for windows-amd64 JRE (1.7.0_79-b15), built on Apr 10 2015 12:36:16 by "java_re" with unknown MS VC++:1600

time: Sun Mar 06 01:16:37 2016
elapsed time: 6 seconds

