#
# There is insufficient memory for the Java Runtime Environment to continue.
# Native memory allocation (malloc) failed to allocate 655536 bytes for Chunk::new
# Possible reasons:
#   The system is out of physical RAM or swap space
#   In 32 bit mode, the process size limit was hit
# Possible solutions:
#   Reduce memory load on the system
#   Increase physical memory or swap space
#   Check if swap backing store is full
#   Use 64 bit Java on a 64 bit OS
#   Decrease Java heap size (-Xmx/-Xms)
#   Decrease number of Java threads
#   Decrease Java thread stack sizes (-Xss)
#   Set larger code cache with -XX:ReservedCodeCacheSize=
# This output file may be truncated or incomplete.
#
#  Out of Memory Error (allocation.cpp:323), pid=5428, tid=6888
#
# JRE version: Java(TM) SE Runtime Environment (7.0_79-b15) (build 1.7.0_79-b15)
# Java VM: Java HotSpot(TM) 64-Bit Server VM (24.79-b02 mixed mode windows-amd64 compressed oops)
# Failed to write core dump. Minidumps are not enabled by default on client versions of Windows
#

---------------  T H R E A D  ---------------

Current thread (0x000000000b1b1000):  JavaThread "C2 CompilerThread0" daemon [_thread_in_native, id=6888, stack(0x000000000b790000,0x000000000b890000)]

Stack: [0x000000000b790000,0x000000000b890000]
[error occurred during error reporting (printing stack bounds), id 0xc0000005]


Current CompileTask:
C2:  12528  257   !         com.android.dx.cf.code.Ropper::processBlock (1101 bytes)


---------------  P R O C E S S  ---------------

Java Threads: ( => current thread )
  0x0000000002eca000 JavaThread "Service Thread" daemon [_thread_blocked, id=8112, stack(0x000000000b990000,0x000000000ba90000)]
  0x0000000002ec7000 JavaThread "C2 CompilerThread1" daemon [_thread_in_native, id=6068, stack(0x000000000b890000,0x000000000b990000)]
=>0x000000000b1b1000 JavaThread "C2 CompilerThread0" daemon [_thread_in_native, id=6888, stack(0x000000000b790000,0x000000000b890000)]
  0x0000000002ebd000 JavaThread "Attach Listener" daemon [_thread_blocked, id=7912, stack(0x000000000b690000,0x000000000b790000)]
  0x000000000b1b0800 JavaThread "Signal Dispatcher" daemon [_thread_blocked, id=4656, stack(0x000000000b590000,0x000000000b690000)]
  0x00000000091cb000 JavaThread "Finalizer" daemon [_thread_blocked, id=4584, stack(0x000000000b090000,0x000000000b190000)]
  0x00000000091ca000 JavaThread "Reference Handler" daemon [_thread_blocked, id=6024, stack(0x000000000af90000,0x000000000b090000)]
  0x0000000002dd0800 JavaThread "main" [_thread_in_Java, id=8120, stack(0x0000000002b10000,0x0000000002c10000)]

Other Threads:
  0x00000000091c5800 VMThread [stack: 0x000000000ae90000,0x000000000af90000] [id=6520]
  0x0000000002ece000 WatcherThread [stack: 0x000000000ba90000,0x000000000bb90000] [id=7008]

VM state:not at safepoint (normal execution)

VM Mutex/Monitor currently owned by a thread: None

Heap
 PSYoungGen      total 38912K, used 23101K [0x00000000eaa80000, 0x00000000ed580000, 0x0000000100000000)
  eden space 33792K, 53% used [0x00000000eaa80000,0x00000000ebc15998,0x00000000ecb80000)
  from space 5120K, 99% used [0x00000000ecb80000,0x00000000ed079c98,0x00000000ed080000)
  to   space 5120K, 0% used [0x00000000ed080000,0x00000000ed080000,0x00000000ed580000)
 ParOldGen       total 87040K, used 1763K [0x00000000c0000000, 0x00000000c5500000, 0x00000000eaa80000)
  object space 87040K, 2% used [0x00000000c0000000,0x00000000c01b8f68,0x00000000c5500000)
 PSPermGen       total 21504K, used 6045K [0x00000000bae00000, 0x00000000bc300000, 0x00000000c0000000)
  object space 21504K, 28% used [0x00000000bae00000,0x00000000bb3e74b0,0x00000000bc300000)

Card table byte_map: [0x0000000005f90000,0x00000000061c0000] byte_map_base: 0x00000000059b9000

Polling page: 0x0000000001370000

Code Cache  [0x0000000002ed0000, 0x0000000003140000, 0x0000000005ed0000)
 total_blobs=494 nmethods=258 adapters=189 free_code_cache=47982Kb largest_free_block=49064256

Compilation events (10 events):
Event: 12.184 Thread 0x000000000b1b1000 nmethod 254 0x0000000002fb7a90 code [0x0000000002fb7bc0, 0x0000000002fb7c18]
Event: 12.184 Thread 0x000000000b1b1000  255             com.android.dx.dex.code.CodeAddress::<init> (11 bytes)
Event: 12.185 Thread 0x000000000b1b1000 nmethod 255 0x0000000002fb77d0 code [0x0000000002fb7920, 0x0000000002fb79b8]
Event: 12.185 Thread 0x000000000b1b1000  256             com.android.dx.dex.code.CodeAddress::<init> (7 bytes)
Event: 12.187 Thread 0x000000000b1b1000 nmethod 256 0x0000000002fb7510 code [0x0000000002fb7660, 0x0000000002fb76f8]
Event: 12.187 Thread 0x000000000b1b1000  257   !         com.android.dx.cf.code.Ropper::processBlock (1101 bytes)
Event: 12.382 Thread 0x0000000002ec7000 nmethod 193 0x0000000002fee910 code [0x0000000002fef220, 0x0000000002ff53c8]
Event: 12.384 Thread 0x0000000002ec7000  258             com.android.dx.util.LabeledList::set (45 bytes)
Event: 12.392 Thread 0x0000000002ec7000 nmethod 258 0x0000000002fc2a10 code [0x0000000002fc2b80, 0x0000000002fc2dd8]
Event: 12.392 Thread 0x0000000002ec7000  259             com.android.dx.ssa.SCCP::simulatePhi (169 bytes)

GC Heap History (2 events):
Event: 9.358 GC heap before
{Heap before GC invocations=1 (full 0):
 PSYoungGen      total 38912K, used 33792K [0x00000000eaa80000, 0x00000000ed580000, 0x0000000100000000)
  eden space 33792K, 100% used [0x00000000eaa80000,0x00000000ecb80000,0x00000000ecb80000)
  from space 5120K, 0% used [0x00000000ed080000,0x00000000ed080000,0x00000000ed580000)
  to   space 5120K, 0% used [0x00000000ecb80000,0x00000000ecb80000,0x00000000ed080000)
 ParOldGen       total 87040K, used 0K [0x00000000c0000000, 0x00000000c5500000, 0x00000000eaa80000)
  object space 87040K, 0% used [0x00000000c0000000,0x00000000c0000000,0x00000000c5500000)
 PSPermGen       total 21504K, used 5860K [0x00000000bae00000, 0x00000000bc300000, 0x00000000c0000000)
  object space 21504K, 27% used [0x00000000bae00000,0x00000000bb3b9090,0x00000000bc300000)
Event: 9.423 GC heap after
Heap after GC invocations=1 (full 0):
 PSYoungGen      total 38912K, used 5095K [0x00000000eaa80000, 0x00000000ed580000, 0x0000000100000000)
  eden space 33792K, 0% used [0x00000000eaa80000,0x00000000eaa80000,0x00000000ecb80000)
  from space 5120K, 99% used [0x00000000ecb80000,0x00000000ed079c98,0x00000000ed080000)
  to   space 5120K, 0% used [0x00000000ed080000,0x00000000ed080000,0x00000000ed580000)
 ParOldGen       total 87040K, used 1763K [0x00000000c0000000, 0x00000000c5500000, 0x00000000eaa80000)
  object space 87040K, 2% used [0x00000000c0000000,0x00000000c01b8f68,0x00000000c5500000)
 PSPermGen       total 21504K, used 5860K [0x00000000bae00000, 0x00000000bc300000, 0x00000000c0000000)
  object space 21504K, 27% used [0x00000000bae00000,0x00000000bb3b9090,0x00000000bc300000)
}

Deoptimization events (9 events):
Event: 8.320 Thread 0x000000000b3ac000 Uncommon trap: reason=null_check action=make_not_entrant pc=0x0000000002f4995c method=com.android.dx.rop.code.LocalItem.equals(Ljava/lang/Object;)Z @ 1
Event: 8.399 Thread 0x000000000b339800 Uncommon trap: reason=null_check action=make_not_entrant pc=0x0000000002f4e1d4 method=com.android.dx.rop.code.LocalItem.equals(Ljava/lang/Object;)Z @ 1
Event: 9.092 Thread 0x000000000b3ac000 Uncommon trap: reason=null_check action=make_not_entrant pc=0x0000000002f8ce40 method=com.android.dx.rop.code.RegisterSpec.equals(Ljava/lang/Object;)Z @ 1
Event: 9.102 Thread 0x000000000b3ab000 Uncommon trap: reason=null_check action=make_not_entrant pc=0x0000000002f634cc method=com.android.dx.ssa.SsaRenamer.getLocalForNewReg(I)Lcom/android/dx/rop/code/LocalItem; @ 19
Event: 9.584 Thread 0x0000000002dd0800 Uncommon trap: reason=unreached action=reinterpret pc=0x0000000002f59544 method=com.android.dx.rop.cst.Constant.compareTo(Lcom/android/dx/rop/cst/Constant;)I @ 12
Event: 9.612 Thread 0x000000000b329800 Uncommon trap: reason=class_check action=maybe_recompile pc=0x0000000002f69bf8 method=com.android.dx.ssa.NormalSsaInsn.accept(Lcom/android/dx/ssa/SsaInsn$Visitor;)V @ 9
Event: 9.612 Thread 0x000000000b329800 Uncommon trap: reason=class_check action=maybe_recompile pc=0x0000000002f69bf8 method=com.android.dx.ssa.NormalSsaInsn.accept(Lcom/android/dx/ssa/SsaInsn$Visitor;)V @ 9
Event: 9.612 Thread 0x000000000b329800 Uncommon trap: reason=class_check action=maybe_recompile pc=0x0000000002f69bf8 method=com.android.dx.ssa.NormalSsaInsn.accept(Lcom/android/dx/ssa/SsaInsn$Visitor;)V @ 9
Event: 9.612 Thread 0x000000000b329800 Uncommon trap: reason=class_check action=maybe_recompile pc=0x0000000002f69bf8 method=com.android.dx.ssa.NormalSsaInsn.accept(Lcom/android/dx/ssa/SsaInsn$Visitor;)V @ 9

Internal exceptions (10 events):
Event: 12.150 Thread 0x0000000002dd0800 Threw 0x00000000ebad2f60 at C:\re\jdk7u79\2331\hotspot\src\share\vm\prims\jvm.cpp:1304
Event: 12.151 Thread 0x0000000002dd0800 Threw 0x00000000ebad57c8 at C:\re\jdk7u79\2331\hotspot\src\share\vm\prims\jvm.cpp:1304
Event: 12.152 Thread 0x0000000002dd0800 Threw 0x00000000ebada840 at C:\re\jdk7u79\2331\hotspot\src\share\vm\prims\jvm.cpp:1304
Event: 12.154 Thread 0x0000000002dd0800 Threw 0x00000000ebae0c40 at C:\re\jdk7u79\2331\hotspot\src\share\vm\prims\jvm.cpp:1304
Event: 12.237 Thread 0x0000000002dd0800 Threw 0x00000000ebae51c0 at C:\re\jdk7u79\2331\hotspot\src\share\vm\prims\jvm.cpp:1304
Event: 12.240 Thread 0x0000000002dd0800 Threw 0x00000000ebae8f78 at C:\re\jdk7u79\2331\hotspot\src\share\vm\prims\jvm.cpp:1304
Event: 12.245 Thread 0x0000000002dd0800 Threw 0x00000000ebaebd68 at C:\re\jdk7u79\2331\hotspot\src\share\vm\prims\jvm.cpp:1304
Event: 12.252 Thread 0x0000000002dd0800 Threw 0x00000000ebaf5e58 at C:\re\jdk7u79\2331\hotspot\src\share\vm\prims\jvm.cpp:1304
Event: 12.253 Thread 0x0000000002dd0800 Threw 0x00000000ebaf8d88 at C:\re\jdk7u79\2331\hotspot\src\share\vm\prims\jvm.cpp:1304
Event: 12.256 Thread 0x0000000002dd0800 Threw 0x00000000ebafbdc0 at C:\re\jdk7u79\2331\hotspot\src\share\vm\prims\jvm.cpp:1304

Events (10 events):
Event: 12.240 loading class 0x000000000b4dc460
Event: 12.240 loading class 0x000000000b4dc460 done
Event: 12.242 loading class 0x000000000b4dc2e0
Event: 12.244 loading class 0x000000000b4dc2e0 done
Event: 12.252 loading class 0x000000000b4a1bc0
Event: 12.252 loading class 0x000000000b4a1bc0 done
Event: 12.253 loading class 0x000000000b4df160
Event: 12.253 loading class 0x000000000b4df160 done
Event: 12.256 loading class 0x000000000b1e3970
Event: 12.256 loading class 0x000000000b1e3970 done


Dynamic libraries:
0x00007ff692330000 - 0x00007ff692363000 	C:\Program Files\Java\jdk1.7.0_79\bin\java.exe
0x00007ffd07760000 - 0x00007ffd07921000 	C:\WINDOWS\SYSTEM32\ntdll.dll
0x00007ffd06d50000 - 0x00007ffd06dfd000 	C:\WINDOWS\system32\KERNEL32.DLL
0x00007ffd04c50000 - 0x00007ffd04e2d000 	C:\WINDOWS\system32\KERNELBASE.dll
0x00007ffd06af0000 - 0x00007ffd06b96000 	C:\WINDOWS\system32\ADVAPI32.dll
0x00007ffd05160000 - 0x00007ffd051fd000 	C:\WINDOWS\system32\msvcrt.dll
0x00007ffd04e90000 - 0x00007ffd04eeb000 	C:\WINDOWS\system32\sechost.dll
0x00007ffd06fd0000 - 0x00007ffd070f6000 	C:\WINDOWS\system32\RPCRT4.dll
0x00007ffd07530000 - 0x00007ffd0767e000 	C:\WINDOWS\system32\USER32.dll
0x00007ffd04fd0000 - 0x00007ffd05156000 	C:\WINDOWS\system32\GDI32.dll
0x00007ffd002a0000 - 0x00007ffd00514000 	C:\WINDOWS\WinSxS\amd64_microsoft.windows.common-controls_6595b64144ccf1df_6.0.10240.16384_none_f41f7b285750ef43\COMCTL32.dll
0x00007ffd074f0000 - 0x00007ffd07526000 	C:\WINDOWS\system32\IMM32.DLL
0x00007ffd07380000 - 0x00007ffd074dc000 	C:\WINDOWS\system32\MSCTF.dll
0x000000005de70000 - 0x000000005df42000 	C:\Program Files\Java\jdk1.7.0_79\jre\bin\msvcr100.dll
0x000000005df50000 - 0x000000005e725000 	C:\Program Files\Java\jdk1.7.0_79\jre\bin\server\jvm.dll
0x00007ffd074e0000 - 0x00007ffd074e8000 	C:\WINDOWS\system32\PSAPI.DLL
0x00007ffcfffd0000 - 0x00007ffcfffd9000 	C:\WINDOWS\SYSTEM32\WSOCK32.dll
0x00007ffd04ef0000 - 0x00007ffd04f59000 	C:\WINDOWS\system32\WS2_32.dll
0x00007ffd04f60000 - 0x00007ffd04f68000 	C:\WINDOWS\system32\NSI.dll
0x00007ffd025e0000 - 0x00007ffd02603000 	C:\WINDOWS\SYSTEM32\WINMM.dll
0x00007ffd024a0000 - 0x00007ffd024cc000 	C:\WINDOWS\SYSTEM32\WINMMBASE.dll
0x00007ffd04340000 - 0x00007ffd04384000 	C:\WINDOWS\system32\cfgmgr32.dll
0x00007ffd02b00000 - 0x00007ffd02b27000 	C:\WINDOWS\SYSTEM32\DEVOBJ.dll
0x000000005e860000 - 0x000000005e86f000 	C:\Program Files\Java\jdk1.7.0_79\jre\bin\verify.dll
0x000000005de40000 - 0x000000005de68000 	C:\Program Files\Java\jdk1.7.0_79\jre\bin\java.dll
0x000000005de20000 - 0x000000005de35000 	C:\Program Files\Java\jdk1.7.0_79\jre\bin\zip.dll
0x000000005de00000 - 0x000000005de1a000 	C:\Program Files\Java\jdk1.7.0_79\jre\bin\net.dll
0x00007ffd03a00000 - 0x00007ffd03a5d000 	C:\WINDOWS\system32\mswsock.dll
0x000000005dde0000 - 0x000000005ddf1000 	C:\Program Files\Java\jdk1.7.0_79\jre\bin\nio.dll

VM Arguments:
jvm_args: -Djava.awt.headless=true -Xmx1024M -Dfile.encoding=windows-1252 -Duser.country=IT -Duser.language=it -Duser.variant 
java_command: com.android.dx.command.Main --dex --num-threads=4 --output C:\Users\admin\Desktop\android\FitUnionParse\app\build\intermediates\pre-dexed\debug\com.google.android.gms-play-services-base-8.4.0_eed6148c9aab304fef9c7b7065a08dcdca627cdf.jar C:\Users\admin\Desktop\android\FitUnionParse\app\build\intermediates\exploded-aar\com.google.android.gms\play-services-base\8.4.0\jars\classes.jar
Launcher Type: SUN_STANDARD

Environment Variables:
PATH=C:\Program Files (x86)\NVIDIA Corporation\PhysX\Common;C:\WINDOWS\system32;C:\WINDOWS;C:\WINDOWS\System32\Wbem;C:\WINDOWS\System32\WindowsPowerShell\v1.0\;C:\Program Files (x86)\Java\jre7\bin;C:\Program Files (x86)\Skype\Phone\;c:\Program Files (x86)\Java\jdk1.7.0_79\bin;c:\Program Files\Java\jdk1.7.0_79
USERNAME=admin
OS=Windows_NT
PROCESSOR_IDENTIFIER=Intel64 Family 6 Model 30 Stepping 5, GenuineIntel



---------------  S Y S T E M  ---------------

OS: Windows 8.1 , 64 bit Build 9600 

CPU:total 8 (4 cores per cpu, 2 threads per core) family 6 model 30 stepping 5, cmov, cx8, fxsr, mmx, sse, sse2, sse3, ssse3, sse4.1, sse4.2, popcnt, ht, tsc, tscinvbit

Memory: 4k page, physical 8379256k(3264672k free), swap 8379256k(5560k free)

vm_info: Java HotSpot(TM) 64-Bit Server VM (24.79-b02) for windows-amd64 JRE (1.7.0_79-b15), built on Apr 10 2015 12:36:16 by "java_re" with unknown MS VC++:1600

time: Sun Mar 06 00:32:06 2016
elapsed time: 12 seconds

