#
# There is insufficient memory for the Java Runtime Environment to continue.
# Native memory allocation (malloc) failed to allocate 156048 bytes for Chunk::new
# Possible reasons:
#   The system is out of physical RAM or swap space
#   In 32 bit mode, the process size limit was hit
# Possible solutions:
#   Reduce memory load on the system
#   Increase physical memory or swap space
#   Check if swap backing store is full
#   Use 64 bit Java on a 64 bit OS
#   Decrease Java heap size (-Xmx/-Xms)
#   Decrease number of Java threads
#   Decrease Java thread stack sizes (-Xss)
#   Set larger code cache with -XX:ReservedCodeCacheSize=
# This output file may be truncated or incomplete.
#
#  Out of Memory Error (allocation.cpp:323), pid=5948, tid=6100
#
# JRE version: Java(TM) SE Runtime Environment (7.0_79-b15) (build 1.7.0_79-b15)
# Java VM: Java HotSpot(TM) 64-Bit Server VM (24.79-b02 mixed mode windows-amd64 compressed oops)
# Failed to write core dump. Minidumps are not enabled by default on client versions of Windows
#

---------------  T H R E A D  ---------------

Current thread (0x0000000002c7e800):  JavaThread "C2 CompilerThread1" daemon [_thread_in_native, id=6100, stack(0x000000000b680000,0x000000000b780000)]

Stack: [0x000000000b680000,0x000000000b780000]
[error occurred during error reporting (printing stack bounds), id 0xc0000005]


[error occurred during error reporting (printing native stack), id 0xc0000005]


Current CompileTask:
C2:   6099   67             com.android.dx.ssa.SsaMethod::deleteInsns (239 bytes)


---------------  P R O C E S S  ---------------

Java Threads: ( => current thread )
  0x000000000b17d800 JavaThread "pool-1-thread-4" [_thread_in_vm, id=4428, stack(0x000000000bd80000,0x000000000be80000)]
  0x000000000b0ba000 JavaThread "pool-1-thread-3" [_thread_in_Java, id=7312, stack(0x000000000bc80000,0x000000000bd80000)]
  0x000000000b0b9000 JavaThread "pool-1-thread-2" [_thread_in_Java, id=1728, stack(0x000000000bb80000,0x000000000bc80000)]
  0x000000000b183000 JavaThread "pool-2-thread-1" [_thread_blocked, id=4556, stack(0x000000000ba80000,0x000000000bb80000)]
  0x000000000b0aa000 JavaThread "pool-1-thread-1" [_thread_in_Java, id=4460, stack(0x000000000b980000,0x000000000ba80000)]
  0x0000000002c89800 JavaThread "Service Thread" daemon [_thread_blocked, id=5900, stack(0x000000000b780000,0x000000000b880000)]
=>0x0000000002c7e800 JavaThread "C2 CompilerThread1" daemon [_thread_in_native, id=6100, stack(0x000000000b680000,0x000000000b780000)]
  0x0000000002c7d000 JavaThread "C2 CompilerThread0" daemon [_thread_blocked, id=5608, stack(0x000000000b580000,0x000000000b680000)]
  0x000000000afa1000 JavaThread "Attach Listener" daemon [_thread_blocked, id=5844, stack(0x000000000b480000,0x000000000b580000)]
  0x000000000afa0800 JavaThread "Signal Dispatcher" daemon [_thread_blocked, id=4776, stack(0x000000000b380000,0x000000000b480000)]
  0x0000000008fab000 JavaThread "Finalizer" daemon [_thread_blocked, id=6052, stack(0x000000000ae80000,0x000000000af80000)]
  0x0000000008faa800 JavaThread "Reference Handler" daemon [_thread_blocked, id=2828, stack(0x000000000ad80000,0x000000000ae80000)]
  0x0000000002b90800 JavaThread "main" [_thread_in_Java, id=6600, stack(0x0000000002990000,0x0000000002a90000)]

Other Threads:
  0x0000000008fa5800 VMThread [stack: 0x000000000ac80000,0x000000000ad80000] [id=864]
  0x0000000002c8d800 WatcherThread [stack: 0x000000000b880000,0x000000000b980000] [id=7256]

VM state:not at safepoint (normal execution)

VM Mutex/Monitor currently owned by a thread: None

Heap
 PSYoungGen      total 38912K, used 18546K [0x00000000eaa80000, 0x00000000ed580000, 0x0000000100000000)
  eden space 33792K, 54% used [0x00000000eaa80000,0x00000000ebc9c920,0x00000000ecb80000)
  from space 5120K, 0% used [0x00000000ed080000,0x00000000ed080000,0x00000000ed580000)
  to   space 5120K, 0% used [0x00000000ecb80000,0x00000000ecb80000,0x00000000ed080000)
 ParOldGen       total 87040K, used 0K [0x00000000c0000000, 0x00000000c5500000, 0x00000000eaa80000)
  object space 87040K, 0% used [0x00000000c0000000,0x00000000c0000000,0x00000000c5500000)
 PSPermGen       total 21504K, used 5558K [0x00000000bae00000, 0x00000000bc300000, 0x00000000c0000000)
  object space 21504K, 25% used [0x00000000bae00000,0x00000000bb36d880,0x00000000bc300000)

Card table byte_map: [0x0000000005d50000,0x0000000005f80000] byte_map_base: 0x0000000005779000

Polling page: 0x0000000002910000

Code Cache  [0x0000000002c90000, 0x0000000002f00000, 0x0000000005c90000)
 total_blobs=307 nmethods=71 adapters=189 free_code_cache=48657Kb largest_free_block=49805696

Compilation events (10 events):
Event: 6.079 Thread 0x0000000002c7d000   68             com.android.dx.ssa.SsaBasicBlock::getInsns (5 bytes)
Event: 6.079 Thread 0x0000000002c7d000 nmethod 68 0x0000000002d0c1d0 code [0x0000000002d0c300, 0x0000000002d0c358]
Event: 6.080 Thread 0x0000000002c7d000   69             com.android.dx.util.MutabilityControl::setImmutable (6 bytes)
Event: 6.081 Thread 0x0000000002c7d000 nmethod 69 0x0000000002d0bfd0 code [0x0000000002d0c100, 0x0000000002d0c158]
Event: 6.085 Thread 0x0000000002c7d000   70             com.android.dx.rop.code.Insn::getSources (5 bytes)
Event: 6.085 Thread 0x0000000002c7d000 nmethod 70 0x0000000002d0bdd0 code [0x0000000002d0bf00, 0x0000000002d0bf58]
Event: 6.086 Thread 0x0000000002c7d000   71             com.android.dx.rop.type.Type::getType (2 bytes)
Event: 6.086 Thread 0x0000000002c7d000 nmethod 71 0x0000000002d0ed50 code [0x0000000002d0ee80, 0x0000000002d0eed8]
Event: 6.093 Thread 0x0000000002c7d000   72             java.util.AbstractCollection::<init> (5 bytes)
Event: 6.094 Thread 0x0000000002c7d000 nmethod 72 0x0000000002d0eb50 code [0x0000000002d0ec80, 0x0000000002d0ecd8]

GC Heap History (0 events):
No events

Deoptimization events (0 events):
No events

Internal exceptions (10 events):
Event: 5.407 Thread 0x000000000b0b9000 Threw 0x00000000eb55df20 at C:\re\jdk7u79\2331\hotspot\src\share\vm\prims\jvm.cpp:1304
Event: 5.408 Thread 0x000000000b0b9000 Threw 0x00000000eb561500 at C:\re\jdk7u79\2331\hotspot\src\share\vm\prims\jvm.cpp:1304
Event: 5.416 Thread 0x0000000002b90800 Threw 0x00000000eb7dee90 at C:\re\jdk7u79\2331\hotspot\src\share\vm\prims\jvm.cpp:1304
Event: 5.419 Thread 0x0000000002b90800 Threw 0x00000000eb7e50a0 at C:\re\jdk7u79\2331\hotspot\src\share\vm\prims\jvm.cpp:1304
Event: 5.422 Thread 0x0000000002b90800 Threw 0x00000000eb7e9950 at C:\re\jdk7u79\2331\hotspot\src\share\vm\prims\jvm.cpp:1304
Event: 5.728 Thread 0x000000000b0ba000 Threw 0x00000000eb99dbd8 at C:\re\jdk7u79\2331\hotspot\src\share\vm\prims\jvm.cpp:1304
Event: 5.734 Thread 0x000000000b0ba000 Threw 0x00000000eb9a5930 at C:\re\jdk7u79\2331\hotspot\src\share\vm\prims\jvm.cpp:1304
Event: 5.741 Thread 0x000000000b17d800 Threw 0x00000000eb7004a8 at C:\re\jdk7u79\2331\hotspot\src\share\vm\prims\jvm.cpp:1304
Event: 5.813 Thread 0x0000000002b90800 Threw 0x00000000eb836360 at C:\re\jdk7u79\2331\hotspot\src\share\vm\prims\jvm.cpp:1304
Event: 5.964 Thread 0x000000000b17d800 Threw 0x00000000ebb1e190 at C:\re\jdk7u79\2331\hotspot\src\share\vm\prims\jvm.cpp:1304

Events (10 events):
Event: 5.741 loading class 0x000000000b070390
Event: 5.741 loading class 0x000000000b070390 done
Event: 5.813 loading class 0x000000000afdaed0
Event: 5.813 loading class 0x000000000afdaed0 done
Event: 5.964 loading class 0x000000000b12c010
Event: 5.964 loading class 0x000000000b12c010 done
Event: 6.035 loading class 0x0000000002c10110
Event: 6.035 loading class 0x0000000002c10110 done
Event: 6.035 loading class 0x0000000002c100e0
Event: 6.036 loading class 0x0000000002c100e0 done


Dynamic libraries:
0x00007ff692330000 - 0x00007ff692363000 	C:\Program Files\Java\jdk1.7.0_79\bin\java.exe
0x00007ffd07760000 - 0x00007ffd07921000 	C:\WINDOWS\SYSTEM32\ntdll.dll
0x00007ffd06d50000 - 0x00007ffd06dfd000 	C:\WINDOWS\system32\KERNEL32.DLL
0x00007ffd04c50000 - 0x00007ffd04e2d000 	C:\WINDOWS\system32\KERNELBASE.dll
0x00007ffd06af0000 - 0x00007ffd06b96000 	C:\WINDOWS\system32\ADVAPI32.dll
0x00007ffd05160000 - 0x00007ffd051fd000 	C:\WINDOWS\system32\msvcrt.dll
0x00007ffd04e90000 - 0x00007ffd04eeb000 	C:\WINDOWS\system32\sechost.dll
0x00007ffd06fd0000 - 0x00007ffd070f6000 	C:\WINDOWS\system32\RPCRT4.dll
0x00007ffd07530000 - 0x00007ffd0767e000 	C:\WINDOWS\system32\USER32.dll
0x00007ffd04fd0000 - 0x00007ffd05156000 	C:\WINDOWS\system32\GDI32.dll
0x00007ffd002a0000 - 0x00007ffd00514000 	C:\WINDOWS\WinSxS\amd64_microsoft.windows.common-controls_6595b64144ccf1df_6.0.10240.16384_none_f41f7b285750ef43\COMCTL32.dll
0x00007ffd074f0000 - 0x00007ffd07526000 	C:\WINDOWS\system32\IMM32.DLL
0x00007ffd07380000 - 0x00007ffd074dc000 	C:\WINDOWS\system32\MSCTF.dll
0x000000005de70000 - 0x000000005df42000 	C:\Program Files\Java\jdk1.7.0_79\jre\bin\msvcr100.dll
0x000000005df50000 - 0x000000005e725000 	C:\Program Files\Java\jdk1.7.0_79\jre\bin\server\jvm.dll
0x00007ffd074e0000 - 0x00007ffd074e8000 	C:\WINDOWS\system32\PSAPI.DLL
0x00007ffcfffd0000 - 0x00007ffcfffd9000 	C:\WINDOWS\SYSTEM32\WSOCK32.dll
0x00007ffd04ef0000 - 0x00007ffd04f59000 	C:\WINDOWS\system32\WS2_32.dll
0x00007ffd04f60000 - 0x00007ffd04f68000 	C:\WINDOWS\system32\NSI.dll
0x00007ffd025e0000 - 0x00007ffd02603000 	C:\WINDOWS\SYSTEM32\WINMM.dll
0x00007ffd024a0000 - 0x00007ffd024cc000 	C:\WINDOWS\SYSTEM32\WINMMBASE.dll
0x00007ffd04340000 - 0x00007ffd04384000 	C:\WINDOWS\system32\cfgmgr32.dll
0x00007ffd02b00000 - 0x00007ffd02b27000 	C:\WINDOWS\SYSTEM32\DEVOBJ.dll
0x000000005e860000 - 0x000000005e86f000 	C:\Program Files\Java\jdk1.7.0_79\jre\bin\verify.dll
0x000000005de40000 - 0x000000005de68000 	C:\Program Files\Java\jdk1.7.0_79\jre\bin\java.dll
0x000000005de20000 - 0x000000005de35000 	C:\Program Files\Java\jdk1.7.0_79\jre\bin\zip.dll
0x000000005de00000 - 0x000000005de1a000 	C:\Program Files\Java\jdk1.7.0_79\jre\bin\net.dll
0x00007ffd03a00000 - 0x00007ffd03a5d000 	C:\WINDOWS\system32\mswsock.dll
0x000000005dde0000 - 0x000000005ddf1000 	C:\Program Files\Java\jdk1.7.0_79\jre\bin\nio.dll

VM Arguments:
jvm_args: -Djava.awt.headless=true -Xmx1024M -Dfile.encoding=windows-1252 -Duser.country=IT -Duser.language=it -Duser.variant 
java_command: com.android.dx.command.Main --dex --num-threads=4 --output C:\Users\admin\Desktop\android\FitUnionParse\app\build\intermediates\pre-dexed\debug\internal_impl-23.2.0_44f838e82c6fa4d11848520f0abf95a1d4763c34.jar C:\Users\admin\Desktop\android\FitUnionParse\app\build\intermediates\exploded-aar\com.android.support\support-v4\23.2.0\jars\libs\internal_impl-23.2.0.jar
Launcher Type: SUN_STANDARD

Environment Variables:
PATH=C:\Program Files (x86)\NVIDIA Corporation\PhysX\Common;C:\WINDOWS\system32;C:\WINDOWS;C:\WINDOWS\System32\Wbem;C:\WINDOWS\System32\WindowsPowerShell\v1.0\;C:\Program Files (x86)\Java\jre7\bin;C:\Program Files (x86)\Skype\Phone\;c:\Program Files (x86)\Java\jdk1.7.0_79\bin;c:\Program Files\Java\jdk1.7.0_79
USERNAME=admin
OS=Windows_NT
PROCESSOR_IDENTIFIER=Intel64 Family 6 Model 30 Stepping 5, GenuineIntel



---------------  S Y S T E M  ---------------

OS: Windows 8.1 , 64 bit Build 9600 

CPU:total 8 (4 cores per cpu, 2 threads per core) family 6 model 30 stepping 5, cmov, cx8, fxsr, mmx, sse, sse2, sse3, ssse3, sse4.1, sse4.2, popcnt, ht, tsc, tscinvbit

Memory: 4k page, physical 8379256k(3032024k free), swap 8379256k(5324k free)

vm_info: Java HotSpot(TM) 64-Bit Server VM (24.79-b02) for windows-amd64 JRE (1.7.0_79-b15), built on Apr 10 2015 12:36:16 by "java_re" with unknown MS VC++:1600

time: Sun Mar 06 01:16:37 2016
elapsed time: 6 seconds

