#
# There is insufficient memory for the Java Runtime Environment to continue.
# Native memory allocation (malloc) failed to allocate 1325616 bytes for Chunk::new
# Possible reasons:
#   The system is out of physical RAM or swap space
#   In 32 bit mode, the process size limit was hit
# Possible solutions:
#   Reduce memory load on the system
#   Increase physical memory or swap space
#   Check if swap backing store is full
#   Use 64 bit Java on a 64 bit OS
#   Decrease Java heap size (-Xmx/-Xms)
#   Decrease number of Java threads
#   Decrease Java thread stack sizes (-Xss)
#   Set larger code cache with -XX:ReservedCodeCacheSize=
# This output file may be truncated or incomplete.
#
#  Out of Memory Error (allocation.cpp:323), pid=8052, tid=6392
#
# JRE version: Java(TM) SE Runtime Environment (7.0_79-b15) (build 1.7.0_79-b15)
# Java VM: Java HotSpot(TM) 64-Bit Server VM (24.79-b02 mixed mode windows-amd64 compressed oops)
# Failed to write core dump. Minidumps are not enabled by default on client versions of Windows
#

---------------  T H R E A D  ---------------

Current thread (0x00000000027ee800):  JavaThread "C2 CompilerThread1" daemon [_thread_in_native, id=6392, stack(0x000000000b240000,0x000000000b340000)]

Stack: [0x000000000b240000,0x000000000b340000]
[error occurred during error reporting (printing stack bounds), id 0xc0000005]


Current CompileTask:
C2:  10370  570   !         com.android.dx.cf.code.BytecodeArray::parseInstruction (2764 bytes)


---------------  P R O C E S S  ---------------

Java Threads: ( => current thread )
  0x000000000adf8800 JavaThread "pool-1-thread-4" [_thread_in_vm, id=6600, stack(0x000000000b940000,0x000000000ba40000)]
  0x000000000ae29000 JavaThread "pool-1-thread-3" [_thread_in_Java, id=2056, stack(0x000000000b840000,0x000000000b940000)]
  0x000000000ae28000 JavaThread "pool-1-thread-2" [_thread_in_Java, id=7564, stack(0x000000000b740000,0x000000000b840000)]
  0x000000000ac56800 JavaThread "pool-2-thread-1" [_thread_blocked, id=1532, stack(0x000000000b640000,0x000000000b740000)]
  0x000000000ac51800 JavaThread "pool-1-thread-1" [_thread_in_Java, id=6520, stack(0x000000000b540000,0x000000000b640000)]
  0x00000000027f9800 JavaThread "Service Thread" daemon [_thread_blocked, id=7196, stack(0x000000000b340000,0x000000000b440000)]
=>0x00000000027ee800 JavaThread "C2 CompilerThread1" daemon [_thread_in_native, id=6392, stack(0x000000000b240000,0x000000000b340000)]
  0x00000000027ed000 JavaThread "C2 CompilerThread0" daemon [_thread_in_native, id=7996, stack(0x000000000b140000,0x000000000b240000)]
  0x00000000027ec000 JavaThread "Attach Listener" daemon [_thread_blocked, id=5776, stack(0x000000000b040000,0x000000000b140000)]
  0x0000000008b3a800 JavaThread "Signal Dispatcher" daemon [_thread_blocked, id=5828, stack(0x000000000af40000,0x000000000b040000)]
  0x0000000008b2b800 JavaThread "Finalizer" daemon [_thread_blocked, id=5376, stack(0x000000000aa40000,0x000000000ab40000)]
  0x0000000008b2a800 JavaThread "Reference Handler" daemon [_thread_blocked, id=4684, stack(0x000000000a940000,0x000000000aa40000)]
  0x0000000002700800 JavaThread "main" [_thread_blocked, id=6500, stack(0x00000000024b0000,0x00000000025b0000)]

Other Threads:
  0x0000000008b25800 VMThread [stack: 0x000000000a840000,0x000000000a940000] [id=816]
  0x00000000027fe800 WatcherThread [stack: 0x000000000b440000,0x000000000b540000] [id=4676]

VM state:not at safepoint (normal execution)

VM Mutex/Monitor currently owned by a thread: None

Heap
 PSYoungGen      total 72704K, used 53898K [0x00000000eaa80000, 0x00000000ef680000, 0x0000000100000000)
  eden space 67584K, 72% used [0x00000000eaa80000,0x00000000eda26c60,0x00000000eec80000)
  from space 5120K, 99% used [0x00000000eec80000,0x00000000ef17beb8,0x00000000ef180000)
  to   space 5120K, 0% used [0x00000000ef180000,0x00000000ef180000,0x00000000ef680000)
 ParOldGen       total 87040K, used 16421K [0x00000000c0000000, 0x00000000c5500000, 0x00000000eaa80000)
  object space 87040K, 18% used [0x00000000c0000000,0x00000000c1009708,0x00000000c5500000)
 PSPermGen       total 21504K, used 6001K [0x00000000bae00000, 0x00000000bc300000, 0x00000000c0000000)
  object space 21504K, 27% used [0x00000000bae00000,0x00000000bb3dc740,0x00000000bc300000)

Card table byte_map: [0x00000000058c0000,0x0000000005af0000] byte_map_base: 0x00000000052e9000

Polling page: 0x0000000002490000

Code Cache  [0x0000000002800000, 0x0000000002a70000, 0x0000000005800000)
 total_blobs=807 nmethods=569 adapters=189 free_code_cache=46843Kb largest_free_block=47928000

Compilation events (10 events):
Event: 10.289 Thread 0x00000000027ee800 nmethod 568 0x0000000002a2b950 code [0x0000000002a2baa0, 0x0000000002a2bb88]
Event: 10.289 Thread 0x00000000027ee800  569             com.android.dx.util.IntList::makeImmutable (20 bytes)
Event: 10.293 Thread 0x00000000027ee800 nmethod 569 0x0000000002a2b550 code [0x0000000002a2b6a0, 0x0000000002a2b818]
Event: 10.293 Thread 0x00000000027ee800  570   !         com.android.dx.cf.code.BytecodeArray::parseInstruction (2764 bytes)
Event: 10.321 Thread 0x00000000027ed000 nmethod 566 0x0000000002a43610 code [0x0000000002a43860, 0x0000000002a44a80]
Event: 10.321 Thread 0x00000000027ed000  571             com.android.dx.rop.code.Insn$BaseVisitor::visitThrowingCstInsn (1 bytes)
Event: 10.322 Thread 0x00000000027ed000 nmethod 571 0x0000000002a20c90 code [0x0000000002a20dc0, 0x0000000002a20e18]
Event: 10.322 Thread 0x00000000027ed000  572             com.android.dx.dex.code.RopTranslator$LocalVariableAwareTranslationVisitor::visitThrowingCstInsn (11 bytes)
Event: 10.346 Thread 0x00000000027ed000 nmethod 572 0x0000000002a29ad0 code [0x0000000002a29cc0, 0x0000000002a2a500]
Event: 10.346 Thread 0x00000000027ed000  573             com.android.dx.dex.code.RopTranslator$TranslationVisitor::visitThrowingCstInsn (225 bytes)

GC Heap History (6 events):
Event: 3.397 GC heap before
{Heap before GC invocations=1 (full 0):
 PSYoungGen      total 38912K, used 33792K [0x00000000eaa80000, 0x00000000ed580000, 0x0000000100000000)
  eden space 33792K, 100% used [0x00000000eaa80000,0x00000000ecb80000,0x00000000ecb80000)
  from space 5120K, 0% used [0x00000000ed080000,0x00000000ed080000,0x00000000ed580000)
  to   space 5120K, 0% used [0x00000000ecb80000,0x00000000ecb80000,0x00000000ed080000)
 ParOldGen       total 87040K, used 0K [0x00000000c0000000, 0x00000000c5500000, 0x00000000eaa80000)
  object space 87040K, 0% used [0x00000000c0000000,0x00000000c0000000,0x00000000c5500000)
 PSPermGen       total 21504K, used 5836K [0x00000000bae00000, 0x00000000bc300000, 0x00000000c0000000)
  object space 21504K, 27% used [0x00000000bae00000,0x00000000bb3b3358,0x00000000bc300000)
Event: 3.513 GC heap after
Heap after GC invocations=1 (full 0):
 PSYoungGen      total 38912K, used 5097K [0x00000000eaa80000, 0x00000000ef680000, 0x0000000100000000)
  eden space 33792K, 0% used [0x00000000eaa80000,0x00000000eaa80000,0x00000000ecb80000)
  from space 5120K, 99% used [0x00000000ecb80000,0x00000000ed07a438,0x00000000ed080000)
  to   space 5120K, 0% used [0x00000000ef180000,0x00000000ef180000,0x00000000ef680000)
 ParOldGen       total 87040K, used 1567K [0x00000000c0000000, 0x00000000c5500000, 0x00000000eaa80000)
  object space 87040K, 1% used [0x00000000c0000000,0x00000000c0187ee0,0x00000000c5500000)
 PSPermGen       total 21504K, used 5836K [0x00000000bae00000, 0x00000000bc300000, 0x00000000c0000000)
  object space 21504K, 27% used [0x00000000bae00000,0x00000000bb3b3358,0x00000000bc300000)
}
Event: 5.872 GC heap before
{Heap before GC invocations=2 (full 0):
 PSYoungGen      total 38912K, used 38889K [0x00000000eaa80000, 0x00000000ef680000, 0x0000000100000000)
  eden space 33792K, 100% used [0x00000000eaa80000,0x00000000ecb80000,0x00000000ecb80000)
  from space 5120K, 99% used [0x00000000ecb80000,0x00000000ed07a438,0x00000000ed080000)
  to   space 5120K, 0% used [0x00000000ef180000,0x00000000ef180000,0x00000000ef680000)
 ParOldGen       total 87040K, used 1568K [0x00000000c0000000, 0x00000000c5500000, 0x00000000eaa80000)
  object space 87040K, 1% used [0x00000000c0000000,0x00000000c0188138,0x00000000c5500000)
 PSPermGen       total 21504K, used 5917K [0x00000000bae00000, 0x00000000bc300000, 0x00000000c0000000)
  object space 21504K, 27% used [0x00000000bae00000,0x00000000bb3c7780,0x00000000bc300000)
Event: 5.994 GC heap after
Heap after GC invocations=2 (full 0):
 PSYoungGen      total 72704K, used 5094K [0x00000000eaa80000, 0x00000000ef680000, 0x0000000100000000)
  eden space 67584K, 0% used [0x00000000eaa80000,0x00000000eaa80000,0x00000000eec80000)
  from space 5120K, 99% used [0x00000000ef180000,0x00000000ef679b80,0x00000000ef680000)
  to   space 5120K, 0% used [0x00000000eec80000,0x00000000eec80000,0x00000000ef180000)
 ParOldGen       total 87040K, used 5675K [0x00000000c0000000, 0x00000000c5500000, 0x00000000eaa80000)
  object space 87040K, 6% used [0x00000000c0000000,0x00000000c058acb8,0x00000000c5500000)
 PSPermGen       total 21504K, used 5917K [0x00000000bae00000, 0x00000000bc300000, 0x00000000c0000000)
  object space 21504K, 27% used [0x00000000bae00000,0x00000000bb3c7780,0x00000000bc300000)
}
Event: 8.238 GC heap before
{Heap before GC invocations=3 (full 0):
 PSYoungGen      total 72704K, used 72678K [0x00000000eaa80000, 0x00000000ef680000, 0x0000000100000000)
  eden space 67584K, 100% used [0x00000000eaa80000,0x00000000eec80000,0x00000000eec80000)
  from space 5120K, 99% used [0x00000000ef180000,0x00000000ef679b80,0x00000000ef680000)
  to   space 5120K, 0% used [0x00000000eec80000,0x00000000eec80000,0x00000000ef180000)
 ParOldGen       total 87040K, used 5676K [0x00000000c0000000, 0x00000000c5500000, 0x00000000eaa80000)
  object space 87040K, 6% used [0x00000000c0000000,0x00000000c058b2f8,0x00000000c5500000)
 PSPermGen       total 21504K, used 5970K [0x00000000bae00000, 0x00000000bc300000, 0x00000000c0000000)
  object space 21504K, 27% used [0x00000000bae00000,0x00000000bb3d4a40,0x00000000bc300000)
Event: 9.558 GC heap after
Heap after GC invocations=3 (full 0):
 PSYoungGen      total 72704K, used 5103K [0x00000000eaa80000, 0x00000000ef680000, 0x0000000100000000)
  eden space 67584K, 0% used [0x00000000eaa80000,0x00000000eaa80000,0x00000000eec80000)
  from space 5120K, 99% used [0x00000000eec80000,0x00000000ef17beb8,0x00000000ef180000)
  to   space 5120K, 0% used [0x00000000ef180000,0x00000000ef180000,0x00000000ef680000)
 ParOldGen       total 87040K, used 16421K [0x00000000c0000000, 0x00000000c5500000, 0x00000000eaa80000)
  object space 87040K, 18% used [0x00000000c0000000,0x00000000c1009708,0x00000000c5500000)
 PSPermGen       total 21504K, used 5970K [0x00000000bae00000, 0x00000000bc300000, 0x00000000c0000000)
  object space 21504K, 27% used [0x00000000bae00000,0x00000000bb3d4a40,0x00000000bc300000)
}

Deoptimization events (10 events):
Event: 9.725 Thread 0x000000000ae28000 Uncommon trap: reason=class_check action=maybe_recompile pc=0x00000000029a3378 method=com.android.dx.ssa.SCCP.replaceConstants()V @ 127
Event: 9.746 Thread 0x000000000ae29000 Uncommon trap: reason=class_check action=maybe_recompile pc=0x00000000029a3378 method=com.android.dx.ssa.SCCP.replaceConstants()V @ 127
Event: 10.064 Thread 0x000000000ae29000 Uncommon trap: reason=class_check action=maybe_recompile pc=0x00000000029a3378 method=com.android.dx.ssa.SCCP.replaceConstants()V @ 127
Event: 10.067 Thread 0x000000000ae28000 Uncommon trap: reason=class_check action=maybe_recompile pc=0x0000000002a2fac0 method=com.android.dx.cf.code.RopperMachine.run(Lcom/android/dx/cf/code/Frame;II)V @ 1024
Event: 10.076 Thread 0x000000000adf8800 Uncommon trap: reason=bimorphic action=maybe_recompile pc=0x0000000002a0e3e8 method=com.android.dx.cf.code.BytecodeArray.parseInstruction(ILcom/android/dx/cf/code/BytecodeArray$Visitor;)I @ 2484
Event: 10.076 Thread 0x000000000adf8800 Uncommon trap: reason=bimorphic action=maybe_recompile pc=0x0000000002a0e3e8 method=com.android.dx.cf.code.BytecodeArray.parseInstruction(ILcom/android/dx/cf/code/BytecodeArray$Visitor;)I @ 2484
Event: 10.341 Thread 0x000000000ac51800 Uncommon trap: reason=class_check action=maybe_recompile pc=0x00000000029f1ce4 method=com.android.dx.ssa.back.FirstFitLocalCombiningAllocator.findNextUnreservedRopReg(IILcom/android/dx/ssa/back/FirstFitLocalCombiningAllocator$Alignment;)I @ 60
Event: 10.347 Thread 0x000000000ac51800 Uncommon trap: reason=class_check action=maybe_recompile pc=0x00000000029f1ce4 method=com.android.dx.ssa.back.FirstFitLocalCombiningAllocator.findNextUnreservedRopReg(IILcom/android/dx/ssa/back/FirstFitLocalCombiningAllocator$Alignment;)I @ 60
Event: 10.357 Thread 0x000000000ac51800 Uncommon trap: reason=class_check action=maybe_recompile pc=0x00000000029f1ce4 method=com.android.dx.ssa.back.FirstFitLocalCombiningAllocator.findNextUnreservedRopReg(IILcom/android/dx/ssa/back/FirstFitLocalCombiningAllocator$Alignment;)I @ 60
Event: 10.362 Thread 0x000000000ac51800 Uncommon trap: reason=class_check action=maybe_recompile pc=0x00000000029f1ce4 method=com.android.dx.ssa.back.FirstFitLocalCombiningAllocator.findNextUnreservedRopReg(IILcom/android/dx/ssa/back/FirstFitLocalCombiningAllocator$Alignment;)I @ 60

Internal exceptions (10 events):
Event: 2.971 Thread 0x0000000002700800 Threw 0x00000000ec2c6298 at C:\re\jdk7u79\2331\hotspot\src\share\vm\prims\jvm.cpp:1304
Event: 2.972 Thread 0x0000000002700800 Threw 0x00000000ec2c88d8 at C:\re\jdk7u79\2331\hotspot\src\share\vm\prims\jvm.cpp:1304
Event: 4.310 Thread 0x000000000ac51800 Threw 0x00000000eb6ac6b8 at C:\re\jdk7u79\2331\hotspot\src\share\vm\prims\jvm.cpp:1304
Event: 4.311 Thread 0x000000000ac51800 Threw 0x00000000eb6b2108 at C:\re\jdk7u79\2331\hotspot\src\share\vm\prims\jvm.cpp:1304
Event: 4.312 Thread 0x000000000ac51800 Threw 0x00000000eb6b76d0 at C:\re\jdk7u79\2331\hotspot\src\share\vm\prims\jvm.cpp:1304
Event: 5.432 Thread 0x000000000ae29000 Implicit null exception at 0x00000000028c0298 to 0x00000000028c1649
Event: 6.160 Thread 0x0000000002700800 Threw 0x00000000eaf38090 at C:\re\jdk7u79\2331\hotspot\src\share\vm\prims\jvm.cpp:1304
Event: 6.161 Thread 0x0000000002700800 Threw 0x00000000eaf3a540 at C:\re\jdk7u79\2331\hotspot\src\share\vm\prims\jvm.cpp:1304
Event: 7.040 Thread 0x000000000ac51800 Threw 0x00000000ec5ec600 at C:\re\jdk7u79\2331\hotspot\src\share\vm\prims\jvm.cpp:1304
Event: 9.632 Thread 0x0000000002700800 Threw 0x00000000eaefb650 at C:\re\jdk7u79\2331\hotspot\src\share\vm\prims\jvm.cpp:1304

Events (10 events):
Event: 10.341 Thread 0x000000000ac51800 DEOPT UNPACKING pc=0x0000000002839064 sp=0x000000000b63e688 mode 2
Event: 10.347 Thread 0x000000000ac51800 Uncommon trap: trap_request=0xffffffde fr.pc=0x00000000029f1ce4
Event: 10.347 Thread 0x000000000ac51800 DEOPT PACKING pc=0x00000000029f1ce4 sp=0x000000000b63e680
Event: 10.347 Thread 0x000000000ac51800 DEOPT UNPACKING pc=0x0000000002839064 sp=0x000000000b63e5f8 mode 2
Event: 10.357 Thread 0x000000000ac51800 Uncommon trap: trap_request=0xffffffde fr.pc=0x00000000029f1ce4
Event: 10.357 Thread 0x000000000ac51800 DEOPT PACKING pc=0x00000000029f1ce4 sp=0x000000000b63e490
Event: 10.357 Thread 0x000000000ac51800 DEOPT UNPACKING pc=0x0000000002839064 sp=0x000000000b63e428 mode 2
Event: 10.362 Thread 0x000000000ac51800 Uncommon trap: trap_request=0xffffffde fr.pc=0x00000000029f1ce4
Event: 10.362 Thread 0x000000000ac51800 DEOPT PACKING pc=0x00000000029f1ce4 sp=0x000000000b63e400
Event: 10.362 Thread 0x000000000ac51800 DEOPT UNPACKING pc=0x0000000002839064 sp=0x000000000b63e398 mode 2


Dynamic libraries:
0x00007ff692330000 - 0x00007ff692363000 	C:\Program Files\Java\jdk1.7.0_79\bin\java.exe
0x00007ffd07760000 - 0x00007ffd07921000 	C:\WINDOWS\SYSTEM32\ntdll.dll
0x00007ffd06d50000 - 0x00007ffd06dfd000 	C:\WINDOWS\system32\KERNEL32.DLL
0x00007ffd04c50000 - 0x00007ffd04e2d000 	C:\WINDOWS\system32\KERNELBASE.dll
0x00007ffd06af0000 - 0x00007ffd06b96000 	C:\WINDOWS\system32\ADVAPI32.dll
0x00007ffd05160000 - 0x00007ffd051fd000 	C:\WINDOWS\system32\msvcrt.dll
0x00007ffd04e90000 - 0x00007ffd04eeb000 	C:\WINDOWS\system32\sechost.dll
0x00007ffd06fd0000 - 0x00007ffd070f6000 	C:\WINDOWS\system32\RPCRT4.dll
0x00007ffd07530000 - 0x00007ffd0767e000 	C:\WINDOWS\system32\USER32.dll
0x00007ffd04fd0000 - 0x00007ffd05156000 	C:\WINDOWS\system32\GDI32.dll
0x00007ffd002a0000 - 0x00007ffd00514000 	C:\WINDOWS\WinSxS\amd64_microsoft.windows.common-controls_6595b64144ccf1df_6.0.10240.16384_none_f41f7b285750ef43\COMCTL32.dll
0x00007ffd074f0000 - 0x00007ffd07526000 	C:\WINDOWS\system32\IMM32.DLL
0x00007ffd07380000 - 0x00007ffd074dc000 	C:\WINDOWS\system32\MSCTF.dll
0x000000005de70000 - 0x000000005df42000 	C:\Program Files\Java\jdk1.7.0_79\jre\bin\msvcr100.dll
0x000000005df50000 - 0x000000005e725000 	C:\Program Files\Java\jdk1.7.0_79\jre\bin\server\jvm.dll
0x00007ffd074e0000 - 0x00007ffd074e8000 	C:\WINDOWS\system32\PSAPI.DLL
0x00007ffcfffd0000 - 0x00007ffcfffd9000 	C:\WINDOWS\SYSTEM32\WSOCK32.dll
0x00007ffd04ef0000 - 0x00007ffd04f59000 	C:\WINDOWS\system32\WS2_32.dll
0x00007ffd04f60000 - 0x00007ffd04f68000 	C:\WINDOWS\system32\NSI.dll
0x00007ffd025e0000 - 0x00007ffd02603000 	C:\WINDOWS\SYSTEM32\WINMM.dll
0x00007ffd024a0000 - 0x00007ffd024cc000 	C:\WINDOWS\SYSTEM32\WINMMBASE.dll
0x00007ffd04340000 - 0x00007ffd04384000 	C:\WINDOWS\system32\cfgmgr32.dll
0x00007ffd02b00000 - 0x00007ffd02b27000 	C:\WINDOWS\SYSTEM32\DEVOBJ.dll
0x000000005e860000 - 0x000000005e86f000 	C:\Program Files\Java\jdk1.7.0_79\jre\bin\verify.dll
0x000000005de40000 - 0x000000005de68000 	C:\Program Files\Java\jdk1.7.0_79\jre\bin\java.dll
0x000000005de20000 - 0x000000005de35000 	C:\Program Files\Java\jdk1.7.0_79\jre\bin\zip.dll
0x000000005de00000 - 0x000000005de1a000 	C:\Program Files\Java\jdk1.7.0_79\jre\bin\net.dll
0x00007ffd03a00000 - 0x00007ffd03a5d000 	C:\WINDOWS\system32\mswsock.dll
0x000000005dde0000 - 0x000000005ddf1000 	C:\Program Files\Java\jdk1.7.0_79\jre\bin\nio.dll

VM Arguments:
jvm_args: -Djava.awt.headless=true -Xmx1024M -Dfile.encoding=windows-1252 -Duser.country=IT -Duser.language=it -Duser.variant 
java_command: com.android.dx.command.Main --dex --num-threads=4 --output C:\Users\admin\Desktop\android\FitUnionParse\app\build\intermediates\pre-dexed\debug\com.android.support-recyclerview-v7-23.2.0_9d89bd8eac7843bc25f833b7e6c70cd80f2d255e.jar C:\Users\admin\Desktop\android\FitUnionParse\app\build\intermediates\exploded-aar\com.android.support\recyclerview-v7\23.2.0\jars\classes.jar
Launcher Type: SUN_STANDARD

Environment Variables:
PATH=C:\Program Files (x86)\NVIDIA Corporation\PhysX\Common;C:\WINDOWS\system32;C:\WINDOWS;C:\WINDOWS\System32\Wbem;C:\WINDOWS\System32\WindowsPowerShell\v1.0\;C:\Program Files (x86)\Java\jre7\bin;C:\Program Files (x86)\Skype\Phone\;c:\Program Files (x86)\Java\jdk1.7.0_79\bin;c:\Program Files\Java\jdk1.7.0_79
USERNAME=admin
OS=Windows_NT
PROCESSOR_IDENTIFIER=Intel64 Family 6 Model 30 Stepping 5, GenuineIntel



---------------  S Y S T E M  ---------------

OS: Windows 8.1 , 64 bit Build 9600 

CPU:total 8 (4 cores per cpu, 2 threads per core) family 6 model 30 stepping 5, cmov, cx8, fxsr, mmx, sse, sse2, sse3, ssse3, sse4.1, sse4.2, popcnt, ht, tsc, tscinvbit

Memory: 4k page, physical 8379256k(2600588k free), swap 8379256k(5348k free)

vm_info: Java HotSpot(TM) 64-Bit Server VM (24.79-b02) for windows-amd64 JRE (1.7.0_79-b15), built on Apr 10 2015 12:36:16 by "java_re" with unknown MS VC++:1600

time: Sun Mar 06 01:15:50 2016
elapsed time: 10 seconds

