#
# There is insufficient memory for the Java Runtime Environment to continue.
# Native memory allocation (malloc) failed to allocate 32744 bytes for ChunkPool::allocate
# Possible reasons:
#   The system is out of physical RAM or swap space
#   In 32 bit mode, the process size limit was hit
# Possible solutions:
#   Reduce memory load on the system
#   Increase physical memory or swap space
#   Check if swap backing store is full
#   Use 64 bit Java on a 64 bit OS
#   Decrease Java heap size (-Xmx/-Xms)
#   Decrease number of Java threads
#   Decrease Java thread stack sizes (-Xss)
#   Set larger code cache with -XX:ReservedCodeCacheSize=
# This output file may be truncated or incomplete.
#
#  Out of Memory Error (allocation.cpp:211), pid=2388, tid=7548
#
# JRE version: Java(TM) SE Runtime Environment (7.0_79-b15) (build 1.7.0_79-b15)
# Java VM: Java HotSpot(TM) 64-Bit Server VM (24.79-b02 mixed mode windows-amd64 compressed oops)
# Failed to write core dump. Minidumps are not enabled by default on client versions of Windows
#

---------------  T H R E A D  ---------------

Current thread (0x0000000002940800):  JavaThread "main" [_thread_in_vm, id=7548, stack(0x0000000002700000,0x0000000002800000)]

Stack: [0x0000000002700000,0x0000000002800000]
[error occurred during error reporting (printing stack bounds), id 0xc0000005]


[error occurred during error reporting (printing native stack), id 0xc0000005]

Java frames: (J=compiled Java code, j=interpreted, Vv=VM code)
j  com.android.dx.command.Main.main([Ljava/lang/String;)V+61
v  ~StubRoutines::call_stub

---------------  P R O C E S S  ---------------

Java Threads: ( => current thread )
  0x0000000002a3c800 JavaThread "Service Thread" daemon [_thread_new, id=3276, stack(0x0000000000000000,0x0000000000000000)]
  0x0000000002a3c000 JavaThread "C2 CompilerThread1" daemon [_thread_new, id=8096, stack(0x0000000000000000,0x0000000000000000)]
  0x0000000002a35000 JavaThread "C2 CompilerThread0" daemon [_thread_blocked, id=6396, stack(0x000000000b350000,0x000000000b450000)]
  0x0000000002a34800 JavaThread "Attach Listener" daemon [_thread_blocked, id=7928, stack(0x000000000b250000,0x000000000b350000)]
  0x000000000ad71000 JavaThread "Signal Dispatcher" daemon [_thread_new, id=7644, stack(0x0000000000000000,0x0000000000000000)]
  0x0000000008d90800 JavaThread "Finalizer" daemon [_thread_blocked, id=5244, stack(0x000000000ac50000,0x000000000ad50000)]
  0x0000000008d8a000 JavaThread "Reference Handler" daemon [_thread_blocked, id=7140, stack(0x000000000ab50000,0x000000000ac50000)]
=>0x0000000002940800 JavaThread "main" [_thread_in_vm, id=7548, stack(0x0000000002700000,0x0000000002800000)]

Other Threads:
  0x0000000008d85800 VMThread [stack: 0x000000000aa50000,0x000000000ab50000] [id=4476]
  0x0000000002a3e800 WatcherThread [stack: 0x0000000000000000,0x0000000000000000] [id=764]

VM state:not at safepoint (normal execution)

VM Mutex/Monitor currently owned by a thread: None

Heap
 PSYoungGen      total 38912K, used 1351K [0x00000000eaa80000, 0x00000000ed580000, 0x0000000100000000)
  eden space 33792K, 4% used [0x00000000eaa80000,0x00000000eabd1fa8,0x00000000ecb80000)
  from space 5120K, 0% used [0x00000000ed080000,0x00000000ed080000,0x00000000ed580000)
  to   space 5120K, 0% used [0x00000000ecb80000,0x00000000ecb80000,0x00000000ed080000)
 ParOldGen       total 87040K, used 0K [0x00000000c0000000, 0x00000000c5500000, 0x00000000eaa80000)
  object space 87040K, 0% used [0x00000000c0000000,0x00000000c0000000,0x00000000c5500000)
 PSPermGen       total 21504K, used 2796K [0x00000000bae00000, 0x00000000bc300000, 0x00000000c0000000)
  object space 21504K, 13% used [0x00000000bae00000,0x00000000bb0bb120,0x00000000bc300000)

Card table byte_map: [0x0000000005b00000,0x0000000005d30000] byte_map_base: 0x0000000005529000

Polling page: 0x0000000002800000

Code Cache  [0x0000000002a40000, 0x0000000002cb0000, 0x0000000005a40000)
 total_blobs=168 nmethods=0 adapters=137 free_code_cache=48772Kb largest_free_block=49943424

Compilation events (0 events):
No events

GC Heap History (0 events):
No events

Deoptimization events (0 events):
No events

Internal exceptions (10 events):
Event: 2.819 Thread 0x0000000002940800 Threw 0x00000000eaaccab8 at C:\re\jdk7u79\2331\hotspot\src\share\vm\prims\jvm.cpp:1304
Event: 2.865 Thread 0x0000000002940800 Threw 0x00000000eaaddd40 at C:\re\jdk7u79\2331\hotspot\src\share\vm\prims\jvm.cpp:1304
Event: 2.867 Thread 0x0000000002940800 Threw 0x00000000eaae1be0 at C:\re\jdk7u79\2331\hotspot\src\share\vm\prims\jvm.cpp:1304
Event: 2.871 Thread 0x0000000002940800 Threw 0x00000000eaafa890 at C:\re\jdk7u79\2331\hotspot\src\share\vm\prims\jvm.cpp:1304
Event: 2.871 Thread 0x0000000002940800 Threw 0x00000000eaafc7b8 at C:\re\jdk7u79\2331\hotspot\src\share\vm\prims\jvm.cpp:1304
Event: 2.873 Thread 0x0000000002940800 Threw 0x00000000eab00560 at C:\re\jdk7u79\2331\hotspot\src\share\vm\prims\jvm.cpp:1304
Event: 2.875 Thread 0x0000000002940800 Threw 0x00000000eab03458 at C:\re\jdk7u79\2331\hotspot\src\share\vm\prims\jvm.cpp:1304
Event: 2.876 Thread 0x0000000002940800 Threw 0x00000000eab07b68 at C:\re\jdk7u79\2331\hotspot\src\share\vm\prims\jvm.cpp:1304
Event: 2.879 Thread 0x0000000002940800 Threw 0x00000000eab18870 at C:\re\jdk7u79\2331\hotspot\src\share\vm\prims\jvm.cpp:1304
Event: 2.881 Thread 0x0000000002940800 Threw 0x00000000eab1b528 at C:\re\jdk7u79\2331\hotspot\src\share\vm\prims\jvm.cpp:1304

Events (10 events):
Event: 2.880 loading class 0x000000000adfe660
Event: 2.880 loading class 0x000000000adfe660 done
Event: 2.880 loading class 0x000000000adfe7a0
Event: 2.880 loading class 0x000000000adfe7a0 done
Event: 2.880 loading class 0x000000000ad8fa10
Event: 2.880 loading class 0x000000000ad7f020
Event: 2.880 loading class 0x000000000ad7f020 done
Event: 2.881 loading class 0x000000000ad8fa10 done
Event: 2.881 loading class 0x000000000adabac0
Event: 2.881 loading class 0x000000000adabac0 done


Dynamic libraries:
0x00007ff692330000 - 0x00007ff692363000 	C:\Program Files\Java\jdk1.7.0_79\bin\java.exe
0x00007ffd07760000 - 0x00007ffd07921000 	C:\WINDOWS\SYSTEM32\ntdll.dll
0x00007ffd06d50000 - 0x00007ffd06dfd000 	C:\WINDOWS\system32\KERNEL32.DLL
0x00007ffd04c50000 - 0x00007ffd04e2d000 	C:\WINDOWS\system32\KERNELBASE.dll
0x00007ffd06af0000 - 0x00007ffd06b96000 	C:\WINDOWS\system32\ADVAPI32.dll
0x00007ffd05160000 - 0x00007ffd051fd000 	C:\WINDOWS\system32\msvcrt.dll
0x00007ffd04e90000 - 0x00007ffd04eeb000 	C:\WINDOWS\system32\sechost.dll
0x00007ffd06fd0000 - 0x00007ffd070f6000 	C:\WINDOWS\system32\RPCRT4.dll
0x00007ffd07530000 - 0x00007ffd0767e000 	C:\WINDOWS\system32\USER32.dll
0x00007ffd04fd0000 - 0x00007ffd05156000 	C:\WINDOWS\system32\GDI32.dll
0x00007ffd002a0000 - 0x00007ffd00514000 	C:\WINDOWS\WinSxS\amd64_microsoft.windows.common-controls_6595b64144ccf1df_6.0.10240.16384_none_f41f7b285750ef43\COMCTL32.dll
0x00007ffd074f0000 - 0x00007ffd07526000 	C:\WINDOWS\system32\IMM32.DLL
0x00007ffd07380000 - 0x00007ffd074dc000 	C:\WINDOWS\system32\MSCTF.dll
0x000000005de70000 - 0x000000005df42000 	C:\Program Files\Java\jdk1.7.0_79\jre\bin\msvcr100.dll
0x000000005df50000 - 0x000000005e725000 	C:\Program Files\Java\jdk1.7.0_79\jre\bin\server\jvm.dll
0x00007ffd074e0000 - 0x00007ffd074e8000 	C:\WINDOWS\system32\PSAPI.DLL
0x00007ffcfffd0000 - 0x00007ffcfffd9000 	C:\WINDOWS\SYSTEM32\WSOCK32.dll
0x00007ffd04ef0000 - 0x00007ffd04f59000 	C:\WINDOWS\system32\WS2_32.dll
0x00007ffd04f60000 - 0x00007ffd04f68000 	C:\WINDOWS\system32\NSI.dll
0x00007ffd025e0000 - 0x00007ffd02603000 	C:\WINDOWS\SYSTEM32\WINMM.dll
0x00007ffd024a0000 - 0x00007ffd024cc000 	C:\WINDOWS\SYSTEM32\WINMMBASE.dll
0x00007ffd04340000 - 0x00007ffd04384000 	C:\WINDOWS\system32\cfgmgr32.dll
0x00007ffd02b00000 - 0x00007ffd02b27000 	C:\WINDOWS\SYSTEM32\DEVOBJ.dll
0x000000005e860000 - 0x000000005e86f000 	C:\Program Files\Java\jdk1.7.0_79\jre\bin\verify.dll
0x000000005de40000 - 0x000000005de68000 	C:\Program Files\Java\jdk1.7.0_79\jre\bin\java.dll
0x000000005de20000 - 0x000000005de35000 	C:\Program Files\Java\jdk1.7.0_79\jre\bin\zip.dll

VM Arguments:
jvm_args: -Djava.awt.headless=true -Xmx1024M -Dfile.encoding=windows-1252 -Duser.country=IT -Duser.language=it -Duser.variant 
java_command: com.android.dx.command.Main --dex --num-threads=4 --output C:\Users\admin\Desktop\android\FitUnionParse\app\build\intermediates\pre-dexed\debug\com.android.support-animated-vector-drawable-23.2.0_24342d6dbf3e7e65997484c2b378c02683062a86.jar C:\Users\admin\Desktop\android\FitUnionParse\app\build\intermediates\exploded-aar\com.android.support\animated-vector-drawable\23.2.0\jars\classes.jar
Launcher Type: SUN_STANDARD

Environment Variables:
PATH=C:\Program Files (x86)\NVIDIA Corporation\PhysX\Common;C:\WINDOWS\system32;C:\WINDOWS;C:\WINDOWS\System32\Wbem;C:\WINDOWS\System32\WindowsPowerShell\v1.0\;C:\Program Files (x86)\Java\jre7\bin;C:\Program Files (x86)\Skype\Phone\;c:\Program Files (x86)\Java\jdk1.7.0_79\bin;c:\Program Files\Java\jdk1.7.0_79
USERNAME=admin
OS=Windows_NT
PROCESSOR_IDENTIFIER=Intel64 Family 6 Model 30 Stepping 5, GenuineIntel



---------------  S Y S T E M  ---------------

OS: Windows 8.1 , 64 bit Build 9600 

CPU:total 8 (4 cores per cpu, 2 threads per core) family 6 model 30 stepping 5, cmov, cx8, fxsr, mmx, sse, sse2, sse3, ssse3, sse4.1, sse4.2, popcnt, ht, tsc, tscinvbit

Memory: 4k page, physical 8379256k(2997812k free), swap 8379256k(3188k free)

vm_info: Java HotSpot(TM) 64-Bit Server VM (24.79-b02) for windows-amd64 JRE (1.7.0_79-b15), built on Apr 10 2015 12:36:16 by "java_re" with unknown MS VC++:1600

time: Sun Mar 06 01:15:38 2016
elapsed time: 2 seconds

