#
# There is insufficient memory for the Java Runtime Environment to continue.
# Native memory allocation (malloc) failed to allocate 1313696 bytes for Chunk::new
# Possible reasons:
#   The system is out of physical RAM or swap space
#   In 32 bit mode, the process size limit was hit
# Possible solutions:
#   Reduce memory load on the system
#   Increase physical memory or swap space
#   Check if swap backing store is full
#   Use 64 bit Java on a 64 bit OS
#   Decrease Java heap size (-Xmx/-Xms)
#   Decrease number of Java threads
#   Decrease Java thread stack sizes (-Xss)
#   Set larger code cache with -XX:ReservedCodeCacheSize=
# This output file may be truncated or incomplete.
#
#  Out of Memory Error (allocation.cpp:323), pid=4672, tid=7436
#
# JRE version: Java(TM) SE Runtime Environment (7.0_79-b15) (build 1.7.0_79-b15)
# Java VM: Java HotSpot(TM) 64-Bit Server VM (24.79-b02 mixed mode windows-amd64 compressed oops)
# Failed to write core dump. Minidumps are not enabled by default on client versions of Windows
#

---------------  T H R E A D  ---------------

Current thread (0x0000000002167000):  JavaThread "C2 CompilerThread1" daemon [_thread_in_native, id=7436, stack(0x000000000ab30000,0x000000000ac30000)]

Stack: [0x000000000ab30000,0x000000000ac30000]
[error occurred during error reporting (printing stack bounds), id 0xc0000005]


Current CompileTask:
C2:  11302  559   !         com.android.dx.cf.code.Ropper::processBlock (1101 bytes)


---------------  P R O C E S S  ---------------

Java Threads: ( => current thread )
  0x000000000a72c000 JavaThread "pool-1-thread-4" [_thread_in_Java, id=4980, stack(0x000000000b230000,0x000000000b330000)]
  0x000000000a725800 JavaThread "pool-1-thread-3" [_thread_in_vm, id=7260, stack(0x000000000b130000,0x000000000b230000)]
  0x000000000a664000 JavaThread "pool-1-thread-2" [_thread_in_Java, id=6052, stack(0x000000000b030000,0x000000000b130000)]
  0x000000000a663800 JavaThread "pool-2-thread-1" [_thread_blocked, id=8100, stack(0x000000000af30000,0x000000000b030000)]
  0x000000000a646800 JavaThread "pool-1-thread-1" [_thread_in_Java, id=2436, stack(0x000000000ae30000,0x000000000af30000)]
  0x000000000216d000 JavaThread "Service Thread" daemon [_thread_blocked, id=528, stack(0x000000000ac30000,0x000000000ad30000)]
=>0x0000000002167000 JavaThread "C2 CompilerThread1" daemon [_thread_in_native, id=7436, stack(0x000000000ab30000,0x000000000ac30000)]
  0x000000000a451000 JavaThread "C2 CompilerThread0" daemon [_thread_in_native, id=7620, stack(0x000000000aa30000,0x000000000ab30000)]
  0x000000000215d000 JavaThread "Attach Listener" daemon [_thread_blocked, id=4932, stack(0x000000000a930000,0x000000000aa30000)]
  0x000000000a450800 JavaThread "Signal Dispatcher" daemon [_thread_blocked, id=5128, stack(0x000000000a830000,0x000000000a930000)]
  0x0000000008471000 JavaThread "Finalizer" daemon [_thread_blocked, id=7788, stack(0x000000000a330000,0x000000000a430000)]
  0x000000000846a800 JavaThread "Reference Handler" daemon [_thread_blocked, id=4584, stack(0x000000000a230000,0x000000000a330000)]
  0x0000000002070800 JavaThread "main" [_thread_in_Java, id=1032, stack(0x0000000001e30000,0x0000000001f30000)]

Other Threads:
  0x0000000008465800 VMThread [stack: 0x000000000a130000,0x000000000a230000] [id=6024]
  0x000000000a45c800 WatcherThread [stack: 0x000000000ad30000,0x000000000ae30000] [id=7208]

VM state:not at safepoint (normal execution)

VM Mutex/Monitor currently owned by a thread: None

Heap
 PSYoungGen      total 140288K, used 18216K [0x00000000eaa80000, 0x00000000f3880000, 0x0000000100000000)
  eden space 135168K, 9% used [0x00000000eaa80000,0x00000000eb74e080,0x00000000f2e80000)
  from space 5120K, 99% used [0x00000000f3380000,0x00000000f387c088,0x00000000f3880000)
  to   space 5120K, 0% used [0x00000000f2e80000,0x00000000f2e80000,0x00000000f3380000)
 ParOldGen       total 87040K, used 26589K [0x00000000c0000000, 0x00000000c5500000, 0x00000000eaa80000)
  object space 87040K, 30% used [0x00000000c0000000,0x00000000c19f7738,0x00000000c5500000)
 PSPermGen       total 21504K, used 6022K [0x00000000bae00000, 0x00000000bc300000, 0x00000000c0000000)
  object space 21504K, 28% used [0x00000000bae00000,0x00000000bb3e1b78,0x00000000bc300000)

Card table byte_map: [0x0000000005230000,0x0000000005460000] byte_map_base: 0x0000000004c59000

Polling page: 0x0000000001d70000

Code Cache  [0x0000000002170000, 0x00000000023e0000, 0x0000000005170000)
