#
# There is insufficient memory for the Java Runtime Environment to continue.
# Native memory allocation (malloc) failed to allocate 474176 bytes for Chunk::new
# Possible reasons:
#   The system is out of physical RAM or swap space
#   In 32 bit mode, the process size limit was hit
# Possible solutions:
#   Reduce memory load on the system
#   Increase physical memory or swap space
#   Check if swap backing store is full
#   Use 64 bit Java on a 64 bit OS
#   Decrease Java heap size (-Xmx/-Xms)
#   Decrease number of Java threads
#   Decrease Java thread stack sizes (-Xss)
#   Set larger code cache with -XX:ReservedCodeCacheSize=
# This output file may be truncated or incomplete.
#
#  Out of Memory Error (allocation.cpp:323), pid=6236, tid=5396
#
# JRE version: Java(TM) SE Runtime Environment (7.0_79-b15) (build 1.7.0_79-b15)
# Java VM: Java HotSpot(TM) 64-Bit Server VM (24.79-b02 mixed mode windows-amd64 compressed oops)
# Failed to write core dump. Minidumps are not enabled by default on client versions of Windows
#

---------------  T H R E A D  ---------------

Current thread (0x000000000281e000):  JavaThread "C2 CompilerThread0" daemon [_thread_in_native, id=5396, stack(0x000000000b130000,0x000000000b230000)]

Stack: [0x000000000b130000,0x000000000b230000]
[error occurred during error reporting (printing stack bounds), id 0xc0000005]


[error occurred during error reporting (printing native stack), id 0xc0000005]


Current CompileTask:
C2:   6400  163             com.android.dx.ssa.SsaConverter::placePhiFunctions (394 bytes)


---------------  P R O C E S S  ---------------

Java Threads: ( => current thread )
  0x000000000ae7e000 JavaThread "pool-1-thread-4" [_thread_in_Java, id=7304, stack(0x000000000b930000,0x000000000ba30000)]
  0x000000000aebd800 JavaThread "pool-1-thread-3" [_thread_in_Java, id=3572, stack(0x000000000b830000,0x000000000b930000)]
  0x000000000ada2800 JavaThread "pool-1-thread-2" [_thread_in_Java, id=2976, stack(0x000000000b730000,0x000000000b830000)]
  0x000000000ada1800 JavaThread "pool-2-thread-1" [_thread_blocked, id=5532, stack(0x000000000b630000,0x000000000b730000)]
  0x000000000ac6a800 JavaThread "pool-1-thread-1" [_thread_in_Java, id=7208, stack(0x000000000b530000,0x000000000b630000)]
  0x0000000002828000 JavaThread "Service Thread" daemon [_thread_blocked, id=7164, stack(0x000000000b330000,0x000000000b430000)]
  0x000000000281f800 JavaThread "C2 CompilerThread1" daemon [_thread_in_native, id=7920, stack(0x000000000b230000,0x000000000b330000)]
=>0x000000000281e000 JavaThread "C2 CompilerThread0" daemon [_thread_in_native, id=5396, stack(0x000000000b130000,0x000000000b230000)]
  0x000000000281d000 JavaThread "Attach Listener" daemon [_thread_blocked, id=7320, stack(0x000000000b030000,0x000000000b130000)]
  0x000000000ab51000 JavaThread "Signal Dispatcher" daemon [_thread_blocked, id=7036, stack(0x000000000af30000,0x000000000b030000)]
  0x0000000008b2b000 JavaThread "Finalizer" daemon [_thread_blocked, id=7872, stack(0x000000000aa30000,0x000000000ab30000)]
  0x0000000008b2a800 JavaThread "Reference Handler" daemon [_thread_blocked, id=3584, stack(0x000000000a930000,0x000000000aa30000)]
  0x0000000002730800 JavaThread "main" [_thread_in_Java, id=3760, stack(0x0000000002630000,0x0000000002730000)]

Other Threads:
  0x0000000008b26000 VMThread [stack: 0x000000000a830000,0x000000000a930000] [id=7112]
  0x000000000282c000 WatcherThread [stack: 0x000000000b430000,0x000000000b530000] [id=5980]

VM state:not at safepoint (normal execution)

VM Mutex/Monitor currently owned by a thread: None

Heap
 PSYoungGen      total 38912K, used 11245K [0x00000000eaa80000, 0x00000000ef680000, 0x0000000100000000)
  eden space 33792K, 20% used [0x00000000eaa80000,0x00000000eb169f20,0x00000000ecb80000)
  from space 5120K, 81% used [0x00000000ecb80000,0x00000000ecf918b8,0x00000000ed080000)
  to   space 5120K, 0% used [0x00000000ef180000,0x00000000ef180000,0x00000000ef680000)
 ParOldGen       total 87040K, used 0K [0x00000000c0000000, 0x00000000c5500000, 0x00000000eaa80000)
  object space 87040K, 0% used [0x00000000c0000000,0x00000000c0000000,0x00000000c5500000)
 PSPermGen       total 21504K, used 5714K [0x00000000bae00000, 0x00000000bc300000, 0x00000000c0000000)
  object space 21504K, 26% used [0x00000000bae00000,0x00000000bb394aa8,0x00000000bc300000)

Card table byte_map: [0x00000000058f0000,0x0000000005b20000] byte_map_base: 0x0000000005319000

Polling page: 0x0000000000da0000

Code Cache  [0x0000000002830000, 0x0000000002aa0000, 0x0000000005830000)
 total_blobs=403 nmethods=167 adapters=189 free_code_cache=48506Kb largest_free_block=49650176

Compilation events (10 events):
Event: 6.359 Thread 0x000000000281f800  164             java.util.Collections$UnmodifiableCollection$1::hasNext (10 bytes)
Event: 6.361 Thread 0x000000000281f800 nmethod 164 0x00000000028d3f10 code [0x00000000028d4060, 0x00000000028d4118]
Event: 6.368 Thread 0x000000000281f800  165             com.android.dx.ssa.DeadCodeRemover::access$000 (5 bytes)
Event: 6.374 Thread 0x000000000281f800 nmethod 165 0x00000000028d3a50 code [0x00000000028d3ba0, 0x00000000028d3d08]
Event: 6.374 Thread 0x000000000281f800  166             java.util.BitSet::or (105 bytes)
Event: 6.382 Thread 0x000000000281f800 nmethod 166 0x00000000028d34d0 code [0x00000000028d3620, 0x00000000028d3848]
Event: 6.382 Thread 0x000000000281f800  167             com.android.dx.rop.code.Insn::<init> (69 bytes)
Event: 6.384 Thread 0x000000000281f800 nmethod 167 0x00000000028d3190 code [0x00000000028d32c0, 0x00000000028d33b8]
Event: 6.384 Thread 0x000000000281f800  168             com.android.dx.util.IntList::binarysearch (124 bytes)
Event: 6.389 Thread 0x000000000281f800 nmethod 168 0x00000000028d6190 code [0x00000000028d62e0, 0x00000000028d6498]

GC Heap History (2 events):
Event: 5.543 GC heap before
{Heap before GC invocations=1 (full 0):
 PSYoungGen      total 38912K, used 33792K [0x00000000eaa80000, 0x00000000ed580000, 0x0000000100000000)
  eden space 33792K, 100% used [0x00000000eaa80000,0x00000000ecb80000,0x00000000ecb80000)
  from space 5120K, 0% used [0x00000000ed080000,0x00000000ed080000,0x00000000ed580000)
  to   space 5120K, 0% used [0x00000000ecb80000,0x00000000ecb80000,0x00000000ed080000)
 ParOldGen       total 87040K, used 0K [0x00000000c0000000, 0x00000000c5500000, 0x00000000eaa80000)
  object space 87040K, 0% used [0x00000000c0000000,0x00000000c0000000,0x00000000c5500000)
 PSPermGen       total 21504K, used 5646K [0x00000000bae00000, 0x00000000bc300000, 0x00000000c0000000)
  object space 21504K, 26% used [0x00000000bae00000,0x00000000bb383988,0x00000000bc300000)
Event: 5.911 GC heap after
Heap after GC invocations=1 (full 0):
 PSYoungGen      total 38912K, used 4166K [0x00000000eaa80000, 0x00000000ef680000, 0x0000000100000000)
  eden space 33792K, 0% used [0x00000000eaa80000,0x00000000eaa80000,0x00000000ecb80000)
  from space 5120K, 81% used [0x00000000ecb80000,0x00000000ecf918b8,0x00000000ed080000)
  to   space 5120K, 0% used [0x00000000ef180000,0x00000000ef180000,0x00000000ef680000)
 ParOldGen       total 87040K, used 0K [0x00000000c0000000, 0x00000000c5500000, 0x00000000eaa80000)
  object space 87040K, 0% used [0x00000000c0000000,0x00000000c0000000,0x00000000c5500000)
 PSPermGen       total 21504K, used 5646K [0x00000000bae00000, 0x00000000bc300000, 0x00000000c0000000)
  object space 21504K, 26% used [0x00000000bae00000,0x00000000bb383988,0x00000000bc300000)
}

Deoptimization events (2 events):
Event: 6.121 Thread 0x000000000ac6a800 Uncommon trap: reason=null_check action=make_not_entrant pc=0x00000000028bcacc method=com.android.dx.rop.code.LocalItem.equals(Ljava/lang/Object;)Z @ 1
Event: 6.341 Thread 0x0000000002730800 Uncommon trap: reason=class_check action=maybe_recompile pc=0x00000000028cb61c method=com.android.dx.ssa.NormalSsaInsn.accept(Lcom/android/dx/ssa/SsaInsn$Visitor;)V @ 9

Internal exceptions (10 events):
Event: 3.720 Thread 0x000000000ac6a800 Threw 0x00000000ec644ab8 at C:\re\jdk7u79\2331\hotspot\src\share\vm\prims\jvm.cpp:1304
Event: 3.725 Thread 0x000000000ac6a800 Threw 0x00000000ec647888 at C:\re\jdk7u79\2331\hotspot\src\share\vm\prims\jvm.cpp:1304
Event: 3.752 Thread 0x000000000aebd800 Threw 0x00000000ec6a4ac0 at C:\re\jdk7u79\2331\hotspot\src\share\vm\prims\jvm.cpp:1304
Event: 3.778 Thread 0x000000000ada2800 Threw 0x00000000ec4ac658 at C:\re\jdk7u79\2331\hotspot\src\share\vm\prims\jvm.cpp:1304
Event: 4.111 Thread 0x000000000ac6a800 Threw 0x00000000ec7518b8 at C:\re\jdk7u79\2331\hotspot\src\share\vm\prims\jvm.cpp:1304
Event: 5.046 Thread 0x0000000002730800 Threw 0x00000000eca62df8 at C:\re\jdk7u79\2331\hotspot\src\share\vm\prims\jvm.cpp:1304
Event: 5.058 Thread 0x0000000002730800 Threw 0x00000000eca8f120 at C:\re\jdk7u79\2331\hotspot\src\share\vm\prims\jvm.cpp:1304
Event: 5.165 Thread 0x0000000002730800 Threw 0x00000000ecac0998 at C:\re\jdk7u79\2331\hotspot\src\share\vm\prims\jvm.cpp:1304
Event: 5.166 Thread 0x0000000002730800 Threw 0x00000000ecac5f98 at C:\re\jdk7u79\2331\hotspot\src\share\vm\prims\jvm.cpp:1304
Event: 6.121 Thread 0x000000000ac6a800 Implicit null exception at 0x00000000028bc762 to 0x00000000028bcab1

Events (10 events):
Event: 6.115 Executing VM operation: RevokeBias
Event: 6.115 Executing VM operation: RevokeBias done
Event: 6.115 Executing VM operation: BulkRevokeBias
Event: 6.115 Executing VM operation: BulkRevokeBias done
Event: 6.121 Thread 0x000000000ac6a800 Uncommon trap: trap_request=0xfffffff4 fr.pc=0x00000000028bcacc
Event: 6.121 Thread 0x000000000ac6a800 DEOPT PACKING pc=0x00000000028bcacc sp=0x000000000b62e6f0
Event: 6.121 Thread 0x000000000ac6a800 DEOPT UNPACKING pc=0x0000000002869064 sp=0x000000000b62e630 mode 2
Event: 6.341 Thread 0x0000000002730800 Uncommon trap: trap_request=0xffffffde fr.pc=0x00000000028cb61c
Event: 6.341 Thread 0x0000000002730800 DEOPT PACKING pc=0x00000000028cb61c sp=0x000000000272e210
Event: 6.341 Thread 0x0000000002730800 DEOPT UNPACKING pc=0x0000000002869064 sp=0x000000000272e120 mode 2


Dynamic libraries:
0x00007ff692330000 - 0x00007ff692363000 	C:\Program Files\Java\jdk1.7.0_79\bin\java.exe
0x00007ffd07760000 - 0x00007ffd07921000 	C:\WINDOWS\SYSTEM32\ntdll.dll
0x00007ffd06d50000 - 0x00007ffd06dfd000 	C:\WINDOWS\system32\KERNEL32.DLL
0x00007ffd04c50000 - 0x00007ffd04e2d000 	C:\WINDOWS\system32\KERNELBASE.dll
0x00007ffd06af0000 - 0x00007ffd06b96000 	C:\WINDOWS\system32\ADVAPI32.dll
0x00007ffd05160000 - 0x00007ffd051fd000 	C:\WINDOWS\system32\msvcrt.dll
0x00007ffd04e90000 - 0x00007ffd04eeb000 	C:\WINDOWS\system32\sechost.dll
0x00007ffd06fd0000 - 0x00007ffd070f6000 	C:\WINDOWS\system32\RPCRT4.dll
0x00007ffd07530000 - 0x00007ffd0767e000 	C:\WINDOWS\system32\USER32.dll
0x00007ffd04fd0000 - 0x00007ffd05156000 	C:\WINDOWS\system32\GDI32.dll
0x00007ffd002a0000 - 0x00007ffd00514000 	C:\WINDOWS\WinSxS\amd64_microsoft.windows.common-controls_6595b64144ccf1df_6.0.10240.16384_none_f41f7b285750ef43\COMCTL32.dll
0x00007ffd074f0000 - 0x00007ffd07526000 	C:\WINDOWS\system32\IMM32.DLL
0x00007ffd07380000 - 0x00007ffd074dc000 	C:\WINDOWS\system32\MSCTF.dll
0x000000005de70000 - 0x000000005df42000 	C:\Program Files\Java\jdk1.7.0_79\jre\bin\msvcr100.dll
0x000000005df50000 - 0x000000005e725000 	C:\Program Files\Java\jdk1.7.0_79\jre\bin\server\jvm.dll
0x00007ffd074e0000 - 0x00007ffd074e8000 	C:\WINDOWS\system32\PSAPI.DLL
0x00007ffcfffd0000 - 0x00007ffcfffd9000 	C:\WINDOWS\SYSTEM32\WSOCK32.dll
0x00007ffd025e0000 - 0x00007ffd02603000 	C:\WINDOWS\SYSTEM32\WINMM.dll
0x00007ffd04ef0000 - 0x00007ffd04f59000 	C:\WINDOWS\system32\WS2_32.dll
0x00007ffd04f60000 - 0x00007ffd04f68000 	C:\WINDOWS\system32\NSI.dll
0x00007ffd024a0000 - 0x00007ffd024cc000 	C:\WINDOWS\SYSTEM32\WINMMBASE.dll
0x00007ffd04340000 - 0x00007ffd04384000 	C:\WINDOWS\system32\cfgmgr32.dll
0x00007ffd02b00000 - 0x00007ffd02b27000 	C:\WINDOWS\SYSTEM32\DEVOBJ.dll
0x000000005e860000 - 0x000000005e86f000 	C:\Program Files\Java\jdk1.7.0_79\jre\bin\verify.dll
0x000000005de40000 - 0x000000005de68000 	C:\Program Files\Java\jdk1.7.0_79\jre\bin\java.dll
0x000000005de20000 - 0x000000005de35000 	C:\Program Files\Java\jdk1.7.0_79\jre\bin\zip.dll
0x000000005de00000 - 0x000000005de1a000 	C:\Program Files\Java\jdk1.7.0_79\jre\bin\net.dll
0x00007ffd03a00000 - 0x00007ffd03a5d000 	C:\WINDOWS\system32\mswsock.dll
0x000000005dde0000 - 0x000000005ddf1000 	C:\Program Files\Java\jdk1.7.0_79\jre\bin\nio.dll

VM Arguments:
jvm_args: -Djava.awt.headless=true -Xmx1024M -Dfile.encoding=windows-1252 -Duser.country=IT -Duser.language=it -Duser.variant 
java_command: com.android.dx.command.Main --dex --num-threads=4 --output C:\Users\admin\Desktop\android\FitUnionParse\app\build\intermediates\pre-dexed\debug\com.google.android.gms-play-services-ads-8.4.0_d6a23699af33708b2abea03ac3033c3fa136d8d3.jar C:\Users\admin\Desktop\android\FitUnionParse\app\build\intermediates\exploded-aar\com.google.android.gms\play-services-ads\8.4.0\jars\classes.jar
Launcher Type: SUN_STANDARD

Environment Variables:
PATH=C:\Program Files (x86)\NVIDIA Corporation\PhysX\Common;C:\WINDOWS\system32;C:\WINDOWS;C:\WINDOWS\System32\Wbem;C:\WINDOWS\System32\WindowsPowerShell\v1.0\;C:\Program Files (x86)\Java\jre7\bin;C:\Program Files (x86)\Skype\Phone\;c:\Program Files (x86)\Java\jdk1.7.0_79\bin;c:\Program Files\Java\jdk1.7.0_79
USERNAME=admin
OS=Windows_NT
PROCESSOR_IDENTIFIER=Intel64 Family 6 Model 30 Stepping 5, GenuineIntel



---------------  S Y S T E M  ---------------

OS: Windows 8.1 , 64 bit Build 9600 

CPU:total 8 (4 cores per cpu, 2 threads per core) family 6 model 30 stepping 5, cmov, cx8, fxsr, mmx, sse, sse2, sse3, ssse3, sse4.1, sse4.2, popcnt, ht, tsc, tscinvbit

Memory: 4k page, physical 8379256k(3029100k free), swap 8379256k(5324k free)

vm_info: Java HotSpot(TM) 64-Bit Server VM (24.79-b02) for windows-amd64 JRE (1.7.0_79-b15), built on Apr 10 2015 12:36:16 by "java_re" with unknown MS VC++:1600

time: Sun Mar 06 01:16:37 2016
elapsed time: 6 seconds

