#
# There is insufficient memory for the Java Runtime Environment to continue.
# Native memory allocation (malloc) failed to allocate 526416 bytes for Chunk::new
# Possible reasons:
#   The system is out of physical RAM or swap space
#   In 32 bit mode, the process size limit was hit
# Possible solutions:
#   Reduce memory load on the system
#   Increase physical memory or swap space
#   Check if swap backing store is full
#   Use 64 bit Java on a 64 bit OS
#   Decrease Java heap size (-Xmx/-Xms)
#   Decrease number of Java threads
#   Decrease Java thread stack sizes (-Xss)
#   Set larger code cache with -XX:ReservedCodeCacheSize=
# This output file may be truncated or incomplete.
#
#  Out of Memory Error (allocation.cpp:323), pid=3888, tid=4512
#
# JRE version: Java(TM) SE Runtime Environment (7.0_79-b15) (build 1.7.0_79-b15)
# Java VM: Java HotSpot(TM) 64-Bit Server VM (24.79-b02 mixed mode windows-amd64 compressed oops)
# Failed to write core dump. Minidumps are not enabled by default on client versions of Windows
#

---------------  T H R E A D  ---------------

Current thread (0x0000000002d38800):  JavaThread "C2 CompilerThread1" daemon [_thread_in_native, id=4512, stack(0x000000000b770000,0x000000000b870000)]

Stack: [0x000000000b770000,0x000000000b870000]
[error occurred during error reporting (printing stack bounds), id 0xc0000005]


Current CompileTask:
C2:   6523  327             com.android.dx.ssa.DeadCodeRemover::run (194 bytes)


---------------  P R O C E S S  ---------------

Java Threads: ( => current thread )
  0x000000000b384000 JavaThread "pool-1-thread-4" [_thread_blocked, id=4856, stack(0x000000000be70000,0x000000000bf70000)]
  0x000000000b34f800 JavaThread "pool-1-thread-3" [_thread_blocked, id=6000, stack(0x000000000bd70000,0x000000000be70000)]
  0x000000000b1a9800 JavaThread "pool-1-thread-2" [_thread_blocked, id=8096, stack(0x000000000bc70000,0x000000000bd70000)]
  0x000000000b1a8800 JavaThread "pool-2-thread-1" [_thread_blocked, id=2896, stack(0x000000000bb70000,0x000000000bc70000)]
  0x000000000b152000 JavaThread "pool-1-thread-1" [_thread_blocked, id=5940, stack(0x000000000ba70000,0x000000000bb70000)]
  0x0000000002d3c800 JavaThread "Service Thread" daemon [_thread_blocked, id=2056, stack(0x000000000b870000,0x000000000b970000)]
=>0x0000000002d38800 JavaThread "C2 CompilerThread1" daemon [_thread_in_native, id=4512, stack(0x000000000b770000,0x000000000b870000)]
  0x0000000002d35000 JavaThread "C2 CompilerThread0" daemon [_thread_blocked, id=1340, stack(0x000000000b670000,0x000000000b770000)]
  0x0000000002d34800 JavaThread "Attach Listener" daemon [_thread_blocked, id=7780, stack(0x000000000b570000,0x000000000b670000)]
  0x000000000b091000 JavaThread "Signal Dispatcher" daemon [_thread_blocked, id=7932, stack(0x000000000b470000,0x000000000b570000)]
  0x0000000009091000 JavaThread "Finalizer" daemon [_thread_blocked, id=4204, stack(0x000000000af70000,0x000000000b070000)]
  0x000000000908a000 JavaThread "Reference Handler" daemon [_thread_blocked, id=5812, stack(0x000000000ae70000,0x000000000af70000)]
  0x0000000002c40800 JavaThread "main" [_thread_in_Java, id=8148, stack(0x0000000002b20000,0x0000000002c20000)]

Other Threads:
  0x0000000009085800 VMThread [stack: 0x000000000ad70000,0x000000000ae70000] [id=6912]
  0x000000000b0a4800 WatcherThread [stack: 0x000000000b970000,0x000000000ba70000] [id=6964]

VM state:not at safepoint (normal execution)

VM Mutex/Monitor currently owned by a thread: None

Heap
 PSYoungGen      total 38912K, used 28912K [0x00000000eaa80000, 0x00000000ed580000, 0x0000000100000000)
  eden space 33792K, 70% used [0x00000000eaa80000,0x00000000ec1bd930,0x00000000ecb80000)
  from space 5120K, 99% used [0x00000000ecb80000,0x00000000ed07e868,0x00000000ed080000)
  to   space 5120K, 0% used [0x00000000ed080000,0x00000000ed080000,0x00000000ed580000)
 ParOldGen       total 87040K, used 819K [0x00000000c0000000, 0x00000000c5500000, 0x00000000eaa80000)
  object space 87040K, 0% used [0x00000000c0000000,0x00000000c00cccc8,0x00000000c5500000)
 PSPermGen       total 21504K, used 5862K [0x00000000bae00000, 0x00000000bc300000, 0x00000000c0000000)
  object space 21504K, 27% used [0x00000000bae00000,0x00000000bb3b9998,0x00000000bc300000)

Card table byte_map: [0x0000000005e00000,0x0000000006030000] byte_map_base: 0x0000000005829000

Polling page: 0x0000000002ab0000

Code Cache  [0x0000000002d40000, 0x0000000002fb0000, 0x0000000005d40000)
 total_blobs=565 nmethods=329 adapters=189 free_code_cache=47796Kb largest_free_block=48896448

Compilation events (10 events):
Event: 6.227 Thread 0x0000000002d38800  326             com.android.dx.util.Bits::or (24 bytes)
Event: 6.231 Thread 0x0000000002d38800 nmethod 326 0x0000000002e7c590 code [0x0000000002e7c6c0, 0x0000000002e7c7b8]
Event: 6.234 Thread 0x0000000002d38800  327             com.android.dx.ssa.DeadCodeRemover::run (194 bytes)
Event: 6.250 Thread 0x0000000002d35000 nmethod 296 0x0000000002e93450 code [0x0000000002e939c0, 0x0000000002e97b68]
Event: 6.275 Thread 0x0000000002d35000  328             com.android.dx.ssa.back.LivenessAnalyzer::coInterferePhis (128 bytes)
Event: 6.304 Thread 0x0000000002d35000 nmethod 328 0x0000000002e85610 code [0x0000000002e857e0, 0x0000000002e85f28]
Event: 6.304 Thread 0x0000000002d35000  329   !         com.android.dx.rop.cst.StdConstantPool::get (24 bytes)
Event: 6.305 Thread 0x0000000002d35000 nmethod 329 0x0000000002e7c310 code [0x0000000002e7c440, 0x0000000002e7c4d8]
Event: 6.403 Thread 0x0000000002d35000  330             com.android.dx.rop.code.ThrowingCstInsn::accept (8 bytes)
Event: 6.404 Thread 0x0000000002d35000 nmethod 330 0x0000000002e853d0 code [0x0000000002e85520, 0x0000000002e85598]

GC Heap History (2 events):
Event: 4.228 GC heap before
{Heap before GC invocations=1 (full 0):
 PSYoungGen      total 38912K, used 33792K [0x00000000eaa80000, 0x00000000ed580000, 0x0000000100000000)
  eden space 33792K, 100% used [0x00000000eaa80000,0x00000000ecb80000,0x00000000ecb80000)
  from space 5120K, 0% used [0x00000000ed080000,0x00000000ed080000,0x00000000ed580000)
  to   space 5120K, 0% used [0x00000000ecb80000,0x00000000ecb80000,0x00000000ed080000)
 ParOldGen       total 87040K, used 0K [0x00000000c0000000, 0x00000000c5500000, 0x00000000eaa80000)
  object space 87040K, 0% used [0x00000000c0000000,0x00000000c0000000,0x00000000c5500000)
 PSPermGen       total 21504K, used 5791K [0x00000000bae00000, 0x00000000bc300000, 0x00000000c0000000)
  object space 21504K, 26% used [0x00000000bae00000,0x00000000bb3a7d10,0x00000000bc300000)
Event: 4.398 GC heap after
Heap after GC invocations=1 (full 0):
 PSYoungGen      total 38912K, used 5114K [0x00000000eaa80000, 0x00000000ed580000, 0x0000000100000000)
  eden space 33792K, 0% used [0x00000000eaa80000,0x00000000eaa80000,0x00000000ecb80000)
  from space 5120K, 99% used [0x00000000ecb80000,0x00000000ed07e868,0x00000000ed080000)
  to   space 5120K, 0% used [0x00000000ed080000,0x00000000ed080000,0x00000000ed580000)
 ParOldGen       total 87040K, used 819K [0x00000000c0000000, 0x00000000c5500000, 0x00000000eaa80000)
  object space 87040K, 0% used [0x00000000c0000000,0x00000000c00cccc8,0x00000000c5500000)
 PSPermGen       total 21504K, used 5791K [0x00000000bae00000, 0x00000000bc300000, 0x00000000c0000000)
  object space 21504K, 26% used [0x00000000bae00000,0x00000000bb3a7d10,0x00000000bc300000)
}

Deoptimization events (7 events):
Event: 2.034 Thread 0x000000000b34f800 Uncommon trap: reason=null_check action=make_not_entrant pc=0x0000000002dc5c54 method=com.android.dx.rop.code.LocalItem.equals(Ljava/lang/Object;)Z @ 1
Event: 3.247 Thread 0x0000000002c40800 Uncommon trap: reason=null_check action=make_not_entrant pc=0x0000000002dd8a90 method=com.android.dx.rop.type.Type.putIntern(Lcom/android/dx/rop/type/Type;)Lcom/android/dx/rop/type/Type; @ 18
Event: 3.511 Thread 0x000000000b384000 Uncommon trap: reason=null_check action=make_not_entrant pc=0x0000000002dfa7c4 method=com.android.dx.rop.code.RegisterSpec.equals(Ljava/lang/Object;)Z @ 1
Event: 3.543 Thread 0x0000000002c40800 Uncommon trap: reason=unreached action=reinterpret pc=0x0000000002de5210 method=com.android.dx.ssa.SsaMethod.getUseListCopy()[Ljava/util/ArrayList; @ 4
Event: 4.480 Thread 0x000000000b152000 Uncommon trap: reason=null_check action=make_not_entrant pc=0x0000000002dfedf0 method=com.android.dx.ssa.SsaRenamer.getLocalForNewReg(I)Lcom/android/dx/rop/code/LocalItem; @ 19
Event: 5.713 Thread 0x000000000b152000 Uncommon trap: reason=null_check action=make_not_entrant pc=0x0000000002e6067c method=com.android.dx.cf.code.Ropper$CatchInfo.getSetup(Lcom/android/dx/rop/type/Type;)Lcom/android/dx/cf/code/Ropper$ExceptionHandlerSetup; @ 10
Event: 5.824 Thread 0x000000000b384000 Uncommon trap: reason=unreached action=reinterpret pc=0x0000000002e07c10 method=com.android.dx.ssa.SCCP.simulateBranch(Lcom/android/dx/ssa/SsaInsn;)V @ 132

Internal exceptions (10 events):
Event: 1.165 Thread 0x000000000b34f800 Threw 0x00000000eb7df620 at C:\re\jdk7u79\2331\hotspot\src\share\vm\prims\jvm.cpp:1304
Event: 2.034 Thread 0x000000000b34f800 Implicit null exception at 0x0000000002dc5902 to 0x0000000002dc5c3d
Event: 2.552 Thread 0x0000000002c40800 Threw 0x00000000ebf27d80 at C:\re\jdk7u79\2331\hotspot\src\share\vm\prims\jvm.cpp:1304
Event: 2.554 Thread 0x000000000b1a9800 Threw 0x00000000ebecfb58 at C:\re\jdk7u79\2331\hotspot\src\share\vm\prims\jvm.cpp:1304
Event: 3.247 Thread 0x0000000002c40800 Implicit null exception at 0x0000000002dd8397 to 0x0000000002dd8a85
Event: 3.511 Thread 0x000000000b384000 Implicit null exception at 0x0000000002df99b2 to 0x0000000002dfa799
Event: 4.480 Thread 0x000000000b152000 Implicit null exception at 0x0000000002dfdbd0 to 0x0000000002dfedc5
Event: 5.257 Thread 0x0000000002c40800 Threw 0x00000000eb4f4e80 at C:\re\jdk7u79\2331\hotspot\src\share\vm\prims\jvm.cpp:1304
Event: 5.713 Thread 0x000000000b152000 Implicit null exception at 0x0000000002e5e8fc to 0x0000000002e60671
Event: 5.826 Thread 0x000000000b384000 Threw 0x00000000ebca36c0 at C:\re\jdk7u79\2331\hotspot\src\share\vm\prims\jvm.cpp:1304

Events (10 events):
Event: 5.257 loading class 0x000000000b1a2060
Event: 5.257 loading class 0x000000000b1a2060 done
Event: 5.713 Thread 0x000000000b152000 Uncommon trap: trap_request=0xfffffff4 fr.pc=0x0000000002e6067c
Event: 5.713 Thread 0x000000000b152000 DEOPT PACKING pc=0x0000000002e6067c sp=0x000000000bb6f190
Event: 5.713 Thread 0x000000000b152000 DEOPT UNPACKING pc=0x0000000002d79064 sp=0x000000000bb6f0d8 mode 2
Event: 5.824 Thread 0x000000000b384000 Uncommon trap: trap_request=0xffffffad fr.pc=0x0000000002e07c10
Event: 5.824 Thread 0x000000000b384000 DEOPT PACKING pc=0x0000000002e07c10 sp=0x000000000bf6e8d0
Event: 5.824 Thread 0x000000000b384000 DEOPT UNPACKING pc=0x0000000002d79064 sp=0x000000000bf6e838 mode 2
Event: 5.826 loading class 0x000000000b368f30
Event: 5.826 loading class 0x000000000b368f30 done


Dynamic libraries:
0x00007ff692330000 - 0x00007ff692363000 	C:\Program Files\Java\jdk1.7.0_79\bin\java.exe
0x00007ffd07760000 - 0x00007ffd07921000 	C:\WINDOWS\SYSTEM32\ntdll.dll
0x00007ffd06d50000 - 0x00007ffd06dfd000 	C:\WINDOWS\system32\KERNEL32.DLL
0x00007ffd04c50000 - 0x00007ffd04e2d000 	C:\WINDOWS\system32\KERNELBASE.dll
0x00007ffd06af0000 - 0x00007ffd06b96000 	C:\WINDOWS\system32\ADVAPI32.dll
0x00007ffd05160000 - 0x00007ffd051fd000 	C:\WINDOWS\system32\msvcrt.dll
0x00007ffd04e90000 - 0x00007ffd04eeb000 	C:\WINDOWS\system32\sechost.dll
0x00007ffd06fd0000 - 0x00007ffd070f6000 	C:\WINDOWS\system32\RPCRT4.dll
0x00007ffd07530000 - 0x00007ffd0767e000 	C:\WINDOWS\system32\USER32.dll
0x00007ffd04fd0000 - 0x00007ffd05156000 	C:\WINDOWS\system32\GDI32.dll
0x00007ffd002a0000 - 0x00007ffd00514000 	C:\WINDOWS\WinSxS\amd64_microsoft.windows.common-controls_6595b64144ccf1df_6.0.10240.16384_none_f41f7b285750ef43\COMCTL32.dll
0x00007ffd074f0000 - 0x00007ffd07526000 	C:\WINDOWS\system32\IMM32.DLL
0x00007ffd07380000 - 0x00007ffd074dc000 	C:\WINDOWS\system32\MSCTF.dll
0x000000005de70000 - 0x000000005df42000 	C:\Program Files\Java\jdk1.7.0_79\jre\bin\msvcr100.dll
0x000000005df50000 - 0x000000005e725000 	C:\Program Files\Java\jdk1.7.0_79\jre\bin\server\jvm.dll
0x00007ffd074e0000 - 0x00007ffd074e8000 	C:\WINDOWS\system32\PSAPI.DLL
0x00007ffcfffd0000 - 0x00007ffcfffd9000 	C:\WINDOWS\SYSTEM32\WSOCK32.dll
0x00007ffd025e0000 - 0x00007ffd02603000 	C:\WINDOWS\SYSTEM32\WINMM.dll
0x00007ffd04ef0000 - 0x00007ffd04f59000 	C:\WINDOWS\system32\WS2_32.dll
0x00007ffd04f60000 - 0x00007ffd04f68000 	C:\WINDOWS\system32\NSI.dll
0x00007ffd024a0000 - 0x00007ffd024cc000 	C:\WINDOWS\SYSTEM32\WINMMBASE.dll
0x00007ffd04340000 - 0x00007ffd04384000 	C:\WINDOWS\system32\cfgmgr32.dll
0x00007ffd02b00000 - 0x00007ffd02b27000 	C:\WINDOWS\SYSTEM32\DEVOBJ.dll
0x000000005e860000 - 0x000000005e86f000 	C:\Program Files\Java\jdk1.7.0_79\jre\bin\verify.dll
0x000000005de40000 - 0x000000005de68000 	C:\Program Files\Java\jdk1.7.0_79\jre\bin\java.dll
0x000000005de20000 - 0x000000005de35000 	C:\Program Files\Java\jdk1.7.0_79\jre\bin\zip.dll
0x000000005de00000 - 0x000000005de1a000 	C:\Program Files\Java\jdk1.7.0_79\jre\bin\net.dll
0x00007ffd03a00000 - 0x00007ffd03a5d000 	C:\WINDOWS\system32\mswsock.dll
0x000000005dde0000 - 0x000000005ddf1000 	C:\Program Files\Java\jdk1.7.0_79\jre\bin\nio.dll

VM Arguments:
jvm_args: -Djava.awt.headless=true -Xmx1024M -Dfile.encoding=windows-1252 -Duser.country=IT -Duser.language=it -Duser.variant 
java_command: com.android.dx.command.Main --dex --num-threads=4 --output C:\Users\admin\Desktop\android\FitUnionParse\app\build\intermediates\pre-dexed\debug\com.google.android.gms-play-services-maps-8.4.0_d48c32205e645e3ea050199722295c868291259d.jar C:\Users\admin\Desktop\android\FitUnionParse\app\build\intermediates\exploded-aar\com.google.android.gms\play-services-maps\8.4.0\jars\classes.jar
Launcher Type: SUN_STANDARD

Environment Variables:
PATH=C:\Program Files (x86)\NVIDIA Corporation\PhysX\Common;C:\WINDOWS\system32;C:\WINDOWS;C:\WINDOWS\System32\Wbem;C:\WINDOWS\System32\WindowsPowerShell\v1.0\;C:\Program Files (x86)\Java\jre7\bin;C:\Program Files (x86)\Skype\Phone\;c:\Program Files (x86)\Java\jdk1.7.0_79\bin;c:\Program Files\Java\jdk1.7.0_79
USERNAME=admin
OS=Windows_NT
PROCESSOR_IDENTIFIER=Intel64 Family 6 Model 30 Stepping 5, GenuineIntel



---------------  S Y S T E M  ---------------

OS: Windows 8.1 , 64 bit Build 9600 

CPU:total 8 (4 cores per cpu, 2 threads per core) family 6 model 30 stepping 5, cmov, cx8, fxsr, mmx, sse, sse2, sse3, ssse3, sse4.1, sse4.2, popcnt, ht, tsc, tscinvbit

Memory: 4k page, physical 8379256k(3031824k free), swap 8379256k(5324k free)

vm_info: Java HotSpot(TM) 64-Bit Server VM (24.79-b02) for windows-amd64 JRE (1.7.0_79-b15), built on Apr 10 2015 12:36:16 by "java_re" with unknown MS VC++:1600

time: Sun Mar 06 01:16:37 2016
elapsed time: 6 seconds

