#
# There is insufficient memory for the Java Runtime Environment to continue.
# Native memory allocation (malloc) failed to allocate 131088 bytes for Chunk::new
# Possible reasons:
#   The system is out of physical RAM or swap space
#   In 32 bit mode, the process size limit was hit
# Possible solutions:
#   Reduce memory load on the system
#   Increase physical memory or swap space
#   Check if swap backing store is full
#   Use 64 bit Java on a 64 bit OS
#   Decrease Java heap size (-Xmx/-Xms)
#   Decrease number of Java threads
#   Decrease Java thread stack sizes (-Xss)
#   Set larger code cache with -XX:ReservedCodeCacheSize=
# This output file may be truncated or incomplete.
#
#  Out of Memory Error (allocation.cpp:323), pid=7688, tid=3112
#
# JRE version: Java(TM) SE Runtime Environment (7.0_79-b15) (build 1.7.0_79-b15)
# Java VM: Java HotSpot(TM) 64-Bit Server VM (24.79-b02 mixed mode windows-amd64 compressed oops)
# Failed to write core dump. Minidumps are not enabled by default on client versions of Windows
#

---------------  T H R E A D  ---------------

Current thread (0x000000000226c800):  JavaThread "C2 CompilerThread0" daemon [_thread_in_native, id=3112, stack(0x000000000ab90000,0x000000000ac90000)]

Stack: [0x000000000ab90000,0x000000000ac90000]
[error occurred during error reporting (printing stack bounds), id 0xc0000005]


[error occurred during error reporting (printing native stack), id 0xc0000005]


Current CompileTask:
C2:  12763  418             com.android.dx.ssa.PhiTypeResolver::run (179 bytes)


---------------  P R O C E S S  ---------------

Java Threads: ( => current thread )
  0x000000000a7f0800 JavaThread "pool-1-thread-4" [_thread_in_Java, id=3024, stack(0x000000000b390000,0x000000000b490000)]
  0x000000000a7ee800 JavaThread "pool-1-thread-3" [_thread_in_Java, id=4216, stack(0x000000000b290000,0x000000000b390000)]
  0x000000000a7ee000 JavaThread "pool-1-thread-2" [_thread_in_Java, id=5060, stack(0x000000000b190000,0x000000000b290000)]
  0x000000000a7ed000 JavaThread "pool-2-thread-1" [_thread_blocked, id=8152, stack(0x000000000b090000,0x000000000b190000)]
  0x000000000a8c8800 JavaThread "pool-1-thread-1" [_thread_in_Java, id=860, stack(0x000000000af90000,0x000000000b090000)]
  0x0000000002279000 JavaThread "Service Thread" daemon [_thread_blocked, id=3700, stack(0x000000000ad90000,0x000000000ae90000)]
  0x000000000226e800 JavaThread "C2 CompilerThread1" daemon [_thread_in_vm, id=2660, stack(0x000000000ac90000,0x000000000ad90000)]
=>0x000000000226c800 JavaThread "C2 CompilerThread0" daemon [_thread_in_native, id=3112, stack(0x000000000ab90000,0x000000000ac90000)]
  0x000000000226c000 JavaThread "Attach Listener" daemon [_thread_blocked, id=6944, stack(0x000000000aa90000,0x000000000ab90000)]
  0x000000000858a000 JavaThread "Signal Dispatcher" daemon [_thread_blocked, id=6924, stack(0x000000000a990000,0x000000000aa90000)]
  0x000000000857b000 JavaThread "Finalizer" daemon [_thread_blocked, id=5560, stack(0x000000000a490000,0x000000000a590000)]
  0x000000000857a000 JavaThread "Reference Handler" daemon [_thread_blocked, id=4088, stack(0x000000000a390000,0x000000000a490000)]
  0x0000000002180800 JavaThread "main" [_thread_in_Java, id=3608, stack(0x0000000001fe0000,0x00000000020e0000)]

Other Threads:
  0x0000000008575800 VMThread [stack: 0x000000000a290000,0x000000000a390000] [id=3896]
  0x000000000227d800 WatcherThread [stack: 0x000000000ae90000,0x000000000af90000] [id=8056]

VM state:not at safepoint (normal execution)

VM Mutex/Monitor currently owned by a thread: None

Heap
 PSYoungGen      total 38912K, used 31278K [0x00000000eaa80000, 0x00000000ef680000, 0x0000000100000000)
  eden space 33792K, 77% used [0x00000000eaa80000,0x00000000ec40d5a8,0x00000000ecb80000)
  from space 5120K, 99% used [0x00000000ecb80000,0x00000000ed07e430,0x00000000ed080000)
  to   space 5120K, 0% used [0x00000000ef180000,0x00000000ef180000,0x00000000ef680000)
 ParOldGen       total 87040K, used 11716K [0x00000000c0000000, 0x00000000c5500000, 0x00000000eaa80000)
  object space 87040K, 13% used [0x00000000c0000000,0x00000000c0b71088,0x00000000c5500000)
 PSPermGen       total 21504K, used 5945K [0x00000000bae00000, 0x00000000bc300000, 0x00000000c0000000)
  object space 21504K, 27% used [0x00000000bae00000,0x00000000bb3ce630,0x00000000bc300000)

Card table byte_map: [0x0000000005340000,0x0000000005570000] byte_map_base: 0x0000000004d69000

Polling page: 0x0000000001fa0000

Code Cache  [0x0000000002280000, 0x00000000024f0000, 0x0000000005280000)
 total_blobs=657 nmethods=421 adapters=189 free_code_cache=47336Kb largest_free_block=48443072

Compilation events (10 events):
Event: 12.396 Thread 0x000000000226c800 nmethod 414 0x0000000002438c10 code [0x0000000002438de0, 0x0000000002439420]
Event: 12.396 Thread 0x000000000226c800  418             com.android.dx.ssa.PhiTypeResolver::run (179 bytes)
Event: 12.433 Thread 0x000000000226e800 nmethod 417 0x000000000244b250 code [0x000000000244b440, 0x000000000244c1c8]
Event: 12.433 Thread 0x000000000226e800  419             com.android.dx.ssa.SsaBasicBlock::addDomChild (10 bytes)
Event: 12.438 Thread 0x000000000226e800 nmethod 419 0x000000000241f690 code [0x000000000241f800, 0x000000000241f9d8]
Event: 12.438 Thread 0x000000000226e800  420             com.android.dx.ssa.SetFactory::makeDomFrontSet (26 bytes)
Event: 12.441 Thread 0x000000000226e800 nmethod 420 0x000000000241f290 code [0x000000000241f3e0, 0x000000000241f558]
Event: 12.441 Thread 0x000000000226e800  421             com.android.dx.ssa.SsaRenamer$BlockRenamer::<init> (72 bytes)
Event: 12.452 Thread 0x000000000226e800 nmethod 421 0x0000000002433c90 code [0x0000000002433e00, 0x00000000024341d8]
Event: 12.452 Thread 0x000000000226e800  422             com.android.dx.ssa.SsaRenamer$1::visitBlock (16 bytes)

GC Heap History (6 events):
Event: 7.806 GC heap before
{Heap before GC invocations=1 (full 0):
 PSYoungGen      total 38912K, used 33792K [0x00000000eaa80000, 0x00000000ed580000, 0x0000000100000000)
  eden space 33792K, 100% used [0x00000000eaa80000,0x00000000ecb80000,0x00000000ecb80000)
  from space 5120K, 0% used [0x00000000ed080000,0x00000000ed080000,0x00000000ed580000)
  to   space 5120K, 0% used [0x00000000ecb80000,0x00000000ecb80000,0x00000000ed080000)
 ParOldGen       total 87040K, used 0K [0x00000000c0000000, 0x00000000c5500000, 0x00000000eaa80000)
  object space 87040K, 0% used [0x00000000c0000000,0x00000000c0000000,0x00000000c5500000)
 PSPermGen       total 21504K, used 5827K [0x00000000bae00000, 0x00000000bc300000, 0x00000000c0000000)
  object space 21504K, 27% used [0x00000000bae00000,0x00000000bb3b0d58,0x00000000bc300000)
Event: 7.881 GC heap after
Heap after GC invocations=1 (full 0):
 PSYoungGen      total 38912K, used 5112K [0x00000000eaa80000, 0x00000000ed580000, 0x0000000100000000)
  eden space 33792K, 0% used [0x00000000eaa80000,0x00000000eaa80000,0x00000000ecb80000)
  from space 5120K, 99% used [0x00000000ecb80000,0x00000000ed07e110,0x00000000ed080000)
  to   space 5120K, 0% used [0x00000000ed080000,0x00000000ed080000,0x00000000ed580000)
 ParOldGen       total 87040K, used 1321K [0x00000000c0000000, 0x00000000c5500000, 0x00000000eaa80000)
  object space 87040K, 1% used [0x00000000c0000000,0x00000000c014a4c8,0x00000000c5500000)
 PSPermGen       total 21504K, used 5827K [0x00000000bae00000, 0x00000000bc300000, 0x00000000c0000000)
  object space 21504K, 27% used [0x00000000bae00000,0x00000000bb3b0d58,0x00000000bc300000)
}
Event: 9.687 GC heap before
{Heap before GC invocations=2 (full 0):
 PSYoungGen      total 38912K, used 38904K [0x00000000eaa80000, 0x00000000ed580000, 0x0000000100000000)
  eden space 33792K, 100% used [0x00000000eaa80000,0x00000000ecb80000,0x00000000ecb80000)
  from space 5120K, 99% used [0x00000000ecb80000,0x00000000ed07e110,0x00000000ed080000)
  to   space 5120K, 0% used [0x00000000ed080000,0x00000000ed080000,0x00000000ed580000)
 ParOldGen       total 87040K, used 1321K [0x00000000c0000000, 0x00000000c5500000, 0x00000000eaa80000)
  object space 87040K, 1% used [0x00000000c0000000,0x00000000c014a4c8,0x00000000c5500000)
 PSPermGen       total 21504K, used 5890K [0x00000000bae00000, 0x00000000bc300000, 0x00000000c0000000)
  object space 21504K, 27% used [0x00000000bae00000,0x00000000bb3c0948,0x00000000bc300000)
Event: 9.794 GC heap after
Heap after GC invocations=2 (full 0):
 PSYoungGen      total 38912K, used 5114K [0x00000000eaa80000, 0x00000000ef680000, 0x0000000100000000)
  eden space 33792K, 0% used [0x00000000eaa80000,0x00000000eaa80000,0x00000000ecb80000)
  from space 5120K, 99% used [0x00000000ed080000,0x00000000ed57eaa8,0x00000000ed580000)
  to   space 5120K, 0% used [0x00000000ecb80000,0x00000000ecb80000,0x00000000ed080000)
 ParOldGen       total 87040K, used 6367K [0x00000000c0000000, 0x00000000c5500000, 0x00000000eaa80000)
  object space 87040K, 7% used [0x00000000c0000000,0x00000000c0637ee8,0x00000000c5500000)
 PSPermGen       total 21504K, used 5890K [0x00000000bae00000, 0x00000000bc300000, 0x00000000c0000000)
  object space 21504K, 27% used [0x00000000bae00000,0x00000000bb3c0948,0x00000000bc300000)
}
Event: 11.336 GC heap before
{Heap before GC invocations=3 (full 0):
 PSYoungGen      total 38912K, used 38906K [0x00000000eaa80000, 0x00000000ef680000, 0x0000000100000000)
  eden space 33792K, 100% used [0x00000000eaa80000,0x00000000ecb80000,0x00000000ecb80000)
  from space 5120K, 99% used [0x00000000ed080000,0x00000000ed57eaa8,0x00000000ed580000)
  to   space 5120K, 0% used [0x00000000ecb80000,0x00000000ecb80000,0x00000000ed080000)
 ParOldGen       total 87040K, used 6367K [0x00000000c0000000, 0x00000000c5500000, 0x00000000eaa80000)
  object space 87040K, 7% used [0x00000000c0000000,0x00000000c0637ee8,0x00000000c5500000)
 PSPermGen       total 21504K, used 5915K [0x00000000bae00000, 0x00000000bc300000, 0x00000000c0000000)
  object space 21504K, 27% used [0x00000000bae00000,0x00000000bb3c6d28,0x00000000bc300000)
Event: 11.429 GC heap after
Heap after GC invocations=3 (full 0):
 PSYoungGen      total 38912K, used 5113K [0x00000000eaa80000, 0x00000000ef680000, 0x0000000100000000)
  eden space 33792K, 0% used [0x00000000eaa80000,0x00000000eaa80000,0x00000000ecb80000)
  from space 5120K, 99% used [0x00000000ecb80000,0x00000000ed07e430,0x00000000ed080000)
  to   space 5120K, 0% used [0x00000000ef180000,0x00000000ef180000,0x00000000ef680000)
 ParOldGen       total 87040K, used 11716K [0x00000000c0000000, 0x00000000c5500000, 0x00000000eaa80000)
  object space 87040K, 13% used [0x00000000c0000000,0x00000000c0b71088,0x00000000c5500000)
 PSPermGen       total 21504K, used 5915K [0x00000000bae00000, 0x00000000bc300000, 0x00000000c0000000)
  object space 21504K, 27% used [0x00000000bae00000,0x00000000bb3c6d28,0x00000000bc300000)
}

Deoptimization events (10 events):
Event: 9.638 Thread 0x0000000002180800 Uncommon trap: reason=null_check action=make_not_entrant pc=0x0000000002390fe8 method=com.android.dx.rop.type.Type.putIntern(Lcom/android/dx/rop/type/Type;)Lcom/android/dx/rop/type/Type; @ 18
Event: 10.289 Thread 0x000000000a8c8800 Uncommon trap: reason=class_check action=maybe_recompile pc=0x00000000023b3adc method=com.android.dx.ssa.SCCP.simulatePhi(Lcom/android/dx/ssa/PhiInsn;)V @ 124
Event: 10.540 Thread 0x000000000a8c8800 Uncommon trap: reason=class_check action=maybe_recompile pc=0x00000000023b3adc method=com.android.dx.ssa.SCCP.simulatePhi(Lcom/android/dx/ssa/PhiInsn;)V @ 124
Event: 11.093 Thread 0x000000000a8c8800 Uncommon trap: reason=class_check action=maybe_recompile pc=0x00000000023b3adc method=com.android.dx.ssa.SCCP.simulatePhi(Lcom/android/dx/ssa/PhiInsn;)V @ 124
Event: 11.097 Thread 0x000000000a8c8800 Uncommon trap: reason=class_check action=maybe_recompile pc=0x00000000023b3adc method=com.android.dx.ssa.SCCP.simulatePhi(Lcom/android/dx/ssa/PhiInsn;)V @ 124
Event: 11.453 Thread 0x000000000a8c8800 Uncommon trap: reason=class_check action=maybe_recompile pc=0x000000000237c1f0 method=com.android.dx.ssa.SCCP.simulatePhi(Lcom/android/dx/ssa/PhiInsn;)V @ 124
Event: 11.466 Thread 0x000000000a7ee000 Uncommon trap: reason=null_check action=make_not_entrant pc=0x0000000002310650 method=com.android.dx.rop.type.Type.equals(Ljava/lang/Object;)Z @ 8
Event: 11.966 Thread 0x000000000a7ee800 Uncommon trap: reason=unreached action=reinterpret pc=0x000000000233506c method=com.android.dx.ssa.SsaConverter.placePhiFunctions(Lcom/android/dx/ssa/SsaMethod;Lcom/android/dx/ssa/LocalVariableInfo;I)V @ 327
Event: 11.966 Thread 0x000000000a7ee800 Uncommon trap: reason=unloaded action=reinterpret pc=0x000000000234649c method=com.android.dx.ssa.SsaRenamer$BlockRenamer.visitMoveInsn(Lcom/android/dx/ssa/NormalSsaInsn;)V @ 208
Event: 11.968 Thread 0x000000000a7ee800 Uncommon trap: reason=unreached action=reinterpret pc=0x00000000023e15b8 method=com.android.dx.ssa.back.FirstFitLocalCombiningAllocator$1.processInsn(Lcom/android/dx/ssa/SsaInsn;)V @ 34

Internal exceptions (10 events):
Event: 6.618 Thread 0x000000000a7f0800 Implicit null exception at 0x0000000002308583 to 0x00000000023088d5
Event: 7.064 Thread 0x0000000002180800 Threw 0x00000000ec0c8118 at C:\re\jdk7u79\2331\hotspot\src\share\vm\prims\jvm.cpp:1304
Event: 7.081 Thread 0x0000000002180800 Threw 0x00000000ec3a64f0 at C:\re\jdk7u79\2331\hotspot\src\share\vm\prims\jvm.cpp:1304
Event: 7.457 Thread 0x000000000a7f0800 Threw 0x00000000ec76b738 at C:\re\jdk7u79\2331\hotspot\src\share\vm\prims\jvm.cpp:1304
Event: 7.738 Thread 0x0000000002180800 Threw 0x00000000ec7f57d0 at C:\re\jdk7u79\2331\hotspot\src\share\vm\prims\jvm.cpp:1304
Event: 8.482 Thread 0x0000000002180800 Threw 0x00000000eb489808 at C:\re\jdk7u79\2331\hotspot\src\share\vm\prims\jvm.cpp:1304
Event: 9.638 Thread 0x0000000002180800 Implicit null exception at 0x00000000023908f7 to 0x0000000002390fd9
Event: 10.049 Thread 0x0000000002180800 Threw 0x00000000eaeb6728 at C:\re\jdk7u79\2331\hotspot\src\share\vm\prims\jvm.cpp:1304
Event: 11.450 Thread 0x0000000002180800 Threw 0x00000000eacf5e98 at C:\re\jdk7u79\2331\hotspot\src\share\vm\prims\jvm.cpp:1304
Event: 11.466 Thread 0x000000000a7ee000 Implicit null exception at 0x0000000002310552 to 0x0000000002310642

Events (10 events):
Event: 11.466 Thread 0x000000000a7ee000 DEOPT UNPACKING pc=0x00000000022b9064 sp=0x000000000b28e6f8 mode 2
Event: 11.966 Thread 0x000000000a7ee800 Uncommon trap: trap_request=0xffffffad fr.pc=0x000000000233506c
Event: 11.966 Thread 0x000000000a7ee800 DEOPT PACKING pc=0x000000000233506c sp=0x000000000b38e980
Event: 11.966 Thread 0x000000000a7ee800 DEOPT UNPACKING pc=0x00000000022b9064 sp=0x000000000b38e940 mode 2
Event: 11.966 Thread 0x000000000a7ee800 Uncommon trap: trap_request=0x00000034 fr.pc=0x000000000234649c
Event: 11.966 Thread 0x000000000a7ee800 DEOPT PACKING pc=0x000000000234649c sp=0x000000000b38e8e0
Event: 11.966 Thread 0x000000000a7ee800 DEOPT UNPACKING pc=0x00000000022b9064 sp=0x000000000b38e728 mode 2
Event: 11.968 Thread 0x000000000a7ee800 Uncommon trap: trap_request=0xffffffad fr.pc=0x00000000023e15b8
Event: 11.968 Thread 0x000000000a7ee800 DEOPT PACKING pc=0x00000000023e15b8 sp=0x000000000b38e810
Event: 11.968 Thread 0x000000000a7ee800 DEOPT UNPACKING pc=0x00000000022b9064 sp=0x000000000b38e7e0 mode 2


Dynamic libraries:
0x00007ff692330000 - 0x00007ff692363000 	C:\Program Files\Java\jdk1.7.0_79\bin\java.exe
0x00007ffd07760000 - 0x00007ffd07921000 	C:\WINDOWS\SYSTEM32\ntdll.dll
0x00007ffd06d50000 - 0x00007ffd06dfd000 	C:\WINDOWS\system32\KERNEL32.DLL
0x00007ffd04c50000 - 0x00007ffd04e2d000 	C:\WINDOWS\system32\KERNELBASE.dll
0x00007ffd06af0000 - 0x00007ffd06b96000 	C:\WINDOWS\system32\ADVAPI32.dll
0x00007ffd05160000 - 0x00007ffd051fd000 	C:\WINDOWS\system32\msvcrt.dll
0x00007ffd04e90000 - 0x00007ffd04eeb000 	C:\WINDOWS\system32\sechost.dll
0x00007ffd06fd0000 - 0x00007ffd070f6000 	C:\WINDOWS\system32\RPCRT4.dll
0x00007ffd07530000 - 0x00007ffd0767e000 	C:\WINDOWS\system32\USER32.dll
0x00007ffd04fd0000 - 0x00007ffd05156000 	C:\WINDOWS\system32\GDI32.dll
0x00007ffd002a0000 - 0x00007ffd00514000 	C:\WINDOWS\WinSxS\amd64_microsoft.windows.common-controls_6595b64144ccf1df_6.0.10240.16384_none_f41f7b285750ef43\COMCTL32.dll
0x00007ffd074f0000 - 0x00007ffd07526000 	C:\WINDOWS\system32\IMM32.DLL
0x00007ffd07380000 - 0x00007ffd074dc000 	C:\WINDOWS\system32\MSCTF.dll
0x000000005de70000 - 0x000000005df42000 	C:\Program Files\Java\jdk1.7.0_79\jre\bin\msvcr100.dll
0x000000005df50000 - 0x000000005e725000 	C:\Program Files\Java\jdk1.7.0_79\jre\bin\server\jvm.dll
0x00007ffd074e0000 - 0x00007ffd074e8000 	C:\WINDOWS\system32\PSAPI.DLL
0x00007ffd025e0000 - 0x00007ffd02603000 	C:\WINDOWS\SYSTEM32\WINMM.dll
0x00007ffcfffd0000 - 0x00007ffcfffd9000 	C:\WINDOWS\SYSTEM32\WSOCK32.dll
0x00007ffd04ef0000 - 0x00007ffd04f59000 	C:\WINDOWS\system32\WS2_32.dll
0x00007ffd024a0000 - 0x00007ffd024cc000 	C:\WINDOWS\SYSTEM32\WINMMBASE.dll
0x00007ffd04f60000 - 0x00007ffd04f68000 	C:\WINDOWS\system32\NSI.dll
0x00007ffd04340000 - 0x00007ffd04384000 	C:\WINDOWS\system32\cfgmgr32.dll
0x00007ffd02b00000 - 0x00007ffd02b27000 	C:\WINDOWS\SYSTEM32\DEVOBJ.dll
0x000000005e860000 - 0x000000005e86f000 	C:\Program Files\Java\jdk1.7.0_79\jre\bin\verify.dll
0x000000005de40000 - 0x000000005de68000 	C:\Program Files\Java\jdk1.7.0_79\jre\bin\java.dll
0x000000005de20000 - 0x000000005de35000 	C:\Program Files\Java\jdk1.7.0_79\jre\bin\zip.dll
0x000000005de00000 - 0x000000005de1a000 	C:\Program Files\Java\jdk1.7.0_79\jre\bin\net.dll
0x00007ffd03a00000 - 0x00007ffd03a5d000 	C:\WINDOWS\system32\mswsock.dll
0x000000005dde0000 - 0x000000005ddf1000 	C:\Program Files\Java\jdk1.7.0_79\jre\bin\nio.dll

VM Arguments:
jvm_args: -Djava.awt.headless=true -Xmx1024M -Dfile.encoding=windows-1252 -Duser.country=IT -Duser.language=it -Duser.variant 
java_command: com.android.dx.command.Main --dex --num-threads=4 --output C:\Users\admin\Desktop\android\FitUnionParse\app\build\intermediates\pre-dexed\debug\com.google.android.gms-play-services-wearable-8.4.0_c8e100972fbf14605b99b1d915afedf0b042e196.jar C:\Users\admin\Desktop\android\FitUnionParse\app\build\intermediates\exploded-aar\com.google.android.gms\play-services-wearable\8.4.0\jars\classes.jar
Launcher Type: SUN_STANDARD

Environment Variables:
PATH=C:\Program Files (x86)\NVIDIA Corporation\PhysX\Common;C:\WINDOWS\system32;C:\WINDOWS;C:\WINDOWS\System32\Wbem;C:\WINDOWS\System32\WindowsPowerShell\v1.0\;C:\Program Files (x86)\Java\jre7\bin;C:\Program Files (x86)\Skype\Phone\;c:\Program Files (x86)\Java\jdk1.7.0_79\bin;c:\Program Files\Java\jdk1.7.0_79
USERNAME=admin
OS=Windows_NT
PROCESSOR_IDENTIFIER=Intel64 Family 6 Model 30 Stepping 5, GenuineIntel



---------------  S Y S T E M  ---------------

OS: Windows 8.1 , 64 bit Build 9600 

CPU:total 8 (4 cores per cpu, 2 threads per core) family 6 model 30 stepping 5, cmov, cx8, fxsr, mmx, sse, sse2, sse3, ssse3, sse4.1, sse4.2, popcnt, ht, tsc, tscinvbit

Memory: 4k page, physical 8379256k(3120360k free), swap 8379256k(5152k free)

vm_info: Java HotSpot(TM) 64-Bit Server VM (24.79-b02) for windows-amd64 JRE (1.7.0_79-b15), built on Apr 10 2015 12:36:16 by "java_re" with unknown MS VC++:1600

time: Sun Mar 06 01:16:44 2016
elapsed time: 12 seconds

