#
# There is insufficient memory for the Java Runtime Environment to continue.
# Native memory allocation (malloc) failed to allocate 48976 bytes for Chunk::new
# Possible reasons:
#   The system is out of physical RAM or swap space
#   In 32 bit mode, the process size limit was hit
# Possible solutions:
#   Reduce memory load on the system
#   Increase physical memory or swap space
#   Check if swap backing store is full
#   Use 64 bit Java on a 64 bit OS
#   Decrease Java heap size (-Xmx/-Xms)
#   Decrease number of Java threads
#   Decrease Java thread stack sizes (-Xss)
#   Set larger code cache with -XX:ReservedCodeCacheSize=
# This output file may be truncated or incomplete.
#
#  Out of Memory Error (allocation.cpp:323), pid=5200, tid=7112
#
# JRE version: Java(TM) SE Runtime Environment (7.0_79-b15) (build 1.7.0_79-b15)
# Java VM: Java HotSpot(TM) 64-Bit Server VM (24.79-b02 mixed mode windows-amd64 compressed oops)
# Failed to write core dump. Minidumps are not enabled by default on client versions of Windows
#

---------------  T H R E A D  ---------------

Current thread (0x000000000298e800):  JavaThread "C2 CompilerThread1" daemon [_thread_in_native, id=7112, stack(0x000000000b3e0000,0x000000000b4e0000)]

Stack: [0x000000000b3e0000,0x000000000b4e0000]
[error occurred during error reporting (printing stack bounds), id 0xc0000005]


[error occurred during error reporting (printing native stack), id 0xc0000005]


Current CompileTask:
C2:   8560  245             com.android.dx.rop.code.LocalVariableExtractor::processBlock (327 bytes)


---------------  P R O C E S S  ---------------

Java Threads: ( => current thread )
  0x000000000ae05800 JavaThread "pool-1-thread-4" [_thread_blocked, id=6376, stack(0x000000000bae0000,0x000000000bbe0000)]
  0x000000000afe1000 JavaThread "pool-1-thread-3" [_thread_blocked, id=7884, stack(0x000000000b9e0000,0x000000000bae0000)]
  0x000000000aec0800 JavaThread "pool-1-thread-2" [_thread_in_Java, id=8036, stack(0x000000000b8e0000,0x000000000b9e0000)]
  0x000000000aec0000 JavaThread "pool-2-thread-1" [_thread_blocked, id=4316, stack(0x000000000b7e0000,0x000000000b8e0000)]
  0x000000000afe2000 JavaThread "pool-1-thread-1" [_thread_blocked, id=4668, stack(0x000000000b6e0000,0x000000000b7e0000)]
  0x0000000002999000 JavaThread "Service Thread" daemon [_thread_blocked, id=864, stack(0x000000000b4e0000,0x000000000b5e0000)]
=>0x000000000298e800 JavaThread "C2 CompilerThread1" daemon [_thread_in_native, id=7112, stack(0x000000000b3e0000,0x000000000b4e0000)]
  0x000000000298c800 JavaThread "C2 CompilerThread0" daemon [_thread_in_native, id=7084, stack(0x000000000b2e0000,0x000000000b3e0000)]
  0x000000000298c000 JavaThread "Attach Listener" daemon [_thread_blocked, id=232, stack(0x000000000b1e0000,0x000000000b2e0000)]
  0x0000000008cfa000 JavaThread "Signal Dispatcher" daemon [_thread_blocked, id=5236, stack(0x000000000b0e0000,0x000000000b1e0000)]
  0x0000000008ceb000 JavaThread "Finalizer" daemon [_thread_blocked, id=3164, stack(0x000000000abe0000,0x000000000ace0000)]
  0x0000000008cea000 JavaThread "Reference Handler" daemon [_thread_blocked, id=2216, stack(0x000000000aae0000,0x000000000abe0000)]
  0x00000000028a0800 JavaThread "main" [_thread_in_Java, id=3388, stack(0x00000000026a0000,0x00000000027a0000)]

Other Threads:
  0x0000000008ce5800 VMThread [stack: 0x000000000a9e0000,0x000000000aae0000] [id=7944]
  0x000000000299d800 WatcherThread [stack: 0x000000000b5e0000,0x000000000b6e0000] [id=6048]

VM state:not at safepoint (normal execution)

VM Mutex/Monitor currently owned by a thread: None

Heap
 PSYoungGen      total 38912K, used 18110K [0x00000000eaa80000, 0x00000000ef680000, 0x0000000100000000)
  eden space 33792K, 38% used [0x00000000eaa80000,0x00000000eb736c10,0x00000000ecb80000)
  from space 5120K, 99% used [0x00000000ecb80000,0x00000000ed078ea8,0x00000000ed080000)
  to   space 5120K, 0% used [0x00000000ef180000,0x00000000ef180000,0x00000000ef680000)
 ParOldGen       total 87040K, used 816K [0x00000000c0000000, 0x00000000c5500000, 0x00000000eaa80000)
  object space 87040K, 0% used [0x00000000c0000000,0x00000000c00cc3a8,0x00000000c5500000)
 PSPermGen       total 21504K, used 5836K [0x00000000bae00000, 0x00000000bc300000, 0x00000000c0000000)
  object space 21504K, 27% used [0x00000000bae00000,0x00000000bb3b31c0,0x00000000bc300000)

Card table byte_map: [0x0000000005a60000,0x0000000005c90000] byte_map_base: 0x0000000005489000

Polling page: 0x0000000002660000

Code Cache  [0x00000000029a0000, 0x0000000002c10000, 0x00000000059a0000)
 total_blobs=479 nmethods=243 adapters=189 free_code_cache=48200Kb largest_free_block=49315328

Compilation events (10 events):
Event: 8.431 Thread 0x000000000298e800 nmethod 234 0x0000000002a93290 code [0x0000000002a934e0, 0x0000000002a94680]
Event: 8.432 Thread 0x000000000298e800  241             com.android.dx.ssa.back.SsaToRop::convertInsns (53 bytes)
Event: 8.444 Thread 0x000000000298e800 nmethod 241 0x0000000002a74650 code [0x0000000002a747c0, 0x0000000002a74b78]
Event: 8.444 Thread 0x000000000298e800  242             com.android.dx.ssa.SsaBasicBlock::getCountPhiInsns (45 bytes)
Event: 8.450 Thread 0x000000000298e800 nmethod 242 0x0000000002a7fd10 code [0x0000000002a7fe60, 0x0000000002a80058]
Event: 8.450 Thread 0x000000000298e800  243             com.android.dx.cf.code.Frame::getStack (5 bytes)
Event: 8.451 Thread 0x000000000298e800 nmethod 243 0x0000000002a71690 code [0x0000000002a717c0, 0x0000000002a71818]
Event: 8.451 Thread 0x000000000298e800  244             com.android.dx.ssa.back.SsaToRop::removePhiFunctions (83 bytes)
Event: 8.512 Thread 0x000000000298e800 nmethod 244 0x0000000002a95b50 code [0x0000000002a95d60, 0x0000000002a96a60]
Event: 8.512 Thread 0x000000000298e800  245             com.android.dx.rop.code.LocalVariableExtractor::processBlock (327 bytes)

GC Heap History (2 events):
Event: 7.497 GC heap before
{Heap before GC invocations=1 (full 0):
 PSYoungGen      total 38912K, used 33792K [0x00000000eaa80000, 0x00000000ed580000, 0x0000000100000000)
  eden space 33792K, 100% used [0x00000000eaa80000,0x00000000ecb80000,0x00000000ecb80000)
  from space 5120K, 0% used [0x00000000ed080000,0x00000000ed080000,0x00000000ed580000)
  to   space 5120K, 0% used [0x00000000ecb80000,0x00000000ecb80000,0x00000000ed080000)
 ParOldGen       total 87040K, used 0K [0x00000000c0000000, 0x00000000c5500000, 0x00000000eaa80000)
  object space 87040K, 0% used [0x00000000c0000000,0x00000000c0000000,0x00000000c5500000)
 PSPermGen       total 21504K, used 5761K [0x00000000bae00000, 0x00000000bc300000, 0x00000000c0000000)
  object space 21504K, 26% used [0x00000000bae00000,0x00000000bb3a0488,0x00000000bc300000)
Event: 7.883 GC heap after
Heap after GC invocations=1 (full 0):
 PSYoungGen      total 38912K, used 5091K [0x00000000eaa80000, 0x00000000ef680000, 0x0000000100000000)
  eden space 33792K, 0% used [0x00000000eaa80000,0x00000000eaa80000,0x00000000ecb80000)
  from space 5120K, 99% used [0x00000000ecb80000,0x00000000ed078ea8,0x00000000ed080000)
  to   space 5120K, 0% used [0x00000000ef180000,0x00000000ef180000,0x00000000ef680000)
 ParOldGen       total 87040K, used 816K [0x00000000c0000000, 0x00000000c5500000, 0x00000000eaa80000)
  object space 87040K, 0% used [0x00000000c0000000,0x00000000c00cc3a8,0x00000000c5500000)
 PSPermGen       total 21504K, used 5761K [0x00000000bae00000, 0x00000000bc300000, 0x00000000c0000000)
  object space 21504K, 26% used [0x00000000bae00000,0x00000000bb3a0488,0x00000000bc300000)
}

Deoptimization events (4 events):
Event: 5.465 Thread 0x00000000028a0800 Uncommon trap: reason=null_check action=make_not_entrant pc=0x0000000002a2d3c4 method=com.android.dx.rop.code.LocalItem.equals(Ljava/lang/Object;)Z @ 1
Event: 6.715 Thread 0x00000000028a0800 Uncommon trap: reason=null_check action=make_not_entrant pc=0x0000000002a47edc method=com.android.dx.rop.type.Type.putIntern(Lcom/android/dx/rop/type/Type;)Lcom/android/dx/rop/type/Type; @ 18
Event: 6.807 Thread 0x000000000aec0800 Uncommon trap: reason=null_check action=make_not_entrant pc=0x0000000002a36710 method=com.android.dx.rop.type.Type.equals(Ljava/lang/Object;)Z @ 8
Event: 8.063 Thread 0x000000000ae05800 Uncommon trap: reason=null_check action=make_not_entrant pc=0x0000000002a76d50 method=com.android.dx.rop.code.RegisterSpec.equals(Ljava/lang/Object;)Z @ 1

Internal exceptions (10 events):
Event: 3.630 Thread 0x000000000afe1000 Threw 0x00000000eb74d290 at C:\re\jdk7u79\2331\hotspot\src\share\vm\prims\jvm.cpp:1304
Event: 3.691 Thread 0x000000000afe2000 Threw 0x00000000eb9f9ba8 at C:\re\jdk7u79\2331\hotspot\src\share\vm\prims\jvm.cpp:1304
Event: 4.648 Thread 0x00000000028a0800 Threw 0x00000000ebf8c188 at C:\re\jdk7u79\2331\hotspot\src\share\vm\prims\jvm.cpp:1304
Event: 5.102 Thread 0x000000000ae05800 Threw 0x00000000ebc791c8 at C:\re\jdk7u79\2331\hotspot\src\share\vm\prims\jvm.cpp:1304
Event: 5.425 Thread 0x00000000028a0800 Threw 0x00000000ec100c20 at C:\re\jdk7u79\2331\hotspot\src\share\vm\prims\jvm.cpp:1304
Event: 5.465 Thread 0x00000000028a0800 Implicit null exception at 0x0000000002a2d197 to 0x0000000002a2d3a9
Event: 5.738 Thread 0x00000000028a0800 Threw 0x00000000ec417020 at C:\re\jdk7u79\2331\hotspot\src\share\vm\prims\jvm.cpp:1304
Event: 6.715 Thread 0x00000000028a0800 Implicit null exception at 0x0000000002a477d7 to 0x0000000002a47ed1
Event: 6.807 Thread 0x000000000aec0800 Implicit null exception at 0x0000000002a36612 to 0x0000000002a36702
Event: 8.063 Thread 0x000000000ae05800 Implicit null exception at 0x0000000002a75ff1 to 0x0000000002a76d25

Events (10 events):
Event: 7.899 Executing VM operation: RevokeBias done
Event: 7.899 Executing VM operation: RevokeBias
Event: 7.899 Executing VM operation: RevokeBias done
Event: 7.899 Executing VM operation: RevokeBias
Event: 7.899 Executing VM operation: RevokeBias done
Event: 7.899 Executing VM operation: BulkRevokeBias
Event: 7.899 Executing VM operation: BulkRevokeBias done
Event: 8.063 Thread 0x000000000ae05800 Uncommon trap: trap_request=0xfffffff4 fr.pc=0x0000000002a76d50
Event: 8.063 Thread 0x000000000ae05800 DEOPT PACKING pc=0x0000000002a76d50 sp=0x000000000bbded80
Event: 8.063 Thread 0x000000000ae05800 DEOPT UNPACKING pc=0x00000000029d9064 sp=0x000000000bbdeca8 mode 2


Dynamic libraries:
0x00007ff692330000 - 0x00007ff692363000 	C:\Program Files\Java\jdk1.7.0_79\bin\java.exe
0x00007ffd07760000 - 0x00007ffd07921000 	C:\WINDOWS\SYSTEM32\ntdll.dll
0x00007ffd06d50000 - 0x00007ffd06dfd000 	C:\WINDOWS\system32\KERNEL32.DLL
0x00007ffd04c50000 - 0x00007ffd04e2d000 	C:\WINDOWS\system32\KERNELBASE.dll
0x00007ffd06af0000 - 0x00007ffd06b96000 	C:\WINDOWS\system32\ADVAPI32.dll
0x00007ffd05160000 - 0x00007ffd051fd000 	C:\WINDOWS\system32\msvcrt.dll
0x00007ffd04e90000 - 0x00007ffd04eeb000 	C:\WINDOWS\system32\sechost.dll
0x00007ffd06fd0000 - 0x00007ffd070f6000 	C:\WINDOWS\system32\RPCRT4.dll
0x00007ffd07530000 - 0x00007ffd0767e000 	C:\WINDOWS\system32\USER32.dll
0x00007ffd04fd0000 - 0x00007ffd05156000 	C:\WINDOWS\system32\GDI32.dll
0x00007ffd002a0000 - 0x00007ffd00514000 	C:\WINDOWS\WinSxS\amd64_microsoft.windows.common-controls_6595b64144ccf1df_6.0.10240.16384_none_f41f7b285750ef43\COMCTL32.dll
0x00007ffd074f0000 - 0x00007ffd07526000 	C:\WINDOWS\system32\IMM32.DLL
0x00007ffd07380000 - 0x00007ffd074dc000 	C:\WINDOWS\system32\MSCTF.dll
0x000000005de70000 - 0x000000005df42000 	C:\Program Files\Java\jdk1.7.0_79\jre\bin\msvcr100.dll
0x000000005df50000 - 0x000000005e725000 	C:\Program Files\Java\jdk1.7.0_79\jre\bin\server\jvm.dll
0x00007ffd074e0000 - 0x00007ffd074e8000 	C:\WINDOWS\system32\PSAPI.DLL
0x00007ffcfffd0000 - 0x00007ffcfffd9000 	C:\WINDOWS\SYSTEM32\WSOCK32.dll
0x00007ffd04ef0000 - 0x00007ffd04f59000 	C:\WINDOWS\system32\WS2_32.dll
0x00007ffd04f60000 - 0x00007ffd04f68000 	C:\WINDOWS\system32\NSI.dll
0x00007ffd025e0000 - 0x00007ffd02603000 	C:\WINDOWS\SYSTEM32\WINMM.dll
0x00007ffd024a0000 - 0x00007ffd024cc000 	C:\WINDOWS\SYSTEM32\WINMMBASE.dll
0x00007ffd04340000 - 0x00007ffd04384000 	C:\WINDOWS\system32\cfgmgr32.dll
0x00007ffd02b00000 - 0x00007ffd02b27000 	C:\WINDOWS\SYSTEM32\DEVOBJ.dll
0x000000005e860000 - 0x000000005e86f000 	C:\Program Files\Java\jdk1.7.0_79\jre\bin\verify.dll
0x000000005de40000 - 0x000000005de68000 	C:\Program Files\Java\jdk1.7.0_79\jre\bin\java.dll
0x000000005de20000 - 0x000000005de35000 	C:\Program Files\Java\jdk1.7.0_79\jre\bin\zip.dll
0x000000005de00000 - 0x000000005de1a000 	C:\Program Files\Java\jdk1.7.0_79\jre\bin\net.dll
0x00007ffd03a00000 - 0x00007ffd03a5d000 	C:\WINDOWS\system32\mswsock.dll
0x000000005dde0000 - 0x000000005ddf1000 	C:\Program Files\Java\jdk1.7.0_79\jre\bin\nio.dll

VM Arguments:
jvm_args: -Djava.awt.headless=true -Xmx1024M -Dfile.encoding=windows-1252 -Duser.country=IT -Duser.language=it -Duser.variant 
java_command: com.android.dx.command.Main --dex --num-threads=4 --output C:\Users\admin\Desktop\android\FitUnionParse\app\build\intermediates\pre-dexed\debug\com.google.android.gms-play-services-drive-8.4.0_e0cc13770d9a5c319d728fc55320a6298f7f2d8a.jar C:\Users\admin\Desktop\android\FitUnionParse\app\build\intermediates\exploded-aar\com.google.android.gms\play-services-drive\8.4.0\jars\classes.jar
Launcher Type: SUN_STANDARD

Environment Variables:
PATH=C:\Program Files (x86)\NVIDIA Corporation\PhysX\Common;C:\WINDOWS\system32;C:\WINDOWS;C:\WINDOWS\System32\Wbem;C:\WINDOWS\System32\WindowsPowerShell\v1.0\;C:\Program Files (x86)\Java\jre7\bin;C:\Program Files (x86)\Skype\Phone\;c:\Program Files (x86)\Java\jdk1.7.0_79\bin;c:\Program Files\Java\jdk1.7.0_79
USERNAME=admin
OS=Windows_NT
PROCESSOR_IDENTIFIER=Intel64 Family 6 Model 30 Stepping 5, GenuineIntel



---------------  S Y S T E M  ---------------

OS: Windows 8.1 , 64 bit Build 9600 

CPU:total 8 (4 cores per cpu, 2 threads per core) family 6 model 30 stepping 5, cmov, cx8, fxsr, mmx, sse, sse2, sse3, ssse3, sse4.1, sse4.2, popcnt, ht, tsc, tscinvbit

Memory: 4k page, physical 8379256k(3066444k free), swap 8379256k(5644k free)

vm_info: Java HotSpot(TM) 64-Bit Server VM (24.79-b02) for windows-amd64 JRE (1.7.0_79-b15), built on Apr 10 2015 12:36:16 by "java_re" with unknown MS VC++:1600

time: Sun Mar 06 00:32:00 2016
elapsed time: 8 seconds

