#
# There is insufficient memory for the Java Runtime Environment to continue.
# Native memory allocation (malloc) failed to allocate 513296 bytes for Chunk::new
# Possible reasons:
#   The system is out of physical RAM or swap space
#   In 32 bit mode, the process size limit was hit
# Possible solutions:
#   Reduce memory load on the system
#   Increase physical memory or swap space
#   Check if swap backing store is full
#   Use 64 bit Java on a 64 bit OS
#   Decrease Java heap size (-Xmx/-Xms)
#   Decrease number of Java threads
#   Decrease Java thread stack sizes (-Xss)
#   Set larger code cache with -XX:ReservedCodeCacheSize=
# This output file may be truncated or incomplete.
#
#  Out of Memory Error (allocation.cpp:323), pid=8004, tid=4700
#
# JRE version: Java(TM) SE Runtime Environment (7.0_79-b15) (build 1.7.0_79-b15)
# Java VM: Java HotSpot(TM) 64-Bit Server VM (24.79-b02 mixed mode windows-amd64 compressed oops)
# Failed to write core dump. Minidumps are not enabled by default on client versions of Windows
#

---------------  T H R E A D  ---------------

Current thread (0x000000000208b800):  JavaThread "C2 CompilerThread1" daemon [_thread_in_native, id=4700, stack(0x000000000aa70000,0x000000000ab70000)]

Stack: [0x000000000aa70000,0x000000000ab70000]
[error occurred during error reporting (printing stack bounds), id 0xc0000005]


[error occurred during error reporting (printing native stack), id 0xc0000005]


Current CompileTask:
C2:   5044  154             com.android.dx.ssa.SsaConverter::placePhiFunctions (394 bytes)


---------------  P R O C E S S  ---------------

Java Threads: ( => current thread )
  0x000000000a675800 JavaThread "pool-1-thread-4" [_thread_in_Java, id=4980, stack(0x000000000b170000,0x000000000b270000)]
  0x000000000a5af000 JavaThread "pool-1-thread-3" [_thread_in_Java, id=4088, stack(0x000000000b070000,0x000000000b170000)]
  0x000000000a5fc800 JavaThread "pool-1-thread-2" [_thread_in_Java, id=7672, stack(0x000000000af70000,0x000000000b070000)]
  0x000000000a5fc000 JavaThread "pool-2-thread-1" [_thread_blocked, id=1316, stack(0x000000000ae70000,0x000000000af70000)]
  0x000000000a4d4000 JavaThread "pool-1-thread-1" [_thread_in_Java, id=6364, stack(0x000000000ad70000,0x000000000ae70000)]
  0x000000000208e800 JavaThread "Service Thread" daemon [_thread_blocked, id=5384, stack(0x000000000ab70000,0x000000000ac70000)]
=>0x000000000208b800 JavaThread "C2 CompilerThread1" daemon [_thread_in_native, id=4700, stack(0x000000000aa70000,0x000000000ab70000)]
  0x000000000207d800 JavaThread "C2 CompilerThread0" daemon [_thread_in_native, id=6668, stack(0x000000000a970000,0x000000000aa70000)]
  0x000000000a391000 JavaThread "Attach Listener" daemon [_thread_blocked, id=3888, stack(0x000000000a870000,0x000000000a970000)]
  0x000000000a390800 JavaThread "Signal Dispatcher" daemon [_thread_blocked, id=7368, stack(0x000000000a770000,0x000000000a870000)]
  0x000000000838f800 JavaThread "Finalizer" daemon [_thread_blocked, id=7884, stack(0x000000000a270000,0x000000000a370000)]
  0x0000000008389000 JavaThread "Reference Handler" daemon [_thread_blocked, id=6272, stack(0x000000000a170000,0x000000000a270000)]
  0x0000000001f90800 JavaThread "main" [_thread_in_Java, id=6552, stack(0x0000000001e50000,0x0000000001f50000)]

Other Threads:
  0x0000000008384800 VMThread [stack: 0x000000000a070000,0x000000000a170000] [id=1120]
  0x000000000a39e800 WatcherThread [stack: 0x000000000ac70000,0x000000000ad70000] [id=7276]

VM state:not at safepoint (normal execution)

VM Mutex/Monitor currently owned by a thread: None

Heap
 PSYoungGen      total 38912K, used 22611K [0x00000000eaa80000, 0x00000000ed580000, 0x0000000100000000)
  eden space 33792K, 66% used [0x00000000eaa80000,0x00000000ec094d30,0x00000000ecb80000)
  from space 5120K, 0% used [0x00000000ed080000,0x00000000ed080000,0x00000000ed580000)
  to   space 5120K, 0% used [0x00000000ecb80000,0x00000000ecb80000,0x00000000ed080000)
 ParOldGen       total 87040K, used 0K [0x00000000c0000000, 0x00000000c5500000, 0x00000000eaa80000)
  object space 87040K, 0% used [0x00000000c0000000,0x00000000c0000000,0x00000000c5500000)
 PSPermGen       total 21504K, used 5751K [0x00000000bae00000, 0x00000000bc300000, 0x00000000c0000000)
  object space 21504K, 26% used [0x00000000bae00000,0x00000000bb39dc38,0x00000000bc300000)

Card table byte_map: [0x0000000005150000,0x0000000005380000] byte_map_base: 0x0000000004b79000

Polling page: 0x0000000000690000

Code Cache  [0x0000000002090000, 0x0000000002300000, 0x0000000005090000)
 total_blobs=391 nmethods=155 adapters=189 free_code_cache=48512Kb largest_free_block=49658368

Compilation events (10 events):
Event: 4.897 Thread 0x000000000207d800 nmethod 150 0x0000000002131050 code [0x0000000002131260, 0x0000000002132360]
Event: 4.904 Thread 0x000000000208b800  152             com.android.dx.rop.code.Insn::<init> (69 bytes)
Event: 4.906 Thread 0x000000000208b800 nmethod 152 0x00000000021043d0 code [0x0000000002104500, 0x00000000021045f8]
Event: 4.918 Thread 0x000000000207d800  153             com.android.dx.ssa.SsaInsn::getBlock (5 bytes)
Event: 4.918 Thread 0x000000000207d800 nmethod 153 0x000000000212aad0 code [0x000000000212ac00, 0x000000000212ac58]
Event: 4.926 Thread 0x000000000208b800  154             com.android.dx.ssa.SsaConverter::placePhiFunctions (394 bytes)
Event: 5.007 Thread 0x000000000207d800  155             com.android.dx.cf.code.Ropper::getAvailableLabel (54 bytes)
Event: 5.022 Thread 0x000000000207d800 nmethod 155 0x000000000212d790 code [0x000000000212d900, 0x000000000212dcd8]
Event: 5.029 Thread 0x000000000207d800  156             com.android.dx.rop.code.BasicBlockList$RegCountVisitor::visit (52 bytes)
Event: 5.040 Thread 0x000000000207d800 nmethod 156 0x000000000212cf10 code [0x000000000212d080, 0x000000000212d318]

GC Heap History (0 events):
No events

Deoptimization events (5 events):
Event: 3.953 Thread 0x000000000a4d4000 Uncommon trap: reason=class_check action=maybe_recompile pc=0x00000000021097f4 method=com.android.dx.ssa.NormalSsaInsn.accept(Lcom/android/dx/ssa/SsaInsn$Visitor;)V @ 9
Event: 3.953 Thread 0x000000000a4d4000 Uncommon trap: reason=class_check action=maybe_recompile pc=0x00000000021097f4 method=com.android.dx.ssa.NormalSsaInsn.accept(Lcom/android/dx/ssa/SsaInsn$Visitor;)V @ 9
Event: 3.953 Thread 0x000000000a4d4000 Uncommon trap: reason=class_check action=maybe_recompile pc=0x00000000021097f4 method=com.android.dx.ssa.NormalSsaInsn.accept(Lcom/android/dx/ssa/SsaInsn$Visitor;)V @ 9
Event: 3.954 Thread 0x000000000a4d4000 Uncommon trap: reason=class_check action=maybe_recompile pc=0x00000000021097f4 method=com.android.dx.ssa.NormalSsaInsn.accept(Lcom/android/dx/ssa/SsaInsn$Visitor;)V @ 9
Event: 4.025 Thread 0x000000000a5af000 Uncommon trap: reason=null_check action=make_not_entrant pc=0x000000000211a6f0 method=com.android.dx.rop.code.LocalItem.equals(Ljava/lang/Object;)Z @ 1

Internal exceptions (10 events):
Event: 2.800 Thread 0x000000000a4d4000 Threw 0x00000000eb6f1708 at C:\re\jdk7u79\2331\hotspot\src\share\vm\prims\jvm.cpp:1304
Event: 2.818 Thread 0x000000000a4d4000 Threw 0x00000000eb70f838 at C:\re\jdk7u79\2331\hotspot\src\share\vm\prims\jvm.cpp:1304
Event: 2.973 Thread 0x000000000a4d4000 Threw 0x00000000eb7281a0 at C:\re\jdk7u79\2331\hotspot\src\share\vm\prims\jvm.cpp:1304
Event: 2.974 Thread 0x000000000a4d4000 Threw 0x00000000eb72d9f0 at C:\re\jdk7u79\2331\hotspot\src\share\vm\prims\jvm.cpp:1304
Event: 2.975 Thread 0x000000000a4d4000 Threw 0x00000000eb732f78 at C:\re\jdk7u79\2331\hotspot\src\share\vm\prims\jvm.cpp:1304
Event: 3.375 Thread 0x000000000a4d4000 Threw 0x00000000eb8442c0 at C:\re\jdk7u79\2331\hotspot\src\share\vm\prims\jvm.cpp:1304
Event: 3.745 Thread 0x000000000a5af000 Threw 0x00000000ebaabad8 at C:\re\jdk7u79\2331\hotspot\src\share\vm\prims\jvm.cpp:1304
Event: 4.025 Thread 0x000000000a5af000 Implicit null exception at 0x0000000002119ece to 0x000000000211a6d5
Event: 4.286 Thread 0x000000000a675800 Threw 0x00000000eb9fa0f8 at C:\re\jdk7u79\2331\hotspot\src\share\vm\prims\jvm.cpp:1304
Event: 4.615 Thread 0x000000000a5af000 Threw 0x00000000ebcf93d0 at C:\re\jdk7u79\2331\hotspot\src\share\vm\prims\jvm.cpp:1304

Events (10 events):
Event: 4.288 loading class 0x00000000020100e0
Event: 4.288 loading class 0x00000000020100e0 done
Event: 4.310 Executing VM operation: EnableBiasedLocking
Event: 4.428 Executing VM operation: EnableBiasedLocking done
Event: 4.446 loading class 0x000000000a3a2030
Event: 4.447 loading class 0x000000000a3a2030 done
Event: 4.447 loading class 0x000000000a3a2000
Event: 4.447 loading class 0x000000000a3a2000 done
Event: 4.615 loading class 0x000000000a48b9d0
Event: 4.615 loading class 0x000000000a48b9d0 done


Dynamic libraries:
0x00007ff692330000 - 0x00007ff692363000 	C:\Program Files\Java\jdk1.7.0_79\bin\java.exe
0x00007ffd07760000 - 0x00007ffd07921000 	C:\WINDOWS\SYSTEM32\ntdll.dll
0x00007ffd06d50000 - 0x00007ffd06dfd000 	C:\WINDOWS\system32\KERNEL32.DLL
0x00007ffd04c50000 - 0x00007ffd04e2d000 	C:\WINDOWS\system32\KERNELBASE.dll
0x00007ffd06af0000 - 0x00007ffd06b96000 	C:\WINDOWS\system32\ADVAPI32.dll
0x00007ffd05160000 - 0x00007ffd051fd000 	C:\WINDOWS\system32\msvcrt.dll
0x00007ffd04e90000 - 0x00007ffd04eeb000 	C:\WINDOWS\system32\sechost.dll
0x00007ffd06fd0000 - 0x00007ffd070f6000 	C:\WINDOWS\system32\RPCRT4.dll
0x00007ffd07530000 - 0x00007ffd0767e000 	C:\WINDOWS\system32\USER32.dll
0x00007ffd04fd0000 - 0x00007ffd05156000 	C:\WINDOWS\system32\GDI32.dll
0x00007ffd002a0000 - 0x00007ffd00514000 	C:\WINDOWS\WinSxS\amd64_microsoft.windows.common-controls_6595b64144ccf1df_6.0.10240.16384_none_f41f7b285750ef43\COMCTL32.dll
0x00007ffd074f0000 - 0x00007ffd07526000 	C:\WINDOWS\system32\IMM32.DLL
0x00007ffd07380000 - 0x00007ffd074dc000 	C:\WINDOWS\system32\MSCTF.dll
0x000000005de70000 - 0x000000005df42000 	C:\Program Files\Java\jdk1.7.0_79\jre\bin\msvcr100.dll
0x000000005df50000 - 0x000000005e725000 	C:\Program Files\Java\jdk1.7.0_79\jre\bin\server\jvm.dll
0x00007ffd074e0000 - 0x00007ffd074e8000 	C:\WINDOWS\system32\PSAPI.DLL
0x00007ffcfffd0000 - 0x00007ffcfffd9000 	C:\WINDOWS\SYSTEM32\WSOCK32.dll
0x00007ffd04ef0000 - 0x00007ffd04f59000 	C:\WINDOWS\system32\WS2_32.dll
0x00007ffd04f60000 - 0x00007ffd04f68000 	C:\WINDOWS\system32\NSI.dll
0x00007ffd025e0000 - 0x00007ffd02603000 	C:\WINDOWS\SYSTEM32\WINMM.dll
0x00007ffd024a0000 - 0x00007ffd024cc000 	C:\WINDOWS\SYSTEM32\WINMMBASE.dll
0x00007ffd04340000 - 0x00007ffd04384000 	C:\WINDOWS\system32\cfgmgr32.dll
0x00007ffd02b00000 - 0x00007ffd02b27000 	C:\WINDOWS\SYSTEM32\DEVOBJ.dll
0x000000005e860000 - 0x000000005e86f000 	C:\Program Files\Java\jdk1.7.0_79\jre\bin\verify.dll
0x000000005de40000 - 0x000000005de68000 	C:\Program Files\Java\jdk1.7.0_79\jre\bin\java.dll
0x000000005de20000 - 0x000000005de35000 	C:\Program Files\Java\jdk1.7.0_79\jre\bin\zip.dll
0x000000005de00000 - 0x000000005de1a000 	C:\Program Files\Java\jdk1.7.0_79\jre\bin\net.dll
0x00007ffd03a00000 - 0x00007ffd03a5d000 	C:\WINDOWS\system32\mswsock.dll
0x000000005dde0000 - 0x000000005ddf1000 	C:\Program Files\Java\jdk1.7.0_79\jre\bin\nio.dll

VM Arguments:
jvm_args: -Djava.awt.headless=true -Xmx1024M -Dfile.encoding=windows-1252 -Duser.country=IT -Duser.language=it -Duser.variant 
java_command: com.android.dx.command.Main --dex --num-threads=4 --output C:\Users\admin\Desktop\android\FitUnionParse\app\build\intermediates\pre-dexed\debug\com.android.support-mediarouter-v7-23.0.0_99b0cdcd1bfcdc24d3533d00a6343c7541a5a6ce.jar C:\Users\admin\Desktop\android\FitUnionParse\app\build\intermediates\exploded-aar\com.android.support\mediarouter-v7\23.0.0\jars\classes.jar
Launcher Type: SUN_STANDARD

Environment Variables:
PATH=C:\Program Files (x86)\NVIDIA Corporation\PhysX\Common;C:\WINDOWS\system32;C:\WINDOWS;C:\WINDOWS\System32\Wbem;C:\WINDOWS\System32\WindowsPowerShell\v1.0\;C:\Program Files (x86)\Java\jre7\bin;C:\Program Files (x86)\Skype\Phone\;c:\Program Files (x86)\Java\jdk1.7.0_79\bin;c:\Program Files\Java\jdk1.7.0_79
USERNAME=admin
OS=Windows_NT
PROCESSOR_IDENTIFIER=Intel64 Family 6 Model 30 Stepping 5, GenuineIntel



---------------  S Y S T E M  ---------------

OS: Windows 8.1 , 64 bit Build 9600 

CPU:total 8 (4 cores per cpu, 2 threads per core) family 6 model 30 stepping 5, cmov, cx8, fxsr, mmx, sse, sse2, sse3, ssse3, sse4.1, sse4.2, popcnt, ht, tsc, tscinvbit

Memory: 4k page, physical 8379256k(3034756k free), swap 8379256k(5296k free)

vm_info: Java HotSpot(TM) 64-Bit Server VM (24.79-b02) for windows-amd64 JRE (1.7.0_79-b15), built on Apr 10 2015 12:36:16 by "java_re" with unknown MS VC++:1600

time: Sun Mar 06 01:15:27 2016
elapsed time: 5 seconds

