#
# There is insufficient memory for the Java Runtime Environment to continue.
# Native memory allocation (malloc) failed to allocate 131088 bytes for Chunk::new
# Possible reasons:
#   The system is out of physical RAM or swap space
#   In 32 bit mode, the process size limit was hit
# Possible solutions:
#   Reduce memory load on the system
#   Increase physical memory or swap space
#   Check if swap backing store is full
#   Use 64 bit Java on a 64 bit OS
#   Decrease Java heap size (-Xmx/-Xms)
#   Decrease number of Java threads
#   Decrease Java thread stack sizes (-Xss)
#   Set larger code cache with -XX:ReservedCodeCacheSize=
# This output file may be truncated or incomplete.
#
#  Out of Memory Error (allocation.cpp:323), pid=7472, tid=5812
#
# JRE version: Java(TM) SE Runtime Environment (7.0_79-b15) (build 1.7.0_79-b15)
# Java VM: Java HotSpot(TM) 64-Bit Server VM (24.79-b02 mixed mode windows-amd64 compressed oops)
# Failed to write core dump. Minidumps are not enabled by default on client versions of Windows
#

---------------  T H R E A D  ---------------

Current thread (0x000000000233e800):  JavaThread "C2 CompilerThread1" daemon [_thread_in_native, id=5812, stack(0x000000000ad10000,0x000000000ae10000)]

Stack: [0x000000000ad10000,0x000000000ae10000]
[error occurred during error reporting (printing stack bounds), id 0xc0000005]


[error occurred during error reporting (printing native stack), id 0xc0000005]


Current CompileTask:
C2:   7374  217             com.android.dx.ssa.SCCP::run (298 bytes)


---------------  P R O C E S S  ---------------

Java Threads: ( => current thread )
  0x000000000a861000 JavaThread "pool-1-thread-4" [_thread_blocked, id=7064, stack(0x000000000b410000,0x000000000b510000)]
  0x000000000a818800 JavaThread "pool-1-thread-3" [_thread_in_Java, id=6560, stack(0x000000000b310000,0x000000000b410000)]
  0x000000000a818000 JavaThread "pool-1-thread-2" [_thread_blocked, id=7272, stack(0x000000000b210000,0x000000000b310000)]
  0x000000000a817000 JavaThread "pool-2-thread-1" [_thread_blocked, id=6968, stack(0x000000000b110000,0x000000000b210000)]
  0x000000000a8a6000 JavaThread "pool-1-thread-1" [_thread_in_Java, id=5836, stack(0x000000000b010000,0x000000000b110000)]
  0x0000000002341000 JavaThread "Service Thread" daemon [_thread_blocked, id=7508, stack(0x000000000ae10000,0x000000000af10000)]
=>0x000000000233e800 JavaThread "C2 CompilerThread1" daemon [_thread_in_native, id=5812, stack(0x000000000ad10000,0x000000000ae10000)]
  0x000000000233d000 JavaThread "C2 CompilerThread0" daemon [_thread_in_native, id=7212, stack(0x000000000ac10000,0x000000000ad10000)]
  0x000000000233c000 JavaThread "Attach Listener" daemon [_thread_blocked, id=6820, stack(0x000000000ab10000,0x000000000ac10000)]
  0x000000000865a000 JavaThread "Signal Dispatcher" daemon [_thread_blocked, id=772, stack(0x000000000aa10000,0x000000000ab10000)]
  0x000000000864b000 JavaThread "Finalizer" daemon [_thread_in_vm, id=6176, stack(0x000000000a510000,0x000000000a610000)]
  0x000000000864a000 JavaThread "Reference Handler" daemon [_thread_blocked, id=7096, stack(0x000000000a410000,0x000000000a510000)]
  0x0000000002250800 JavaThread "main" [_thread_in_Java, id=7808, stack(0x00000000020b0000,0x00000000021b0000)]

Other Threads:
  0x0000000008645800 VMThread [stack: 0x000000000a310000,0x000000000a410000] [id=4476]
  0x000000000234d800 WatcherThread [stack: 0x000000000af10000,0x000000000b010000] [id=2352]

VM state:synchronizing (normal execution)

VM Mutex/Monitor currently owned by a thread:  ([mutex/lock_event])
[0x000000000224beb0] Safepoint_lock - owner thread: 0x0000000008645800
[0x000000000224c9b0] Threads_lock - owner thread: 0x0000000000000000

Heap
 PSYoungGen      total 38912K, used 7806K [0x00000000eaa80000, 0x00000000ed580000, 0x0000000100000000)
  eden space 33792K, 7% used [0x00000000eaa80000,0x00000000ead22588,0x00000000ecb80000)
  from space 5120K, 99% used [0x00000000ecb80000,0x00000000ed07d2f0,0x00000000ed080000)
  to   space 5120K, 0% used [0x00000000ed080000,0x00000000ed080000,0x00000000ed580000)
 ParOldGen       total 87040K, used 1536K [0x00000000c0000000, 0x00000000c5500000, 0x00000000eaa80000)
  object space 87040K, 1% used [0x00000000c0000000,0x00000000c01801b0,0x00000000c5500000)
 PSPermGen       total 21504K, used 5856K [0x00000000bae00000, 0x00000000bc300000, 0x00000000c0000000)
  object space 21504K, 27% used [0x00000000bae00000,0x00000000bb3b80e8,0x00000000bc300000)

Card table byte_map: [0x0000000005410000,0x0000000005640000] byte_map_base: 0x0000000004e39000

Polling page: 0x00000000021b0000

Code Cache  [0x0000000002350000, 0x00000000025c0000, 0x0000000005350000)
 total_blobs=459 nmethods=223 adapters=189 free_code_cache=48299Kb largest_free_block=49428672

Compilation events (10 events):
Event: 6.997 Thread 0x000000000233d000 nmethod 220 0x0000000002429d90 code [0x000000000242a000, 0x000000000242acc8]
Event: 6.997 Thread 0x000000000233d000  221             com.android.dx.rop.code.Rop::isCallLike (5 bytes)
Event: 6.998 Thread 0x000000000233d000 nmethod 221 0x000000000240d910 code [0x000000000240da40, 0x000000000240da98]
Event: 6.998 Thread 0x000000000233d000  222             com.android.dx.ssa.SsaRenamer::access$000 (5 bytes)
Event: 6.998 Thread 0x000000000233d000 nmethod 222 0x000000000241e390 code [0x000000000241e4c0, 0x000000000241e518]
Event: 6.998 Thread 0x000000000233d000  223   !         com.android.dx.util.IntList::set (53 bytes)
Event: 7.000 Thread 0x000000000233d000 nmethod 223 0x000000000241e050 code [0x000000000241e1a0, 0x000000000241e278]
Event: 7.000 Thread 0x000000000233d000  224             com.android.dx.rop.code.RegisterSpec::equals (51 bytes)
Event: 7.366 Thread 0x000000000233d000 nmethod 224 0x0000000002415b50 code [0x0000000002415ca0, 0x0000000002415f98]
Event: 7.366 Thread 0x000000000233d000  225             com.android.dx.dex.code.OutputFinisher::hasLocalInfo (75 bytes)

GC Heap History (2 events):
Event: 7.137 GC heap before
{Heap before GC invocations=1 (full 0):
 PSYoungGen      total 38912K, used 33792K [0x00000000eaa80000, 0x00000000ed580000, 0x0000000100000000)
  eden space 33792K, 100% used [0x00000000eaa80000,0x00000000ecb80000,0x00000000ecb80000)
  from space 5120K, 0% used [0x00000000ed080000,0x00000000ed080000,0x00000000ed580000)
  to   space 5120K, 0% used [0x00000000ecb80000,0x00000000ecb80000,0x00000000ed080000)
 ParOldGen       total 87040K, used 0K [0x00000000c0000000, 0x00000000c5500000, 0x00000000eaa80000)
  object space 87040K, 0% used [0x00000000c0000000,0x00000000c0000000,0x00000000c5500000)
 PSPermGen       total 21504K, used 5855K [0x00000000bae00000, 0x00000000bc300000, 0x00000000c0000000)
  object space 21504K, 27% used [0x00000000bae00000,0x00000000bb3b7e18,0x00000000bc300000)
Event: 7.366 GC heap after
Heap after GC invocations=1 (full 0):
 PSYoungGen      total 38912K, used 5108K [0x00000000eaa80000, 0x00000000ed580000, 0x0000000100000000)
  eden space 33792K, 0% used [0x00000000eaa80000,0x00000000eaa80000,0x00000000ecb80000)
  from space 5120K, 99% used [0x00000000ecb80000,0x00000000ed07d2f0,0x00000000ed080000)
  to   space 5120K, 0% used [0x00000000ed080000,0x00000000ed080000,0x00000000ed580000)
 ParOldGen       total 87040K, used 1536K [0x00000000c0000000, 0x00000000c5500000, 0x00000000eaa80000)
  object space 87040K, 1% used [0x00000000c0000000,0x00000000c01801b0,0x00000000c5500000)
 PSPermGen       total 21504K, used 5855K [0x00000000bae00000, 0x00000000bc300000, 0x00000000c0000000)
  object space 21504K, 27% used [0x00000000bae00000,0x00000000bb3b7e18,0x00000000bc300000)
}

Deoptimization events (9 events):
Event: 3.878 Thread 0x000000000a8a6000 Uncommon trap: reason=null_assert action=make_not_entrant pc=0x00000000023c3ac0 method=com.android.dx.rop.code.RegisterSpec$ForComparison.equals(Ljava/lang/Object;)Z @ 27
Event: 4.669 Thread 0x000000000a861000 Uncommon trap: reason=null_check action=make_not_entrant pc=0x00000000023cf42c method=com.android.dx.rop.code.LocalItem.equals(Ljava/lang/Object;)Z @ 1
Event: 6.390 Thread 0x000000000a8a6000 Uncommon trap: reason=class_check action=maybe_recompile pc=0x00000000023ebad0 method=com.android.dx.rop.type.Type.equals(Ljava/lang/Object;)Z @ 8
Event: 6.390 Thread 0x000000000a8a6000 Uncommon trap: reason=class_check action=maybe_recompile pc=0x00000000023ebad0 method=com.android.dx.rop.type.Type.equals(Ljava/lang/Object;)Z @ 8
Event: 6.392 Thread 0x000000000a818800 Uncommon trap: reason=class_check action=maybe_recompile pc=0x00000000023ebad0 method=com.android.dx.rop.type.Type.equals(Ljava/lang/Object;)Z @ 8
Event: 6.392 Thread 0x000000000a818800 Uncommon trap: reason=class_check action=maybe_recompile pc=0x00000000023ebad0 method=com.android.dx.rop.type.Type.equals(Ljava/lang/Object;)Z @ 8
Event: 6.415 Thread 0x000000000a861000 Uncommon trap: reason=unreached action=reinterpret pc=0x00000000023d75c4 method=com.android.dx.rop.cst.Constant.compareTo(Lcom/android/dx/rop/cst/Constant;)I @ 12
Event: 6.458 Thread 0x000000000a861000 Uncommon trap: reason=class_check action=maybe_recompile pc=0x00000000023e49a4 method=com.android.dx.rop.type.Type.equals(Ljava/lang/Object;)Z @ 8
Event: 6.947 Thread 0x0000000002250800 Uncommon trap: reason=null_check action=make_not_entrant pc=0x0000000002410620 method=com.android.dx.rop.code.RegisterSpec.equals(Ljava/lang/Object;)Z @ 1

Internal exceptions (10 events):
Event: 4.635 Thread 0x0000000002250800 Threw 0x00000000eb8edfd0 at C:\re\jdk7u79\2331\hotspot\src\share\vm\prims\jvm.cpp:1304
Event: 4.636 Thread 0x0000000002250800 Threw 0x00000000eb8f2838 at C:\re\jdk7u79\2331\hotspot\src\share\vm\prims\jvm.cpp:1304
Event: 4.669 Thread 0x000000000a861000 Implicit null exception at 0x00000000023cedbe to 0x00000000023cf419
Event: 4.710 Thread 0x0000000002250800 Threw 0x00000000eb922478 at C:\re\jdk7u79\2331\hotspot\src\share\vm\prims\jvm.cpp:1304
Event: 4.711 Thread 0x0000000002250800 Threw 0x00000000eb924928 at C:\re\jdk7u79\2331\hotspot\src\share\vm\prims\jvm.cpp:1304
Event: 5.210 Thread 0x000000000a818800 Threw 0x00000000ebc38860 at C:\re\jdk7u79\2331\hotspot\src\share\vm\prims\jvm.cpp:1304
Event: 6.290 Thread 0x0000000002250800 Threw 0x00000000ebcaf1e0 at C:\re\jdk7u79\2331\hotspot\src\share\vm\prims\jvm.cpp:1304
Event: 6.413 Thread 0x000000000a861000 Threw 0x00000000ec318ba0 at C:\re\jdk7u79\2331\hotspot\src\share\vm\prims\jvm.cpp:1304
Event: 6.455 Thread 0x000000000a861000 Threw 0x00000000ec3533d0 at C:\re\jdk7u79\2331\hotspot\src\share\vm\prims\jvm.cpp:1304
Event: 6.947 Thread 0x0000000002250800 Implicit null exception at 0x000000000240f7f6 to 0x00000000024105f5

Events (10 events):
Event: 6.458 Thread 0x000000000a861000 DEOPT UNPACKING pc=0x0000000002389064 sp=0x000000000b50e6b8 mode 2
Event: 6.459 loading class 0x00000000022cfe10
Event: 6.459 loading class 0x00000000022cfe10 done
Event: 6.459 loading class 0x00000000022cfde0
Event: 6.459 loading class 0x00000000022cfde0 done
Event: 6.947 Thread 0x0000000002250800 Uncommon trap: trap_request=0xfffffff4 fr.pc=0x0000000002410620
Event: 6.947 Thread 0x0000000002250800 DEOPT PACKING pc=0x0000000002410620 sp=0x00000000021ae1f0
Event: 6.947 Thread 0x0000000002250800 DEOPT UNPACKING pc=0x0000000002389064 sp=0x00000000021ae0f8 mode 2
Event: 7.002 Executing VM operation: ParallelGCFailedAllocation
Event: 7.366 Executing VM operation: ParallelGCFailedAllocation done


Dynamic libraries:
0x00007ff692330000 - 0x00007ff692363000 	C:\Program Files\Java\jdk1.7.0_79\bin\java.exe
0x00007ffd07760000 - 0x00007ffd07921000 	C:\WINDOWS\SYSTEM32\ntdll.dll
0x00007ffd06d50000 - 0x00007ffd06dfd000 	C:\WINDOWS\system32\KERNEL32.DLL
0x00007ffd04c50000 - 0x00007ffd04e2d000 	C:\WINDOWS\system32\KERNELBASE.dll
0x00007ffd06af0000 - 0x00007ffd06b96000 	C:\WINDOWS\system32\ADVAPI32.dll
0x00007ffd05160000 - 0x00007ffd051fd000 	C:\WINDOWS\system32\msvcrt.dll
0x00007ffd04e90000 - 0x00007ffd04eeb000 	C:\WINDOWS\system32\sechost.dll
0x00007ffd06fd0000 - 0x00007ffd070f6000 	C:\WINDOWS\system32\RPCRT4.dll
0x00007ffd07530000 - 0x00007ffd0767e000 	C:\WINDOWS\system32\USER32.dll
0x00007ffd04fd0000 - 0x00007ffd05156000 	C:\WINDOWS\system32\GDI32.dll
0x00007ffd002a0000 - 0x00007ffd00514000 	C:\WINDOWS\WinSxS\amd64_microsoft.windows.common-controls_6595b64144ccf1df_6.0.10240.16384_none_f41f7b285750ef43\COMCTL32.dll
0x00007ffd074f0000 - 0x00007ffd07526000 	C:\WINDOWS\system32\IMM32.DLL
0x00007ffd07380000 - 0x00007ffd074dc000 	C:\WINDOWS\system32\MSCTF.dll
0x000000005de70000 - 0x000000005df42000 	C:\Program Files\Java\jdk1.7.0_79\jre\bin\msvcr100.dll
0x000000005df50000 - 0x000000005e725000 	C:\Program Files\Java\jdk1.7.0_79\jre\bin\server\jvm.dll
0x00007ffd074e0000 - 0x00007ffd074e8000 	C:\WINDOWS\system32\PSAPI.DLL
0x00007ffcfffd0000 - 0x00007ffcfffd9000 	C:\WINDOWS\SYSTEM32\WSOCK32.dll
0x00007ffd04ef0000 - 0x00007ffd04f59000 	C:\WINDOWS\system32\WS2_32.dll
0x00007ffd04f60000 - 0x00007ffd04f68000 	C:\WINDOWS\system32\NSI.dll
0x00007ffd025e0000 - 0x00007ffd02603000 	C:\WINDOWS\SYSTEM32\WINMM.dll
0x00007ffd024a0000 - 0x00007ffd024cc000 	C:\WINDOWS\SYSTEM32\WINMMBASE.dll
0x00007ffd04340000 - 0x00007ffd04384000 	C:\WINDOWS\system32\cfgmgr32.dll
0x00007ffd02b00000 - 0x00007ffd02b27000 	C:\WINDOWS\SYSTEM32\DEVOBJ.dll
0x000000005e860000 - 0x000000005e86f000 	C:\Program Files\Java\jdk1.7.0_79\jre\bin\verify.dll
0x000000005de40000 - 0x000000005de68000 	C:\Program Files\Java\jdk1.7.0_79\jre\bin\java.dll
0x000000005de20000 - 0x000000005de35000 	C:\Program Files\Java\jdk1.7.0_79\jre\bin\zip.dll
0x000000005de00000 - 0x000000005de1a000 	C:\Program Files\Java\jdk1.7.0_79\jre\bin\net.dll
0x00007ffd03a00000 - 0x00007ffd03a5d000 	C:\WINDOWS\system32\mswsock.dll
0x000000005dde0000 - 0x000000005ddf1000 	C:\Program Files\Java\jdk1.7.0_79\jre\bin\nio.dll

VM Arguments:
jvm_args: -Djava.awt.headless=true -Xmx1024M -Dfile.encoding=windows-1252 -Duser.country=IT -Duser.language=it -Duser.variant 
java_command: com.android.dx.command.Main --dex --num-threads=4 --output C:\Users\admin\Desktop\android\FitUnionParse\app\build\intermediates\pre-dexed\debug\com.google.android.gms-play-services-auth-8.4.0_16ee81f51eb592e182436599ed2259626c0f24ad.jar C:\Users\admin\Desktop\android\FitUnionParse\app\build\intermediates\exploded-aar\com.google.android.gms\play-services-auth\8.4.0\jars\classes.jar
Launcher Type: SUN_STANDARD

Environment Variables:
PATH=C:\Program Files (x86)\NVIDIA Corporation\PhysX\Common;C:\WINDOWS\system32;C:\WINDOWS;C:\WINDOWS\System32\Wbem;C:\WINDOWS\System32\WindowsPowerShell\v1.0\;C:\Program Files (x86)\Java\jre7\bin;C:\Program Files (x86)\Skype\Phone\;c:\Program Files (x86)\Java\jdk1.7.0_79\bin;c:\Program Files\Java\jdk1.7.0_79
USERNAME=admin
OS=Windows_NT
PROCESSOR_IDENTIFIER=Intel64 Family 6 Model 30 Stepping 5, GenuineIntel



---------------  S Y S T E M  ---------------

OS: Windows 8.1 , 64 bit Build 9600 

CPU:total 8 (4 cores per cpu, 2 threads per core) family 6 model 30 stepping 5, cmov, cx8, fxsr, mmx, sse, sse2, sse3, ssse3, sse4.1, sse4.2, popcnt, ht, tsc, tscinvbit

Memory: 4k page, physical 8379256k(2600500k free), swap 8379256k(5240k free)

vm_info: Java HotSpot(TM) 64-Bit Server VM (24.79-b02) for windows-amd64 JRE (1.7.0_79-b15), built on Apr 10 2015 12:36:16 by "java_re" with unknown MS VC++:1600

time: Sun Mar 06 01:15:50 2016
elapsed time: 7 seconds

